{"C:\\Users\\adts-\\Desktop\\almonds\\auremont-backend\\src\\all-exceptions.filter.ts": {"path":"C:\\Users\\adts-\\Desktop\\almonds\\auremont-backend\\src\\all-exceptions.filter.ts","statementMap":{"0":{"start":{"line":1,"column":0},"end":{"line":1,"column":98}},"1":{"start":{"line":5,"column":7},"end":{"line":57,"column":null}},"2":{"start":{"line":7,"column":16},"end":{"line":7,"column":35}},"3":{"start":{"line":8,"column":21},"end":{"line":8,"column":48}},"4":{"start":{"line":9,"column":20},"end":{"line":9,"column":45}},"5":{"start":{"line":12,"column":4},"end":{"line":12,"column":65}},"6":{"start":{"line":13,"column":4},"end":{"line":13,"column":73}},"7":{"start":{"line":14,"column":4},"end":{"line":14,"column":63}},"8":{"start":{"line":15,"column":4},"end":{"line":15,"column":70}},"9":{"start":{"line":16,"column":4},"end":{"line":19,"column":5}},"10":{"start":{"line":17,"column":6},"end":{"line":17,"column":59}},"11":{"start":{"line":18,"column":6},"end":{"line":18,"column":61}},"12":{"start":{"line":20,"column":4},"end":{"line":20,"column":61}},"13":{"start":{"line":21,"column":4},"end":{"line":21,"column":65}},"14":{"start":{"line":23,"column":4},"end":{"line":43,"column":5}},"15":{"start":{"line":25,"column":21},"end":{"line":25,"column":42}},"16":{"start":{"line":26,"column":32},"end":{"line":26,"column":55}},"17":{"start":{"line":28,"column":48},"end":{"line":32,"column":8}},"18":{"start":{"line":34,"column":6},"end":{"line":40,"column":7}},"19":{"start":{"line":35,"column":8},"end":{"line":35,"column":49}},"20":{"start":{"line":36,"column":13},"end":{"line":40,"column":7}},"21":{"start":{"line":37,"column":8},"end":{"line":37,"column":55}},"22":{"start":{"line":39,"column":8},"end":{"line":39,"column":41}},"23":{"start":{"line":42,"column":6},"end":{"line":42,"column":56}},"24":{"start":{"line":46,"column":18},"end":{"line":46,"column":55}},"25":{"start":{"line":47,"column":4},"end":{"line":55,"column":7}},"26":{"start":{"line":5,"column":13},"end":{"line":5,"column":32}},"27":{"start":{"line":5,"column":13},"end":{"line":57,"column":null}}},"fnMap":{"0":{"name":"(anonymous_1)","decl":{"start":{"line":6,"column":2},"end":{"line":6,"column":7}},"loc":{"start":{"line":6,"column":47},"end":{"line":56,"column":3}}}},"branchMap":{"0":{"loc":{"start":{"line":16,"column":4},"end":{"line":19,"column":5}},"type":"if","locations":[{"start":{"line":16,"column":4},"end":{"line":19,"column":5}}]},"1":{"loc":{"start":{"line":23,"column":4},"end":{"line":43,"column":5}},"type":"if","locations":[{"start":{"line":23,"column":4},"end":{"line":43,"column":5}}]},"2":{"loc":{"start":{"line":34,"column":6},"end":{"line":40,"column":7}},"type":"if","locations":[{"start":{"line":34,"column":6},"end":{"line":40,"column":7}},{"start":{"line":36,"column":13},"end":{"line":40,"column":7}}]},"3":{"loc":{"start":{"line":36,"column":13},"end":{"line":40,"column":7}},"type":"if","locations":[{"start":{"line":36,"column":13},"end":{"line":40,"column":7}}]},"4":{"loc":{"start":{"line":36,"column":17},"end":{"line":36,"column":84}},"type":"binary-expr","locations":[{"start":{"line":36,"column":17},"end":{"line":36,"column":54}},{"start":{"line":36,"column":58},"end":{"line":36,"column":84}}]},"5":{"loc":{"start":{"line":51,"column":15},"end":{"line":53,"column":33}},"type":"cond-expr","locations":[{"start":{"line":52,"column":10},"end":{"line":52,"column":65}},{"start":{"line":53,"column":10},"end":{"line":53,"column":33}}]},"6":{"loc":{"start":{"line":54,"column":10},"end":{"line":54,"column":55}},"type":"binary-expr","locations":[{"start":{"line":54,"column":10},"end":{"line":54,"column":15}},{"start":{"line":54,"column":19},"end":{"line":54,"column":55}}]}},"s":{"0":0,"1":0,"2":0,"3":0,"4":0,"5":0,"6":0,"7":0,"8":0,"9":0,"10":0,"11":0,"12":0,"13":0,"14":0,"15":0,"16":0,"17":0,"18":0,"19":0,"20":0,"21":0,"22":0,"23":0,"24":0,"25":0,"26":0,"27":0},"f":{"0":0},"b":{"0":[0],"1":[0],"2":[0,0],"3":[0],"4":[0,0],"5":[0,0],"6":[0,0]}}
,"C:\\Users\\adts-\\Desktop\\almonds\\auremont-backend\\src\\app.module.ts": {"path":"C:\\Users\\adts-\\Desktop\\almonds\\auremont-backend\\src\\app.module.ts","statementMap":{"0":{"start":{"line":1,"column":0},"end":{"line":1,"column":40}},"1":{"start":{"line":2,"column":0},"end":{"line":2,"column":68}},"2":{"start":{"line":3,"column":0},"end":{"line":3,"column":41}},"3":{"start":{"line":4,"column":0},"end":{"line":4,"column":54}},"4":{"start":{"line":5,"column":0},"end":{"line":5,"column":51}},"5":{"start":{"line":6,"column":0},"end":{"line":6,"column":48}},"6":{"start":{"line":7,"column":0},"end":{"line":7,"column":51}},"7":{"start":{"line":8,"column":0},"end":{"line":8,"column":60}},"8":{"start":{"line":9,"column":0},"end":{"line":9,"column":48}},"9":{"start":{"line":10,"column":0},"end":{"line":10,"column":54}},"10":{"start":{"line":11,"column":0},"end":{"line":11,"column":66}},"11":{"start":{"line":12,"column":0},"end":{"line":12,"column":57}},"12":{"start":{"line":13,"column":0},"end":{"line":13,"column":60}},"13":{"start":{"line":14,"column":0},"end":{"line":14,"column":57}},"14":{"start":{"line":15,"column":0},"end":{"line":15,"column":60}},"15":{"start":{"line":16,"column":0},"end":{"line":16,"column":51}},"16":{"start":{"line":17,"column":0},"end":{"line":17,"column":55}},"17":{"start":{"line":18,"column":0},"end":{"line":18,"column":57}},"18":{"start":{"line":19,"column":0},"end":{"line":19,"column":75}},"19":{"start":{"line":20,"column":0},"end":{"line":20,"column":51}},"20":{"start":{"line":53,"column":7},"end":{"line":53,"column":null}},"21":{"start":{"line":53,"column":13},"end":{"line":53,"column":22}},"22":{"start":{"line":53,"column":13},"end":{"line":53,"column":null}}},"fnMap":{},"branchMap":{},"s":{"0":0,"1":0,"2":0,"3":0,"4":0,"5":0,"6":0,"7":0,"8":0,"9":0,"10":0,"11":0,"12":0,"13":0,"14":0,"15":0,"16":0,"17":0,"18":0,"19":0,"20":0,"21":0,"22":0},"f":{},"b":{}}
,"C:\\Users\\adts-\\Desktop\\almonds\\auremont-backend\\src\\health.controller.ts": {"path":"C:\\Users\\adts-\\Desktop\\almonds\\auremont-backend\\src\\health.controller.ts","statementMap":{"0":{"start":{"line":1,"column":0},"end":{"line":1,"column":71}},"1":{"start":{"line":4,"column":7},"end":{"line":26,"column":null}},"2":{"start":{"line":8,"column":4},"end":{"line":13,"column":6}},"3":{"start":{"line":19,"column":4},"end":{"line":24,"column":6}},"4":{"start":{"line":4,"column":13},"end":{"line":4,"column":29}},"5":{"start":{"line":7,"column":2},"end":{"line":14,"column":null}},"6":{"start":{"line":18,"column":2},"end":{"line":25,"column":null}},"7":{"start":{"line":4,"column":13},"end":{"line":26,"column":null}}},"fnMap":{"0":{"name":"(anonymous_2)","decl":{"start":{"line":7,"column":2},"end":{"line":7,"column":9}},"loc":{"start":{"line":7,"column":9},"end":{"line":14,"column":3}}},"1":{"name":"(anonymous_3)","decl":{"start":{"line":18,"column":2},"end":{"line":18,"column":11}},"loc":{"start":{"line":18,"column":11},"end":{"line":25,"column":3}}}},"branchMap":{},"s":{"0":0,"1":0,"2":0,"3":0,"4":0,"5":0,"6":0,"7":0},"f":{"0":0,"1":0},"b":{}}
,"C:\\Users\\adts-\\Desktop\\almonds\\auremont-backend\\src\\jest-globals.d.ts": {"path":"C:\\Users\\adts-\\Desktop\\almonds\\auremont-backend\\src\\jest-globals.d.ts","statementMap":{},"fnMap":{},"branchMap":{},"s":{},"f":{},"b":{}}
,"C:\\Users\\adts-\\Desktop\\almonds\\auremont-backend\\src\\main.ts": {"path":"C:\\Users\\adts-\\Desktop\\almonds\\auremont-backend\\src\\main.ts","statementMap":{"0":{"start":{"line":1,"column":0},"end":{"line":1,"column":43}},"1":{"start":{"line":2,"column":0},"end":{"line":2,"column":40}},"2":{"start":{"line":3,"column":0},"end":{"line":3,"column":41}},"3":{"start":{"line":4,"column":0},"end":{"line":4,"column":48}},"4":{"start":{"line":5,"column":0},"end":{"line":5,"column":62}},"5":{"start":{"line":8,"column":0},"end":{"line":8,"column":46}},"6":{"start":{"line":9,"column":0},"end":{"line":9,"column":43}},"7":{"start":{"line":10,"column":15},"end":{"line":10,"column":32}},"8":{"start":{"line":13,"column":14},"end":{"line":13,"column":73}},"9":{"start":{"line":16,"column":2},"end":{"line":16,"column":28}},"10":{"start":{"line":19,"column":2},"end":{"line":27,"column":6}},"11":{"start":{"line":30,"column":2},"end":{"line":47,"column":5}},"12":{"start":{"line":32,"column":6},"end":{"line":32,"column":47}},"13":{"start":{"line":32,"column":19},"end":{"line":32,"column":47}},"14":{"start":{"line":33,"column":26},"end":{"line":33,"column":50}},"15":{"start":{"line":34,"column":6},"end":{"line":42,"column":7}},"16":{"start":{"line":39,"column":8},"end":{"line":39,"column":29}},"17":{"start":{"line":41,"column":8},"end":{"line":41,"column":29}},"18":{"start":{"line":49,"column":2},"end":{"line":49,"column":26}},"19":{"start":{"line":50,"column":2},"end":{"line":50,"column":25}},"20":{"start":{"line":52,"column":2},"end":{"line":56,"column":6}},"21":{"start":{"line":58,"column":2},"end":{"line":58,"column":50}},"22":{"start":{"line":60,"column":15},"end":{"line":60,"column":39}},"23":{"start":{"line":61,"column":2},"end":{"line":61,"column":36}},"24":{"start":{"line":62,"column":2},"end":{"line":62,"column":63}},"25":{"start":{"line":64,"column":0},"end":{"line":64,"column":12}}},"fnMap":{"0":{"name":"bootstrap","decl":{"start":{"line":12,"column":15},"end":{"line":12,"column":24}},"loc":{"start":{"line":12,"column":24},"end":{"line":63,"column":1}}},"1":{"name":"(anonymous_1)","decl":{"start":{"line":31,"column":12},"end":{"line":31,"column":13}},"loc":{"start":{"line":31,"column":33},"end":{"line":43,"column":5}}}},"branchMap":{"0":{"loc":{"start":{"line":32,"column":6},"end":{"line":32,"column":47}},"type":"if","locations":[{"start":{"line":32,"column":6},"end":{"line":32,"column":47}}]},"1":{"loc":{"start":{"line":34,"column":6},"end":{"line":42,"column":7}},"type":"if","locations":[{"start":{"line":34,"column":6},"end":{"line":42,"column":7}},{"start":{"line":40,"column":13},"end":{"line":42,"column":7}}]},"2":{"loc":{"start":{"line":35,"column":8},"end":{"line":37,"column":55}},"type":"binary-expr","locations":[{"start":{"line":35,"column":8},"end":{"line":35,"column":37}},{"start":{"line":36,"column":8},"end":{"line":36,"column":36}},{"start":{"line":37,"column":9},"end":{"line":37,"column":20}},{"start":{"line":37,"column":24},"end":{"line":37,"column":54}}]},"3":{"loc":{"start":{"line":60,"column":15},"end":{"line":60,"column":39}},"type":"binary-expr","locations":[{"start":{"line":60,"column":15},"end":{"line":60,"column":31}},{"start":{"line":60,"column":35},"end":{"line":60,"column":39}}]}},"s":{"0":0,"1":0,"2":0,"3":0,"4":0,"5":0,"6":0,"7":0,"8":0,"9":0,"10":0,"11":0,"12":0,"13":0,"14":0,"15":0,"16":0,"17":0,"18":0,"19":0,"20":0,"21":0,"22":0,"23":0,"24":0,"25":0},"f":{"0":0,"1":0},"b":{"0":[0],"1":[0,0],"2":[0,0,0,0],"3":[0,0]}}
,"C:\\Users\\adts-\\Desktop\\almonds\\auremont-backend\\src\\supertest-ambient.d.ts": {"path":"C:\\Users\\adts-\\Desktop\\almonds\\auremont-backend\\src\\supertest-ambient.d.ts","statementMap":{},"fnMap":{},"branchMap":{},"s":{},"f":{},"b":{}}
,"C:\\Users\\adts-\\Desktop\\almonds\\auremont-backend\\src\\admin\\admin.module.ts": {"path":"C:\\Users\\adts-\\Desktop\\almonds\\auremont-backend\\src\\admin\\admin.module.ts","statementMap":{"0":{"start":{"line":1,"column":0},"end":{"line":1,"column":40}},"1":{"start":{"line":2,"column":0},"end":{"line":2,"column":40}},"2":{"start":{"line":3,"column":0},"end":{"line":3,"column":76}},"3":{"start":{"line":4,"column":0},"end":{"line":4,"column":70}},"4":{"start":{"line":5,"column":0},"end":{"line":5,"column":79}},"5":{"start":{"line":6,"column":0},"end":{"line":6,"column":73}},"6":{"start":{"line":8,"column":0},"end":{"line":8,"column":55}},"7":{"start":{"line":9,"column":0},"end":{"line":9,"column":59}},"8":{"start":{"line":10,"column":0},"end":{"line":10,"column":68}},"9":{"start":{"line":11,"column":0},"end":{"line":11,"column":68}},"10":{"start":{"line":12,"column":0},"end":{"line":12,"column":62}},"11":{"start":{"line":13,"column":0},"end":{"line":13,"column":71}},"12":{"start":{"line":31,"column":7},"end":{"line":31,"column":null}},"13":{"start":{"line":31,"column":13},"end":{"line":31,"column":24}},"14":{"start":{"line":31,"column":13},"end":{"line":31,"column":null}}},"fnMap":{},"branchMap":{"0":{"loc":{"start":{"line":24,"column":14},"end":{"line":24,"column":78}},"type":"binary-expr","locations":[{"start":{"line":24,"column":14},"end":{"line":24,"column":42}},{"start":{"line":24,"column":46},"end":{"line":24,"column":78}}]}},"s":{"0":0,"1":0,"2":0,"3":0,"4":0,"5":0,"6":0,"7":0,"8":0,"9":0,"10":0,"11":0,"12":0,"13":0,"14":0},"f":{},"b":{"0":[0,0]}}
,"C:\\Users\\adts-\\Desktop\\almonds\\auremont-backend\\src\\admin\\auth\\admin-auth.guard.ts": {"path":"C:\\Users\\adts-\\Desktop\\almonds\\auremont-backend\\src\\admin\\auth\\admin-auth.guard.ts","statementMap":{"0":{"start":{"line":1,"column":0},"end":{"line":1,"column":131}},"1":{"start":{"line":2,"column":0},"end":{"line":2,"column":41}},"2":{"start":{"line":3,"column":0},"end":{"line":3,"column":41}},"3":{"start":{"line":5,"column":13},"end":{"line":5,"column":39}},"4":{"start":{"line":6,"column":21},"end":{"line":6,"column":74}},"5":{"start":{"line":6,"column":45},"end":{"line":6,"column":74}},"6":{"start":{"line":6,"column":13},"end":{"line":6,"column":21}},"7":{"start":{"line":9,"column":7},"end":{"line":56,"column":null}},"8":{"start":{"line":10,"column":22},"end":{"line":10,"column":34}},"9":{"start":{"line":10,"column":54},"end":{"line":10,"column":65}},"10":{"start":{"line":13,"column":20},"end":{"line":13,"column":55}},"11":{"start":{"line":14,"column":18},"end":{"line":14,"column":54}},"12":{"start":{"line":16,"column":4},"end":{"line":18,"column":5}},"13":{"start":{"line":17,"column":6},"end":{"line":17,"column":61}},"14":{"start":{"line":20,"column":4},"end":{"line":27,"column":5}},"15":{"start":{"line":21,"column":22},"end":{"line":23,"column":8}},"16":{"start":{"line":24,"column":6},"end":{"line":24,"column":33}},"17":{"start":{"line":26,"column":6},"end":{"line":26,"column":61}},"18":{"start":{"line":30,"column":26},"end":{"line":33,"column":6}},"19":{"start":{"line":35,"column":4},"end":{"line":37,"column":5}},"20":{"start":{"line":36,"column":6},"end":{"line":36,"column":18}},"21":{"start":{"line":39,"column":21},"end":{"line":39,"column":37}},"22":{"start":{"line":40,"column":26},"end":{"line":40,"column":56}},"23":{"start":{"line":41,"column":4},"end":{"line":43,"column":5}},"24":{"start":{"line":42,"column":6},"end":{"line":42,"column":18}},"25":{"start":{"line":45,"column":4},"end":{"line":47,"column":5}},"26":{"start":{"line":46,"column":6},"end":{"line":46,"column":63}},"27":{"start":{"line":49,"column":4},"end":{"line":49,"column":16}},"28":{"start":{"line":53,"column":26},"end":{"line":53,"column":73}},"29":{"start":{"line":54,"column":4},"end":{"line":54,"column":49}},"30":{"start":{"line":9,"column":13},"end":{"line":9,"column":27}},"31":{"start":{"line":9,"column":13},"end":{"line":56,"column":null}}},"fnMap":{"0":{"name":"(anonymous_2)","decl":{"start":{"line":6,"column":21},"end":{"line":6,"column":22}},"loc":{"start":{"line":6,"column":45},"end":{"line":6,"column":74}}},"1":{"name":"(anonymous_3)","decl":{"start":{"line":10,"column":2},"end":{"line":10,"column":22}},"loc":{"start":{"line":10,"column":74},"end":{"line":10,"column":78}}},"2":{"name":"(anonymous_4)","decl":{"start":{"line":12,"column":2},"end":{"line":12,"column":7}},"loc":{"start":{"line":12,"column":45},"end":{"line":50,"column":3}}},"3":{"name":"(anonymous_5)","decl":{"start":{"line":52,"column":10},"end":{"line":52,"column":32}},"loc":{"start":{"line":52,"column":45},"end":{"line":55,"column":3}}}},"branchMap":{"0":{"loc":{"start":{"line":16,"column":4},"end":{"line":18,"column":5}},"type":"if","locations":[{"start":{"line":16,"column":4},"end":{"line":18,"column":5}}]},"1":{"loc":{"start":{"line":22,"column":16},"end":{"line":22,"column":70}},"type":"binary-expr","locations":[{"start":{"line":22,"column":16},"end":{"line":22,"column":38}},{"start":{"line":22,"column":42},"end":{"line":22,"column":70}}]},"2":{"loc":{"start":{"line":35,"column":4},"end":{"line":37,"column":5}},"type":"if","locations":[{"start":{"line":35,"column":4},"end":{"line":37,"column":5}}]},"3":{"loc":{"start":{"line":40,"column":26},"end":{"line":40,"column":56}},"type":"cond-expr","locations":[{"start":{"line":40,"column":33},"end":{"line":40,"column":51}},{"start":{"line":40,"column":54},"end":{"line":40,"column":56}}]},"4":{"loc":{"start":{"line":41,"column":4},"end":{"line":43,"column":5}},"type":"if","locations":[{"start":{"line":41,"column":4},"end":{"line":43,"column":5}}]},"5":{"loc":{"start":{"line":45,"column":4},"end":{"line":47,"column":5}},"type":"if","locations":[{"start":{"line":45,"column":4},"end":{"line":47,"column":5}}]},"6":{"loc":{"start":{"line":53,"column":26},"end":{"line":53,"column":73}},"type":"binary-expr","locations":[{"start":{"line":53,"column":26},"end":{"line":53,"column":67}},{"start":{"line":53,"column":71},"end":{"line":53,"column":73}}]},"7":{"loc":{"start":{"line":54,"column":11},"end":{"line":54,"column":48}},"type":"cond-expr","locations":[{"start":{"line":54,"column":31},"end":{"line":54,"column":36}},{"start":{"line":54,"column":39},"end":{"line":54,"column":48}}]}},"s":{"0":0,"1":0,"2":0,"3":0,"4":0,"5":0,"6":0,"7":0,"8":0,"9":0,"10":0,"11":0,"12":0,"13":0,"14":0,"15":0,"16":0,"17":0,"18":0,"19":0,"20":0,"21":0,"22":0,"23":0,"24":0,"25":0,"26":0,"27":0,"28":0,"29":0,"30":0,"31":0},"f":{"0":0,"1":0,"2":0,"3":0},"b":{"0":[0],"1":[0,0],"2":[0],"3":[0,0],"4":[0],"5":[0],"6":[0,0],"7":[0,0]}}
,"C:\\Users\\adts-\\Desktop\\almonds\\auremont-backend\\src\\admin\\customers\\customers.controller.ts": {"path":"C:\\Users\\adts-\\Desktop\\almonds\\auremont-backend\\src\\admin\\customers\\customers.controller.ts","statementMap":{"0":{"start":{"line":1,"column":0},"end":{"line":1,"column":96}},"1":{"start":{"line":2,"column":0},"end":{"line":2,"column":60}},"2":{"start":{"line":3,"column":0},"end":{"line":3,"column":65}},"3":{"start":{"line":4,"column":0},"end":{"line":4,"column":44}},"4":{"start":{"line":8,"column":7},"end":{"line":40,"column":null}},"5":{"start":{"line":9,"column":31},"end":{"line":9,"column":49}},"6":{"start":{"line":18,"column":4},"end":{"line":22,"column":6}},"7":{"start":{"line":28,"column":4},"end":{"line":28,"column":45}},"8":{"start":{"line":38,"column":4},"end":{"line":38,"column":72}},"9":{"start":{"line":8,"column":13},"end":{"line":8,"column":37}},"10":{"start":{"line":13,"column":2},"end":{"line":23,"column":null}},"11":{"start":{"line":27,"column":2},"end":{"line":29,"column":null}},"12":{"start":{"line":33,"column":2},"end":{"line":39,"column":null}},"13":{"start":{"line":8,"column":13},"end":{"line":40,"column":null}}},"fnMap":{"0":{"name":"(anonymous_4)","decl":{"start":{"line":9,"column":2},"end":{"line":9,"column":31}},"loc":{"start":{"line":9,"column":70},"end":{"line":9,"column":74}}},"1":{"name":"(anonymous_5)","decl":{"start":{"line":13,"column":2},"end":{"line":13,"column":9}},"loc":{"start":{"line":16,"column":36},"end":{"line":23,"column":3}}},"2":{"name":"(anonymous_6)","decl":{"start":{"line":27,"column":2},"end":{"line":27,"column":9}},"loc":{"start":{"line":27,"column":33},"end":{"line":29,"column":3}}},"3":{"name":"(anonymous_7)","decl":{"start":{"line":33,"column":2},"end":{"line":33,"column":14}},"loc":{"start":{"line":36,"column":23},"end":{"line":39,"column":3}}}},"branchMap":{"0":{"loc":{"start":{"line":19,"column":6},"end":{"line":19,"column":35}},"type":"cond-expr","locations":[{"start":{"line":19,"column":13},"end":{"line":19,"column":31}},{"start":{"line":19,"column":34},"end":{"line":19,"column":35}}]},"1":{"loc":{"start":{"line":20,"column":6},"end":{"line":20,"column":38}},"type":"cond-expr","locations":[{"start":{"line":20,"column":14},"end":{"line":20,"column":33}},{"start":{"line":20,"column":36},"end":{"line":20,"column":38}}]}},"s":{"0":0,"1":0,"2":0,"3":0,"4":0,"5":0,"6":0,"7":0,"8":0,"9":0,"10":0,"11":0,"12":0,"13":0},"f":{"0":0,"1":0,"2":0,"3":0},"b":{"0":[0,0],"1":[0,0]}}
,"C:\\Users\\adts-\\Desktop\\almonds\\auremont-backend\\src\\admin\\customers\\customers.module.ts": {"path":"C:\\Users\\adts-\\Desktop\\almonds\\auremont-backend\\src\\admin\\customers\\customers.module.ts","statementMap":{"0":{"start":{"line":1,"column":0},"end":{"line":1,"column":40}},"1":{"start":{"line":2,"column":0},"end":{"line":2,"column":66}},"2":{"start":{"line":3,"column":0},"end":{"line":3,"column":60}},"3":{"start":{"line":4,"column":0},"end":{"line":4,"column":58}},"4":{"start":{"line":5,"column":0},"end":{"line":5,"column":52}},"5":{"start":{"line":12,"column":7},"end":{"line":12,"column":null}},"6":{"start":{"line":12,"column":13},"end":{"line":12,"column":33}},"7":{"start":{"line":12,"column":13},"end":{"line":12,"column":null}}},"fnMap":{},"branchMap":{},"s":{"0":0,"1":0,"2":0,"3":0,"4":0,"5":0,"6":0,"7":0},"f":{},"b":{}}
,"C:\\Users\\adts-\\Desktop\\almonds\\auremont-backend\\src\\admin\\customers\\customers.service.ts": {"path":"C:\\Users\\adts-\\Desktop\\almonds\\auremont-backend\\src\\admin\\customers\\customers.service.ts","statementMap":{"0":{"start":{"line":1,"column":0},"end":{"line":1,"column":63}},"1":{"start":{"line":2,"column":0},"end":{"line":2,"column":60}},"2":{"start":{"line":6,"column":7},"end":{"line":122,"column":null}},"3":{"start":{"line":7,"column":22},"end":{"line":7,"column":30}},"4":{"start":{"line":10,"column":17},"end":{"line":10,"column":35}},"5":{"start":{"line":12,"column":23},"end":{"line":12,"column":43}},"6":{"start":{"line":13,"column":4},"end":{"line":19,"column":5}},"7":{"start":{"line":14,"column":6},"end":{"line":18,"column":8}},"8":{"start":{"line":21,"column":27},"end":{"line":34,"column":6}},"9":{"start":{"line":38,"column":17},"end":{"line":46,"column":7}},"10":{"start":{"line":38,"column":33},"end":{"line":46,"column":6}},"11":{"start":{"line":48,"column":4},"end":{"line":56,"column":6}},"12":{"start":{"line":60,"column":17},"end":{"line":72,"column":6}},"13":{"start":{"line":74,"column":4},"end":{"line":76,"column":5}},"14":{"start":{"line":75,"column":6},"end":{"line":75,"column":70}},"15":{"start":{"line":79,"column":26},"end":{"line":82,"column":6}},"16":{"start":{"line":84,"column":24},"end":{"line":84,"column":44}},"17":{"start":{"line":85,"column":26},"end":{"line":85,"column":92}},"18":{"start":{"line":85,"column":63},"end":{"line":85,"column":88}},"19":{"start":{"line":86,"column":30},"end":{"line":86,"column":79}},"20":{"start":{"line":88,"column":4},"end":{"line":95,"column":6}},"21":{"start":{"line":99,"column":17},"end":{"line":99,"column":87}},"22":{"start":{"line":100,"column":4},"end":{"line":102,"column":5}},"23":{"start":{"line":101,"column":6},"end":{"line":101,"column":70}},"24":{"start":{"line":104,"column":20},"end":{"line":107,"column":6}},"25":{"start":{"line":109,"column":4},"end":{"line":118,"column":7}},"26":{"start":{"line":120,"column":4},"end":{"line":120,"column":19}},"27":{"start":{"line":6,"column":13},"end":{"line":6,"column":34}},"28":{"start":{"line":6,"column":13},"end":{"line":122,"column":null}}},"fnMap":{"0":{"name":"(anonymous_2)","decl":{"start":{"line":7,"column":2},"end":{"line":7,"column":22}},"loc":{"start":{"line":7,"column":43},"end":{"line":7,"column":47}}},"1":{"name":"(anonymous_3)","decl":{"start":{"line":9,"column":2},"end":{"line":9,"column":7}},"loc":{"start":{"line":9,"column":69},"end":{"line":57,"column":3}}},"2":{"name":"(anonymous_4)","decl":{"start":{"line":38,"column":27},"end":{"line":38,"column":28}},"loc":{"start":{"line":38,"column":33},"end":{"line":46,"column":6}}},"3":{"name":"(anonymous_5)","decl":{"start":{"line":59,"column":2},"end":{"line":59,"column":7}},"loc":{"start":{"line":59,"column":26},"end":{"line":96,"column":3}}},"4":{"name":"(anonymous_6)","decl":{"start":{"line":85,"column":47},"end":{"line":85,"column":48}},"loc":{"start":{"line":85,"column":63},"end":{"line":85,"column":88}}},"5":{"name":"(anonymous_7)","decl":{"start":{"line":98,"column":2},"end":{"line":98,"column":7}},"loc":{"start":{"line":98,"column":68},"end":{"line":121,"column":3}}}},"branchMap":{"0":{"loc":{"start":{"line":9,"column":16},"end":{"line":9,"column":32}},"type":"default-arg","locations":[{"start":{"line":9,"column":31},"end":{"line":9,"column":32}}]},"1":{"loc":{"start":{"line":9,"column":34},"end":{"line":9,"column":52}},"type":"default-arg","locations":[{"start":{"line":9,"column":50},"end":{"line":9,"column":52}}]},"2":{"loc":{"start":{"line":13,"column":4},"end":{"line":19,"column":5}},"type":"if","locations":[{"start":{"line":13,"column":4},"end":{"line":19,"column":5}}]},"3":{"loc":{"start":{"line":74,"column":4},"end":{"line":76,"column":5}},"type":"if","locations":[{"start":{"line":74,"column":4},"end":{"line":76,"column":5}}]},"4":{"loc":{"start":{"line":86,"column":30},"end":{"line":86,"column":79}},"type":"cond-expr","locations":[{"start":{"line":86,"column":48},"end":{"line":86,"column":75}},{"start":{"line":86,"column":78},"end":{"line":86,"column":79}}]},"5":{"loc":{"start":{"line":100,"column":4},"end":{"line":102,"column":5}},"type":"if","locations":[{"start":{"line":100,"column":4},"end":{"line":102,"column":5}}]}},"s":{"0":0,"1":0,"2":0,"3":0,"4":0,"5":0,"6":0,"7":0,"8":0,"9":0,"10":0,"11":0,"12":0,"13":0,"14":0,"15":0,"16":0,"17":0,"18":0,"19":0,"20":0,"21":0,"22":0,"23":0,"24":0,"25":0,"26":0,"27":0,"28":0},"f":{"0":0,"1":0,"2":0,"3":0,"4":0,"5":0},"b":{"0":[0],"1":[0],"2":[0],"3":[0],"4":[0,0],"5":[0]}}
,"C:\\Users\\adts-\\Desktop\\almonds\\auremont-backend\\src\\admin\\dashboard\\dashboard.controller.ts": {"path":"C:\\Users\\adts-\\Desktop\\almonds\\auremont-backend\\src\\admin\\dashboard\\dashboard.controller.ts","statementMap":{"0":{"start":{"line":1,"column":0},"end":{"line":1,"column":60}},"1":{"start":{"line":2,"column":0},"end":{"line":2,"column":60}},"2":{"start":{"line":3,"column":0},"end":{"line":3,"column":65}},"3":{"start":{"line":6,"column":7},"end":{"line":15,"column":null}},"4":{"start":{"line":7,"column":31},"end":{"line":7,"column":49}},"5":{"start":{"line":13,"column":4},"end":{"line":13,"column":46}},"6":{"start":{"line":6,"column":13},"end":{"line":6,"column":37}},"7":{"start":{"line":12,"column":8},"end":{"line":14,"column":null}},"8":{"start":{"line":6,"column":13},"end":{"line":15,"column":null}}},"fnMap":{"0":{"name":"(anonymous_2)","decl":{"start":{"line":7,"column":2},"end":{"line":7,"column":31}},"loc":{"start":{"line":7,"column":70},"end":{"line":7,"column":74}}},"1":{"name":"(anonymous_3)","decl":{"start":{"line":12,"column":2},"end":{"line":12,"column":7}},"loc":{"start":{"line":12,"column":18},"end":{"line":14,"column":3}}}},"branchMap":{},"s":{"0":0,"1":0,"2":0,"3":0,"4":0,"5":0,"6":0,"7":0,"8":0},"f":{"0":0,"1":0},"b":{}}
,"C:\\Users\\adts-\\Desktop\\almonds\\auremont-backend\\src\\admin\\dashboard\\dashboard.service.ts": {"path":"C:\\Users\\adts-\\Desktop\\almonds\\auremont-backend\\src\\admin\\dashboard\\dashboard.service.ts","statementMap":{"0":{"start":{"line":1,"column":0},"end":{"line":1,"column":44}},"1":{"start":{"line":2,"column":0},"end":{"line":2,"column":60}},"2":{"start":{"line":5,"column":7},"end":{"line":50,"column":null}},"3":{"start":{"line":6,"column":22},"end":{"line":6,"column":30}},"4":{"start":{"line":9,"column":18},"end":{"line":9,"column":28}},"5":{"start":{"line":10,"column":4},"end":{"line":10,"column":31}},"6":{"start":{"line":12,"column":28},"end":{"line":12,"column":78}},"7":{"start":{"line":20,"column":8},"end":{"line":26,"column":6}},"8":{"start":{"line":29,"column":27},"end":{"line":32,"column":6}},"9":{"start":{"line":35,"column":29},"end":{"line":38,"column":6}},"10":{"start":{"line":40,"column":4},"end":{"line":48,"column":6}},"11":{"start":{"line":5,"column":13},"end":{"line":5,"column":34}},"12":{"start":{"line":5,"column":13},"end":{"line":50,"column":null}}},"fnMap":{"0":{"name":"(anonymous_2)","decl":{"start":{"line":6,"column":2},"end":{"line":6,"column":22}},"loc":{"start":{"line":6,"column":43},"end":{"line":6,"column":47}}},"1":{"name":"(anonymous_3)","decl":{"start":{"line":8,"column":2},"end":{"line":8,"column":7}},"loc":{"start":{"line":8,"column":18},"end":{"line":49,"column":3}}}},"branchMap":{"0":{"loc":{"start":{"line":41,"column":18},"end":{"line":41,"column":48}},"type":"binary-expr","locations":[{"start":{"line":41,"column":18},"end":{"line":41,"column":43}},{"start":{"line":41,"column":47},"end":{"line":41,"column":48}}]},"1":{"loc":{"start":{"line":42,"column":20},"end":{"line":42,"column":52}},"type":"binary-expr","locations":[{"start":{"line":42,"column":20},"end":{"line":42,"column":47}},{"start":{"line":42,"column":51},"end":{"line":42,"column":52}}]}},"s":{"0":0,"1":0,"2":0,"3":0,"4":0,"5":0,"6":0,"7":0,"8":0,"9":0,"10":0,"11":0,"12":0},"f":{"0":0,"1":0},"b":{"0":[0,0],"1":[0,0]}}
,"C:\\Users\\adts-\\Desktop\\almonds\\auremont-backend\\src\\admin\\inventory\\inventory.controller.ts": {"path":"C:\\Users\\adts-\\Desktop\\almonds\\auremont-backend\\src\\admin\\inventory\\inventory.controller.ts","statementMap":{"0":{"start":{"line":1,"column":0},"end":{"line":1,"column":95}},"1":{"start":{"line":2,"column":0},"end":{"line":2,"column":60}},"2":{"start":{"line":3,"column":0},"end":{"line":3,"column":65}},"3":{"start":{"line":7,"column":7},"end":{"line":40,"column":null}},"4":{"start":{"line":8,"column":31},"end":{"line":8,"column":49}},"5":{"start":{"line":17,"column":4},"end":{"line":21,"column":6}},"6":{"start":{"line":27,"column":4},"end":{"line":27,"column":45}},"7":{"start":{"line":38,"column":4},"end":{"line":38,"column":82}},"8":{"start":{"line":7,"column":13},"end":{"line":7,"column":37}},"9":{"start":{"line":12,"column":2},"end":{"line":22,"column":null}},"10":{"start":{"line":26,"column":2},"end":{"line":28,"column":null}},"11":{"start":{"line":32,"column":2},"end":{"line":39,"column":null}},"12":{"start":{"line":7,"column":13},"end":{"line":40,"column":null}}},"fnMap":{"0":{"name":"(anonymous_4)","decl":{"start":{"line":8,"column":2},"end":{"line":8,"column":31}},"loc":{"start":{"line":8,"column":70},"end":{"line":8,"column":74}}},"1":{"name":"(anonymous_5)","decl":{"start":{"line":12,"column":2},"end":{"line":12,"column":9}},"loc":{"start":{"line":15,"column":36},"end":{"line":22,"column":3}}},"2":{"name":"(anonymous_6)","decl":{"start":{"line":26,"column":2},"end":{"line":26,"column":9}},"loc":{"start":{"line":26,"column":33},"end":{"line":28,"column":3}}},"3":{"name":"(anonymous_7)","decl":{"start":{"line":32,"column":2},"end":{"line":32,"column":13}},"loc":{"start":{"line":36,"column":23},"end":{"line":39,"column":3}}}},"branchMap":{"0":{"loc":{"start":{"line":18,"column":6},"end":{"line":18,"column":35}},"type":"cond-expr","locations":[{"start":{"line":18,"column":13},"end":{"line":18,"column":31}},{"start":{"line":18,"column":34},"end":{"line":18,"column":35}}]},"1":{"loc":{"start":{"line":19,"column":6},"end":{"line":19,"column":38}},"type":"cond-expr","locations":[{"start":{"line":19,"column":14},"end":{"line":19,"column":33}},{"start":{"line":19,"column":36},"end":{"line":19,"column":38}}]}},"s":{"0":0,"1":0,"2":0,"3":0,"4":0,"5":0,"6":0,"7":0,"8":0,"9":0,"10":0,"11":0,"12":0},"f":{"0":0,"1":0,"2":0,"3":0},"b":{"0":[0,0],"1":[0,0]}}
,"C:\\Users\\adts-\\Desktop\\almonds\\auremont-backend\\src\\admin\\inventory\\inventory.module.ts": {"path":"C:\\Users\\adts-\\Desktop\\almonds\\auremont-backend\\src\\admin\\inventory\\inventory.module.ts","statementMap":{"0":{"start":{"line":1,"column":0},"end":{"line":1,"column":40}},"1":{"start":{"line":2,"column":0},"end":{"line":2,"column":66}},"2":{"start":{"line":3,"column":0},"end":{"line":3,"column":60}},"3":{"start":{"line":4,"column":0},"end":{"line":4,"column":58}},"4":{"start":{"line":5,"column":0},"end":{"line":5,"column":52}},"5":{"start":{"line":12,"column":7},"end":{"line":12,"column":null}},"6":{"start":{"line":12,"column":13},"end":{"line":12,"column":33}},"7":{"start":{"line":12,"column":13},"end":{"line":12,"column":null}}},"fnMap":{},"branchMap":{},"s":{"0":0,"1":0,"2":0,"3":0,"4":0,"5":0,"6":0,"7":0},"f":{},"b":{}}
,"C:\\Users\\adts-\\Desktop\\almonds\\auremont-backend\\src\\admin\\inventory\\inventory.service.ts": {"path":"C:\\Users\\adts-\\Desktop\\almonds\\auremont-backend\\src\\admin\\inventory\\inventory.service.ts","statementMap":{"0":{"start":{"line":1,"column":0},"end":{"line":1,"column":63}},"1":{"start":{"line":2,"column":0},"end":{"line":2,"column":60}},"2":{"start":{"line":5,"column":7},"end":{"line":84,"column":null}},"3":{"start":{"line":6,"column":22},"end":{"line":6,"column":30}},"4":{"start":{"line":9,"column":17},"end":{"line":9,"column":35}},"5":{"start":{"line":11,"column":23},"end":{"line":11,"column":25}},"6":{"start":{"line":12,"column":4},"end":{"line":17,"column":5}},"7":{"start":{"line":13,"column":6},"end":{"line":16,"column":8}},"8":{"start":{"line":19,"column":30},"end":{"line":35,"column":6}},"9":{"start":{"line":37,"column":4},"end":{"line":45,"column":6}},"10":{"start":{"line":49,"column":20},"end":{"line":49,"column":86}},"11":{"start":{"line":50,"column":4},"end":{"line":50,"column":67}},"12":{"start":{"line":50,"column":18},"end":{"line":50,"column":67}},"13":{"start":{"line":52,"column":17},"end":{"line":55,"column":6}},"14":{"start":{"line":57,"column":4},"end":{"line":57,"column":29}},"15":{"start":{"line":61,"column":20},"end":{"line":61,"column":86}},"16":{"start":{"line":62,"column":4},"end":{"line":62,"column":67}},"17":{"start":{"line":62,"column":18},"end":{"line":62,"column":67}},"18":{"start":{"line":64,"column":27},"end":{"line":80,"column":6}},"19":{"start":{"line":66,"column":6},"end":{"line":73,"column":9}},"20":{"start":{"line":76,"column":6},"end":{"line":79,"column":9}},"21":{"start":{"line":82,"column":4},"end":{"line":82,"column":26}},"22":{"start":{"line":5,"column":13},"end":{"line":5,"column":34}},"23":{"start":{"line":5,"column":13},"end":{"line":84,"column":null}}},"fnMap":{"0":{"name":"(anonymous_2)","decl":{"start":{"line":6,"column":2},"end":{"line":6,"column":22}},"loc":{"start":{"line":6,"column":43},"end":{"line":6,"column":47}}},"1":{"name":"(anonymous_3)","decl":{"start":{"line":8,"column":2},"end":{"line":8,"column":7}},"loc":{"start":{"line":8,"column":69},"end":{"line":46,"column":3}}},"2":{"name":"(anonymous_4)","decl":{"start":{"line":48,"column":2},"end":{"line":48,"column":7}},"loc":{"start":{"line":48,"column":33},"end":{"line":58,"column":3}}},"3":{"name":"(anonymous_5)","decl":{"start":{"line":60,"column":2},"end":{"line":60,"column":7}},"loc":{"start":{"line":60,"column":89},"end":{"line":83,"column":3}}},"4":{"name":"(anonymous_6)","decl":{"start":{"line":64,"column":58},"end":{"line":64,"column":63}},"loc":{"start":{"line":64,"column":71},"end":{"line":80,"column":5}}}},"branchMap":{"0":{"loc":{"start":{"line":8,"column":16},"end":{"line":8,"column":32}},"type":"default-arg","locations":[{"start":{"line":8,"column":31},"end":{"line":8,"column":32}}]},"1":{"loc":{"start":{"line":8,"column":34},"end":{"line":8,"column":52}},"type":"default-arg","locations":[{"start":{"line":8,"column":50},"end":{"line":8,"column":52}}]},"2":{"loc":{"start":{"line":12,"column":4},"end":{"line":17,"column":5}},"type":"if","locations":[{"start":{"line":12,"column":4},"end":{"line":17,"column":5}}]},"3":{"loc":{"start":{"line":50,"column":4},"end":{"line":50,"column":67}},"type":"if","locations":[{"start":{"line":50,"column":4},"end":{"line":50,"column":67}}]},"4":{"loc":{"start":{"line":62,"column":4},"end":{"line":62,"column":67}},"type":"if","locations":[{"start":{"line":62,"column":4},"end":{"line":62,"column":67}}]}},"s":{"0":0,"1":0,"2":0,"3":0,"4":0,"5":0,"6":0,"7":0,"8":0,"9":0,"10":0,"11":0,"12":0,"13":0,"14":0,"15":0,"16":0,"17":0,"18":0,"19":0,"20":0,"21":0,"22":0,"23":0},"f":{"0":0,"1":0,"2":0,"3":0,"4":0},"b":{"0":[0],"1":[0],"2":[0],"3":[0],"4":[0]}}
,"C:\\Users\\adts-\\Desktop\\almonds\\auremont-backend\\src\\admin\\operations\\operations.controller.ts": {"path":"C:\\Users\\adts-\\Desktop\\almonds\\auremont-backend\\src\\admin\\operations\\operations.controller.ts","statementMap":{"0":{"start":{"line":1,"column":0},"end":{"line":1,"column":95}},"1":{"start":{"line":2,"column":0},"end":{"line":2,"column":62}},"2":{"start":{"line":3,"column":0},"end":{"line":3,"column":65}},"3":{"start":{"line":7,"column":7},"end":{"line":33,"column":null}},"4":{"start":{"line":8,"column":31},"end":{"line":8,"column":50}},"5":{"start":{"line":13,"column":4},"end":{"line":13,"column":47}},"6":{"start":{"line":19,"column":4},"end":{"line":19,"column":53}},"7":{"start":{"line":28,"column":4},"end":{"line":31,"column":6}},"8":{"start":{"line":7,"column":13},"end":{"line":7,"column":38}},"9":{"start":{"line":12,"column":2},"end":{"line":14,"column":null}},"10":{"start":{"line":18,"column":2},"end":{"line":20,"column":null}},"11":{"start":{"line":24,"column":2},"end":{"line":32,"column":null}},"12":{"start":{"line":7,"column":13},"end":{"line":33,"column":null}}},"fnMap":{"0":{"name":"(anonymous_4)","decl":{"start":{"line":8,"column":2},"end":{"line":8,"column":31}},"loc":{"start":{"line":8,"column":72},"end":{"line":8,"column":76}}},"1":{"name":"(anonymous_5)","decl":{"start":{"line":12,"column":2},"end":{"line":12,"column":12}},"loc":{"start":{"line":12,"column":12},"end":{"line":14,"column":3}}},"2":{"name":"(anonymous_6)","decl":{"start":{"line":18,"column":2},"end":{"line":18,"column":14}},"loc":{"start":{"line":18,"column":32},"end":{"line":20,"column":3}}},"3":{"name":"(anonymous_7)","decl":{"start":{"line":24,"column":2},"end":{"line":24,"column":14}},"loc":{"start":{"line":26,"column":34},"end":{"line":32,"column":3}}}},"branchMap":{"0":{"loc":{"start":{"line":29,"column":6},"end":{"line":29,"column":35}},"type":"cond-expr","locations":[{"start":{"line":29,"column":13},"end":{"line":29,"column":31}},{"start":{"line":29,"column":34},"end":{"line":29,"column":35}}]},"1":{"loc":{"start":{"line":30,"column":6},"end":{"line":30,"column":38}},"type":"cond-expr","locations":[{"start":{"line":30,"column":14},"end":{"line":30,"column":33}},{"start":{"line":30,"column":36},"end":{"line":30,"column":38}}]}},"s":{"0":0,"1":0,"2":0,"3":0,"4":0,"5":0,"6":0,"7":0,"8":0,"9":0,"10":0,"11":0,"12":0},"f":{"0":0,"1":0,"2":0,"3":0},"b":{"0":[0,0],"1":[0,0]}}
,"C:\\Users\\adts-\\Desktop\\almonds\\auremont-backend\\src\\admin\\operations\\operations.module.ts": {"path":"C:\\Users\\adts-\\Desktop\\almonds\\auremont-backend\\src\\admin\\operations\\operations.module.ts","statementMap":{"0":{"start":{"line":1,"column":0},"end":{"line":1,"column":40}},"1":{"start":{"line":2,"column":0},"end":{"line":2,"column":68}},"2":{"start":{"line":3,"column":0},"end":{"line":3,"column":62}},"3":{"start":{"line":4,"column":0},"end":{"line":4,"column":58}},"4":{"start":{"line":5,"column":0},"end":{"line":5,"column":52}},"5":{"start":{"line":12,"column":7},"end":{"line":12,"column":null}},"6":{"start":{"line":12,"column":13},"end":{"line":12,"column":34}},"7":{"start":{"line":12,"column":13},"end":{"line":12,"column":null}}},"fnMap":{},"branchMap":{},"s":{"0":0,"1":0,"2":0,"3":0,"4":0,"5":0,"6":0,"7":0},"f":{},"b":{}}
,"C:\\Users\\adts-\\Desktop\\almonds\\auremont-backend\\src\\admin\\operations\\operations.service.ts": {"path":"C:\\Users\\adts-\\Desktop\\almonds\\auremont-backend\\src\\admin\\operations\\operations.service.ts","statementMap":{"0":{"start":{"line":1,"column":0},"end":{"line":1,"column":44}},"1":{"start":{"line":2,"column":0},"end":{"line":2,"column":60}},"2":{"start":{"line":5,"column":7},"end":{"line":76,"column":null}},"3":{"start":{"line":6,"column":22},"end":{"line":6,"column":30}},"4":{"start":{"line":9,"column":10},"end":{"line":30,"column":4}},"5":{"start":{"line":33,"column":4},"end":{"line":33,"column":38}},"6":{"start":{"line":37,"column":22},"end":{"line":46,"column":6}},"7":{"start":{"line":47,"column":4},"end":{"line":47,"column":40}},"8":{"start":{"line":48,"column":4},"end":{"line":48,"column":21}},"9":{"start":{"line":52,"column":17},"end":{"line":52,"column":35}},"10":{"start":{"line":54,"column":26},"end":{"line":64,"column":6}},"11":{"start":{"line":66,"column":4},"end":{"line":74,"column":6}},"12":{"start":{"line":5,"column":13},"end":{"line":5,"column":35}},"13":{"start":{"line":5,"column":13},"end":{"line":76,"column":null}}},"fnMap":{"0":{"name":"(anonymous_2)","decl":{"start":{"line":6,"column":2},"end":{"line":6,"column":22}},"loc":{"start":{"line":6,"column":43},"end":{"line":6,"column":47}}},"1":{"name":"(anonymous_3)","decl":{"start":{"line":32,"column":2},"end":{"line":32,"column":7}},"loc":{"start":{"line":32,"column":18},"end":{"line":34,"column":3}}},"2":{"name":"(anonymous_4)","decl":{"start":{"line":36,"column":2},"end":{"line":36,"column":7}},"loc":{"start":{"line":36,"column":30},"end":{"line":49,"column":3}}},"3":{"name":"(anonymous_5)","decl":{"start":{"line":51,"column":2},"end":{"line":51,"column":7}},"loc":{"start":{"line":51,"column":57},"end":{"line":75,"column":3}}}},"branchMap":{"0":{"loc":{"start":{"line":42,"column":18},"end":{"line":42,"column":41}},"type":"binary-expr","locations":[{"start":{"line":42,"column":18},"end":{"line":42,"column":33}},{"start":{"line":42,"column":37},"end":{"line":42,"column":41}}]},"1":{"loc":{"start":{"line":45,"column":17},"end":{"line":45,"column":39}},"type":"binary-expr","locations":[{"start":{"line":45,"column":17},"end":{"line":45,"column":31}},{"start":{"line":45,"column":35},"end":{"line":45,"column":39}}]},"2":{"loc":{"start":{"line":51,"column":21},"end":{"line":51,"column":37}},"type":"default-arg","locations":[{"start":{"line":51,"column":36},"end":{"line":51,"column":37}}]},"3":{"loc":{"start":{"line":51,"column":39},"end":{"line":51,"column":57}},"type":"default-arg","locations":[{"start":{"line":51,"column":55},"end":{"line":51,"column":57}}]}},"s":{"0":0,"1":0,"2":0,"3":0,"4":0,"5":0,"6":0,"7":0,"8":0,"9":0,"10":0,"11":0,"12":0,"13":0},"f":{"0":0,"1":0,"2":0,"3":0},"b":{"0":[0,0],"1":[0,0],"2":[0],"3":[0]}}
,"C:\\Users\\adts-\\Desktop\\almonds\\auremont-backend\\src\\admin\\orders\\orders.controller.ts": {"path":"C:\\Users\\adts-\\Desktop\\almonds\\auremont-backend\\src\\admin\\orders\\orders.controller.ts","statementMap":{"0":{"start":{"line":1,"column":0},"end":{"line":1,"column":96}},"1":{"start":{"line":2,"column":0},"end":{"line":2,"column":54}},"2":{"start":{"line":3,"column":0},"end":{"line":3,"column":65}},"3":{"start":{"line":4,"column":0},"end":{"line":4,"column":56}},"4":{"start":{"line":8,"column":7},"end":{"line":54,"column":null}},"5":{"start":{"line":9,"column":31},"end":{"line":9,"column":46}},"6":{"start":{"line":19,"column":4},"end":{"line":24,"column":6}},"7":{"start":{"line":30,"column":4},"end":{"line":30,"column":42}},"8":{"start":{"line":40,"column":20},"end":{"line":40,"column":51}},"9":{"start":{"line":41,"column":4},"end":{"line":41,"column":69}},"10":{"start":{"line":51,"column":20},"end":{"line":51,"column":51}},"11":{"start":{"line":52,"column":4},"end":{"line":52,"column":71}},"12":{"start":{"line":8,"column":13},"end":{"line":8,"column":34}},"13":{"start":{"line":13,"column":2},"end":{"line":25,"column":null}},"14":{"start":{"line":29,"column":2},"end":{"line":31,"column":null}},"15":{"start":{"line":35,"column":2},"end":{"line":42,"column":null}},"16":{"start":{"line":46,"column":2},"end":{"line":53,"column":null}},"17":{"start":{"line":8,"column":13},"end":{"line":54,"column":null}}},"fnMap":{"0":{"name":"(anonymous_4)","decl":{"start":{"line":9,"column":2},"end":{"line":9,"column":31}},"loc":{"start":{"line":9,"column":64},"end":{"line":9,"column":68}}},"1":{"name":"(anonymous_5)","decl":{"start":{"line":13,"column":2},"end":{"line":13,"column":9}},"loc":{"start":{"line":17,"column":41},"end":{"line":25,"column":3}}},"2":{"name":"(anonymous_6)","decl":{"start":{"line":29,"column":2},"end":{"line":29,"column":9}},"loc":{"start":{"line":29,"column":33},"end":{"line":31,"column":3}}},"3":{"name":"(anonymous_7)","decl":{"start":{"line":35,"column":2},"end":{"line":35,"column":14}},"loc":{"start":{"line":38,"column":23},"end":{"line":42,"column":3}}},"4":{"name":"(anonymous_8)","decl":{"start":{"line":46,"column":2},"end":{"line":46,"column":15}},"loc":{"start":{"line":49,"column":23},"end":{"line":53,"column":3}}}},"branchMap":{"0":{"loc":{"start":{"line":20,"column":6},"end":{"line":20,"column":35}},"type":"cond-expr","locations":[{"start":{"line":20,"column":13},"end":{"line":20,"column":31}},{"start":{"line":20,"column":34},"end":{"line":20,"column":35}}]},"1":{"loc":{"start":{"line":21,"column":6},"end":{"line":21,"column":38}},"type":"cond-expr","locations":[{"start":{"line":21,"column":14},"end":{"line":21,"column":33}},{"start":{"line":21,"column":36},"end":{"line":21,"column":38}}]},"2":{"loc":{"start":{"line":40,"column":20},"end":{"line":40,"column":51}},"type":"binary-expr","locations":[{"start":{"line":40,"column":20},"end":{"line":40,"column":34}},{"start":{"line":40,"column":38},"end":{"line":40,"column":51}}]},"3":{"loc":{"start":{"line":51,"column":20},"end":{"line":51,"column":51}},"type":"binary-expr","locations":[{"start":{"line":51,"column":20},"end":{"line":51,"column":34}},{"start":{"line":51,"column":38},"end":{"line":51,"column":51}}]}},"s":{"0":0,"1":0,"2":0,"3":0,"4":0,"5":0,"6":0,"7":0,"8":0,"9":0,"10":0,"11":0,"12":0,"13":0,"14":0,"15":0,"16":0,"17":0},"f":{"0":0,"1":0,"2":0,"3":0,"4":0},"b":{"0":[0,0],"1":[0,0],"2":[0,0],"3":[0,0]}}
,"C:\\Users\\adts-\\Desktop\\almonds\\auremont-backend\\src\\admin\\orders\\orders.module.ts": {"path":"C:\\Users\\adts-\\Desktop\\almonds\\auremont-backend\\src\\admin\\orders\\orders.module.ts","statementMap":{"0":{"start":{"line":1,"column":0},"end":{"line":1,"column":40}},"1":{"start":{"line":2,"column":0},"end":{"line":2,"column":60}},"2":{"start":{"line":3,"column":0},"end":{"line":3,"column":54}},"3":{"start":{"line":4,"column":0},"end":{"line":4,"column":58}},"4":{"start":{"line":5,"column":0},"end":{"line":5,"column":52}},"5":{"start":{"line":12,"column":7},"end":{"line":12,"column":null}},"6":{"start":{"line":12,"column":13},"end":{"line":12,"column":30}},"7":{"start":{"line":12,"column":13},"end":{"line":12,"column":null}}},"fnMap":{},"branchMap":{},"s":{"0":0,"1":0,"2":0,"3":0,"4":0,"5":0,"6":0,"7":0},"f":{},"b":{}}
,"C:\\Users\\adts-\\Desktop\\almonds\\auremont-backend\\src\\admin\\orders\\orders.service.ts": {"path":"C:\\Users\\adts-\\Desktop\\almonds\\auremont-backend\\src\\admin\\orders\\orders.service.ts","statementMap":{"0":{"start":{"line":1,"column":0},"end":{"line":1,"column":63}},"1":{"start":{"line":2,"column":0},"end":{"line":2,"column":60}},"2":{"start":{"line":6,"column":7},"end":{"line":129,"column":null}},"3":{"start":{"line":7,"column":22},"end":{"line":7,"column":30}},"4":{"start":{"line":10,"column":17},"end":{"line":10,"column":35}},"5":{"start":{"line":12,"column":23},"end":{"line":12,"column":25}},"6":{"start":{"line":13,"column":4},"end":{"line":19,"column":5}},"7":{"start":{"line":14,"column":6},"end":{"line":18,"column":8}},"8":{"start":{"line":20,"column":4},"end":{"line":22,"column":5}},"9":{"start":{"line":21,"column":6},"end":{"line":21,"column":33}},"10":{"start":{"line":24,"column":28},"end":{"line":36,"column":6}},"11":{"start":{"line":38,"column":4},"end":{"line":46,"column":6}},"12":{"start":{"line":50,"column":18},"end":{"line":59,"column":6}},"13":{"start":{"line":61,"column":4},"end":{"line":63,"column":5}},"14":{"start":{"line":62,"column":6},"end":{"line":62,"column":67}},"15":{"start":{"line":65,"column":4},"end":{"line":65,"column":17}},"16":{"start":{"line":69,"column":18},"end":{"line":69,"column":71}},"17":{"start":{"line":70,"column":4},"end":{"line":72,"column":5}},"18":{"start":{"line":71,"column":6},"end":{"line":71,"column":67}},"19":{"start":{"line":74,"column":20},"end":{"line":77,"column":6}},"20":{"start":{"line":79,"column":4},"end":{"line":94,"column":5}},"21":{"start":{"line":80,"column":6},"end":{"line":93,"column":7}},"22":{"start":{"line":81,"column":8},"end":{"line":90,"column":11}},"23":{"start":{"line":92,"column":8},"end":{"line":92,"column":87}},"24":{"start":{"line":96,"column":4},"end":{"line":96,"column":19}},"25":{"start":{"line":100,"column":18},"end":{"line":100,"column":71}},"26":{"start":{"line":101,"column":4},"end":{"line":103,"column":5}},"27":{"start":{"line":102,"column":6},"end":{"line":102,"column":67}},"28":{"start":{"line":105,"column":20},"end":{"line":108,"column":6}},"29":{"start":{"line":110,"column":4},"end":{"line":125,"column":5}},"30":{"start":{"line":111,"column":6},"end":{"line":124,"column":7}},"31":{"start":{"line":112,"column":8},"end":{"line":121,"column":11}},"32":{"start":{"line":123,"column":8},"end":{"line":123,"column":89}},"33":{"start":{"line":127,"column":4},"end":{"line":127,"column":19}},"34":{"start":{"line":6,"column":13},"end":{"line":6,"column":31}},"35":{"start":{"line":6,"column":13},"end":{"line":129,"column":null}}},"fnMap":{"0":{"name":"(anonymous_2)","decl":{"start":{"line":7,"column":2},"end":{"line":7,"column":22}},"loc":{"start":{"line":7,"column":43},"end":{"line":7,"column":47}}},"1":{"name":"(anonymous_3)","decl":{"start":{"line":9,"column":2},"end":{"line":9,"column":7}},"loc":{"start":{"line":9,"column":91},"end":{"line":47,"column":3}}},"2":{"name":"(anonymous_4)","decl":{"start":{"line":49,"column":2},"end":{"line":49,"column":7}},"loc":{"start":{"line":49,"column":26},"end":{"line":66,"column":3}}},"3":{"name":"(anonymous_5)","decl":{"start":{"line":68,"column":2},"end":{"line":68,"column":7}},"loc":{"start":{"line":68,"column":74},"end":{"line":97,"column":3}}},"4":{"name":"(anonymous_6)","decl":{"start":{"line":99,"column":2},"end":{"line":99,"column":7}},"loc":{"start":{"line":99,"column":75},"end":{"line":128,"column":3}}}},"branchMap":{"0":{"loc":{"start":{"line":9,"column":16},"end":{"line":9,"column":32}},"type":"default-arg","locations":[{"start":{"line":9,"column":31},"end":{"line":9,"column":32}}]},"1":{"loc":{"start":{"line":9,"column":34},"end":{"line":9,"column":52}},"type":"default-arg","locations":[{"start":{"line":9,"column":50},"end":{"line":9,"column":52}}]},"2":{"loc":{"start":{"line":13,"column":4},"end":{"line":19,"column":5}},"type":"if","locations":[{"start":{"line":13,"column":4},"end":{"line":19,"column":5}}]},"3":{"loc":{"start":{"line":20,"column":4},"end":{"line":22,"column":5}},"type":"if","locations":[{"start":{"line":20,"column":4},"end":{"line":22,"column":5}}]},"4":{"loc":{"start":{"line":61,"column":4},"end":{"line":63,"column":5}},"type":"if","locations":[{"start":{"line":61,"column":4},"end":{"line":63,"column":5}}]},"5":{"loc":{"start":{"line":70,"column":4},"end":{"line":72,"column":5}},"type":"if","locations":[{"start":{"line":70,"column":4},"end":{"line":72,"column":5}}]},"6":{"loc":{"start":{"line":79,"column":4},"end":{"line":94,"column":5}},"type":"if","locations":[{"start":{"line":79,"column":4},"end":{"line":94,"column":5}}]},"7":{"loc":{"start":{"line":101,"column":4},"end":{"line":103,"column":5}},"type":"if","locations":[{"start":{"line":101,"column":4},"end":{"line":103,"column":5}}]},"8":{"loc":{"start":{"line":110,"column":4},"end":{"line":125,"column":5}},"type":"if","locations":[{"start":{"line":110,"column":4},"end":{"line":125,"column":5}}]}},"s":{"0":0,"1":0,"2":0,"3":0,"4":0,"5":0,"6":0,"7":0,"8":0,"9":0,"10":0,"11":0,"12":0,"13":0,"14":0,"15":0,"16":0,"17":0,"18":0,"19":0,"20":0,"21":0,"22":0,"23":0,"24":0,"25":0,"26":0,"27":0,"28":0,"29":0,"30":0,"31":0,"32":0,"33":0,"34":0,"35":0},"f":{"0":0,"1":0,"2":0,"3":0,"4":0},"b":{"0":[0],"1":[0],"2":[0],"3":[0],"4":[0],"5":[0],"6":[0],"7":[0],"8":[0]}}
,"C:\\Users\\adts-\\Desktop\\almonds\\auremont-backend\\src\\admin\\products\\admin-products.controller.ts": {"path":"C:\\Users\\adts-\\Desktop\\almonds\\auremont-backend\\src\\admin\\products\\admin-products.controller.ts","statementMap":{"0":{"start":{"line":1,"column":0},"end":{"line":1,"column":84}},"1":{"start":{"line":2,"column":0},"end":{"line":2,"column":64}},"2":{"start":{"line":3,"column":0},"end":{"line":3,"column":65}},"3":{"start":{"line":7,"column":7},"end":{"line":29,"column":null}},"4":{"start":{"line":8,"column":31},"end":{"line":8,"column":48}},"5":{"start":{"line":17,"column":17},"end":{"line":17,"column":51}},"6":{"start":{"line":18,"column":4},"end":{"line":18,"column":69}},"7":{"start":{"line":26,"column":20},"end":{"line":26,"column":76}},"8":{"start":{"line":27,"column":4},"end":{"line":27,"column":54}},"9":{"start":{"line":7,"column":13},"end":{"line":7,"column":36}},"10":{"start":{"line":12,"column":8},"end":{"line":19,"column":null}},"11":{"start":{"line":23,"column":8},"end":{"line":28,"column":null}},"12":{"start":{"line":7,"column":13},"end":{"line":29,"column":null}}},"fnMap":{"0":{"name":"(anonymous_4)","decl":{"start":{"line":8,"column":2},"end":{"line":8,"column":31}},"loc":{"start":{"line":8,"column":68},"end":{"line":8,"column":72}}},"1":{"name":"(anonymous_5)","decl":{"start":{"line":12,"column":2},"end":{"line":12,"column":7}},"loc":{"start":{"line":15,"column":36},"end":{"line":19,"column":3}}},"2":{"name":"(anonymous_6)","decl":{"start":{"line":23,"column":2},"end":{"line":23,"column":7}},"loc":{"start":{"line":23,"column":49},"end":{"line":28,"column":3}}}},"branchMap":{"0":{"loc":{"start":{"line":13,"column":19},"end":{"line":13,"column":37}},"type":"default-arg","locations":[{"start":{"line":13,"column":34},"end":{"line":13,"column":37}}]},"1":{"loc":{"start":{"line":14,"column":20},"end":{"line":14,"column":40}},"type":"default-arg","locations":[{"start":{"line":14,"column":36},"end":{"line":14,"column":40}}]},"2":{"loc":{"start":{"line":26,"column":20},"end":{"line":26,"column":76}},"type":"binary-expr","locations":[{"start":{"line":26,"column":20},"end":{"line":26,"column":34}},{"start":{"line":26,"column":38},"end":{"line":26,"column":76}}]}},"s":{"0":0,"1":0,"2":0,"3":0,"4":0,"5":0,"6":0,"7":0,"8":0,"9":0,"10":0,"11":0,"12":0},"f":{"0":0,"1":0,"2":0},"b":{"0":[0],"1":[0],"2":[0,0]}}
,"C:\\Users\\adts-\\Desktop\\almonds\\auremont-backend\\src\\admin\\products\\admin-products.service.ts": {"path":"C:\\Users\\adts-\\Desktop\\almonds\\auremont-backend\\src\\admin\\products\\admin-products.service.ts","statementMap":{"0":{"start":{"line":1,"column":0},"end":{"line":1,"column":63}},"1":{"start":{"line":2,"column":0},"end":{"line":2,"column":60}},"2":{"start":{"line":5,"column":7},"end":{"line":49,"column":null}},"3":{"start":{"line":6,"column":22},"end":{"line":6,"column":30}},"4":{"start":{"line":9,"column":18},"end":{"line":16,"column":10}},"5":{"start":{"line":18,"column":27},"end":{"line":27,"column":6}},"6":{"start":{"line":29,"column":4},"end":{"line":29,"column":28}},"7":{"start":{"line":33,"column":4},"end":{"line":47,"column":7}},"8":{"start":{"line":34,"column":22},"end":{"line":34,"column":55}},"9":{"start":{"line":36,"column":6},"end":{"line":44,"column":9}},"10":{"start":{"line":46,"column":6},"end":{"line":46,"column":21}},"11":{"start":{"line":5,"column":13},"end":{"line":5,"column":33}},"12":{"start":{"line":5,"column":13},"end":{"line":49,"column":null}}},"fnMap":{"0":{"name":"(anonymous_2)","decl":{"start":{"line":6,"column":2},"end":{"line":6,"column":22}},"loc":{"start":{"line":6,"column":43},"end":{"line":6,"column":47}}},"1":{"name":"(anonymous_3)","decl":{"start":{"line":8,"column":2},"end":{"line":8,"column":7}},"loc":{"start":{"line":8,"column":59},"end":{"line":30,"column":3}}},"2":{"name":"(anonymous_4)","decl":{"start":{"line":32,"column":2},"end":{"line":32,"column":7}},"loc":{"start":{"line":32,"column":41},"end":{"line":48,"column":3}}},"3":{"name":"(anonymous_5)","decl":{"start":{"line":33,"column":36},"end":{"line":33,"column":41}},"loc":{"start":{"line":33,"column":49},"end":{"line":47,"column":5}}}},"branchMap":{"0":{"loc":{"start":{"line":9,"column":18},"end":{"line":16,"column":10}},"type":"cond-expr","locations":[{"start":{"line":10,"column":8},"end":{"line":15,"column":null}},{"start":{"line":16,"column":8},"end":{"line":16,"column":10}}]}},"s":{"0":0,"1":0,"2":0,"3":0,"4":0,"5":0,"6":0,"7":0,"8":0,"9":0,"10":0,"11":0,"12":0},"f":{"0":0,"1":0,"2":0,"3":0},"b":{"0":[0,0]}}
,"C:\\Users\\adts-\\Desktop\\almonds\\auremont-backend\\src\\admin\\reviews\\reviews.controller.ts": {"path":"C:\\Users\\adts-\\Desktop\\almonds\\auremont-backend\\src\\admin\\reviews\\reviews.controller.ts","statementMap":{"0":{"start":{"line":1,"column":0},"end":{"line":1,"column":96}},"1":{"start":{"line":2,"column":0},"end":{"line":2,"column":56}},"2":{"start":{"line":3,"column":0},"end":{"line":3,"column":65}},"3":{"start":{"line":4,"column":0},"end":{"line":4,"column":46}},"4":{"start":{"line":8,"column":7},"end":{"line":34,"column":null}},"5":{"start":{"line":9,"column":31},"end":{"line":9,"column":47}},"6":{"start":{"line":18,"column":4},"end":{"line":22,"column":6}},"7":{"start":{"line":32,"column":4},"end":{"line":32,"column":70}},"8":{"start":{"line":8,"column":13},"end":{"line":8,"column":35}},"9":{"start":{"line":13,"column":2},"end":{"line":23,"column":null}},"10":{"start":{"line":27,"column":2},"end":{"line":33,"column":null}},"11":{"start":{"line":8,"column":13},"end":{"line":34,"column":null}}},"fnMap":{"0":{"name":"(anonymous_4)","decl":{"start":{"line":9,"column":2},"end":{"line":9,"column":31}},"loc":{"start":{"line":9,"column":66},"end":{"line":9,"column":70}}},"1":{"name":"(anonymous_5)","decl":{"start":{"line":13,"column":2},"end":{"line":13,"column":9}},"loc":{"start":{"line":16,"column":42},"end":{"line":23,"column":3}}},"2":{"name":"(anonymous_6)","decl":{"start":{"line":27,"column":2},"end":{"line":27,"column":14}},"loc":{"start":{"line":30,"column":23},"end":{"line":33,"column":3}}}},"branchMap":{"0":{"loc":{"start":{"line":19,"column":6},"end":{"line":19,"column":35}},"type":"cond-expr","locations":[{"start":{"line":19,"column":13},"end":{"line":19,"column":31}},{"start":{"line":19,"column":34},"end":{"line":19,"column":35}}]},"1":{"loc":{"start":{"line":20,"column":6},"end":{"line":20,"column":38}},"type":"cond-expr","locations":[{"start":{"line":20,"column":14},"end":{"line":20,"column":33}},{"start":{"line":20,"column":36},"end":{"line":20,"column":38}}]}},"s":{"0":0,"1":0,"2":0,"3":0,"4":0,"5":0,"6":0,"7":0,"8":0,"9":0,"10":0,"11":0},"f":{"0":0,"1":0,"2":0},"b":{"0":[0,0],"1":[0,0]}}
,"C:\\Users\\adts-\\Desktop\\almonds\\auremont-backend\\src\\admin\\reviews\\reviews.module.ts": {"path":"C:\\Users\\adts-\\Desktop\\almonds\\auremont-backend\\src\\admin\\reviews\\reviews.module.ts","statementMap":{"0":{"start":{"line":1,"column":0},"end":{"line":1,"column":40}},"1":{"start":{"line":2,"column":0},"end":{"line":2,"column":62}},"2":{"start":{"line":3,"column":0},"end":{"line":3,"column":56}},"3":{"start":{"line":4,"column":0},"end":{"line":4,"column":58}},"4":{"start":{"line":5,"column":0},"end":{"line":5,"column":52}},"5":{"start":{"line":12,"column":7},"end":{"line":12,"column":null}},"6":{"start":{"line":12,"column":13},"end":{"line":12,"column":31}},"7":{"start":{"line":12,"column":13},"end":{"line":12,"column":null}}},"fnMap":{},"branchMap":{},"s":{"0":0,"1":0,"2":0,"3":0,"4":0,"5":0,"6":0,"7":0},"f":{},"b":{}}
,"C:\\Users\\adts-\\Desktop\\almonds\\auremont-backend\\src\\admin\\reviews\\reviews.service.ts": {"path":"C:\\Users\\adts-\\Desktop\\almonds\\auremont-backend\\src\\admin\\reviews\\reviews.service.ts","statementMap":{"0":{"start":{"line":1,"column":0},"end":{"line":1,"column":63}},"1":{"start":{"line":2,"column":0},"end":{"line":2,"column":60}},"2":{"start":{"line":6,"column":7},"end":{"line":64,"column":null}},"3":{"start":{"line":7,"column":22},"end":{"line":7,"column":30}},"4":{"start":{"line":10,"column":17},"end":{"line":10,"column":35}},"5":{"start":{"line":12,"column":23},"end":{"line":12,"column":25}},"6":{"start":{"line":13,"column":4},"end":{"line":15,"column":5}},"7":{"start":{"line":14,"column":6},"end":{"line":14,"column":28}},"8":{"start":{"line":17,"column":29},"end":{"line":29,"column":6}},"9":{"start":{"line":31,"column":4},"end":{"line":39,"column":6}},"10":{"start":{"line":43,"column":19},"end":{"line":43,"column":73}},"11":{"start":{"line":44,"column":4},"end":{"line":44,"column":65}},"12":{"start":{"line":44,"column":17},"end":{"line":44,"column":65}},"13":{"start":{"line":46,"column":20},"end":{"line":49,"column":6}},"14":{"start":{"line":51,"column":4},"end":{"line":60,"column":7}},"15":{"start":{"line":62,"column":4},"end":{"line":62,"column":19}},"16":{"start":{"line":6,"column":13},"end":{"line":6,"column":32}},"17":{"start":{"line":6,"column":13},"end":{"line":64,"column":null}}},"fnMap":{"0":{"name":"(anonymous_2)","decl":{"start":{"line":7,"column":2},"end":{"line":7,"column":22}},"loc":{"start":{"line":7,"column":43},"end":{"line":7,"column":47}}},"1":{"name":"(anonymous_3)","decl":{"start":{"line":9,"column":2},"end":{"line":9,"column":7}},"loc":{"start":{"line":9,"column":75},"end":{"line":40,"column":3}}},"2":{"name":"(anonymous_4)","decl":{"start":{"line":42,"column":2},"end":{"line":42,"column":7}},"loc":{"start":{"line":42,"column":70},"end":{"line":63,"column":3}}}},"branchMap":{"0":{"loc":{"start":{"line":9,"column":16},"end":{"line":9,"column":32}},"type":"default-arg","locations":[{"start":{"line":9,"column":31},"end":{"line":9,"column":32}}]},"1":{"loc":{"start":{"line":9,"column":34},"end":{"line":9,"column":52}},"type":"default-arg","locations":[{"start":{"line":9,"column":50},"end":{"line":9,"column":52}}]},"2":{"loc":{"start":{"line":13,"column":4},"end":{"line":15,"column":5}},"type":"if","locations":[{"start":{"line":13,"column":4},"end":{"line":15,"column":5}}]},"3":{"loc":{"start":{"line":44,"column":4},"end":{"line":44,"column":65}},"type":"if","locations":[{"start":{"line":44,"column":4},"end":{"line":44,"column":65}}]}},"s":{"0":0,"1":0,"2":0,"3":0,"4":0,"5":0,"6":0,"7":0,"8":0,"9":0,"10":0,"11":0,"12":0,"13":0,"14":0,"15":0,"16":0,"17":0},"f":{"0":0,"1":0,"2":0},"b":{"0":[0],"1":[0],"2":[0],"3":[0]}}
,"C:\\Users\\adts-\\Desktop\\almonds\\auremont-backend\\src\\audit\\audit.controller.ts": {"path":"C:\\Users\\adts-\\Desktop\\almonds\\auremont-backend\\src\\audit\\audit.controller.ts","statementMap":{"0":{"start":{"line":1,"column":0},"end":{"line":1,"column":60}},"1":{"start":{"line":2,"column":0},"end":{"line":2,"column":47}},"2":{"start":{"line":3,"column":0},"end":{"line":3,"column":54}},"3":{"start":{"line":4,"column":0},"end":{"line":4,"column":49}},"4":{"start":{"line":5,"column":0},"end":{"line":5,"column":48}},"5":{"start":{"line":9,"column":7},"end":{"line":17,"column":null}},"6":{"start":{"line":10,"column":31},"end":{"line":10,"column":45}},"7":{"start":{"line":15,"column":4},"end":{"line":15,"column":39}},"8":{"start":{"line":9,"column":13},"end":{"line":9,"column":28}},"9":{"start":{"line":14,"column":2},"end":{"line":16,"column":null}},"10":{"start":{"line":9,"column":13},"end":{"line":17,"column":null}}},"fnMap":{"0":{"name":"(anonymous_2)","decl":{"start":{"line":10,"column":2},"end":{"line":10,"column":31}},"loc":{"start":{"line":10,"column":57},"end":{"line":10,"column":61}}},"1":{"name":"(anonymous_3)","decl":{"start":{"line":14,"column":2},"end":{"line":14,"column":9}},"loc":{"start":{"line":14,"column":9},"end":{"line":16,"column":3}}}},"branchMap":{},"s":{"0":0,"1":0,"2":0,"3":0,"4":0,"5":0,"6":0,"7":0,"8":0,"9":0,"10":0},"f":{"0":0,"1":0},"b":{}}
,"C:\\Users\\adts-\\Desktop\\almonds\\auremont-backend\\src\\audit\\audit.module.ts": {"path":"C:\\Users\\adts-\\Desktop\\almonds\\auremont-backend\\src\\audit\\audit.module.ts","statementMap":{"0":{"start":{"line":1,"column":0},"end":{"line":1,"column":40}},"1":{"start":{"line":2,"column":0},"end":{"line":2,"column":47}},"2":{"start":{"line":3,"column":0},"end":{"line":3,"column":53}},"3":{"start":{"line":10,"column":7},"end":{"line":10,"column":null}},"4":{"start":{"line":10,"column":13},"end":{"line":10,"column":24}},"5":{"start":{"line":10,"column":13},"end":{"line":10,"column":null}}},"fnMap":{},"branchMap":{},"s":{"0":0,"1":0,"2":0,"3":0,"4":0,"5":0},"f":{},"b":{}}
,"C:\\Users\\adts-\\Desktop\\almonds\\auremont-backend\\src\\audit\\audit.service.ts": {"path":"C:\\Users\\adts-\\Desktop\\almonds\\auremont-backend\\src\\audit\\audit.service.ts","statementMap":{"0":{"start":{"line":1,"column":0},"end":{"line":1,"column":44}},"1":{"start":{"line":2,"column":0},"end":{"line":2,"column":57}},"2":{"start":{"line":5,"column":7},"end":{"line":27,"column":null}},"3":{"start":{"line":6,"column":22},"end":{"line":6,"column":30}},"4":{"start":{"line":15,"column":4},"end":{"line":15,"column":49}},"5":{"start":{"line":19,"column":4},"end":{"line":25,"column":7}},"6":{"start":{"line":5,"column":13},"end":{"line":5,"column":25}},"7":{"start":{"line":5,"column":13},"end":{"line":27,"column":null}}},"fnMap":{"0":{"name":"(anonymous_2)","decl":{"start":{"line":6,"column":2},"end":{"line":6,"column":22}},"loc":{"start":{"line":6,"column":43},"end":{"line":6,"column":47}}},"1":{"name":"(anonymous_3)","decl":{"start":{"line":8,"column":2},"end":{"line":8,"column":7}},"loc":{"start":{"line":14,"column":3},"end":{"line":16,"column":3}}},"2":{"name":"(anonymous_4)","decl":{"start":{"line":18,"column":2},"end":{"line":18,"column":7}},"loc":{"start":{"line":18,"column":15},"end":{"line":26,"column":3}}}},"branchMap":{},"s":{"0":2,"1":2,"2":2,"3":0,"4":0,"5":0,"6":2,"7":2},"f":{"0":0,"1":0,"2":0},"b":{}}
,"C:\\Users\\adts-\\Desktop\\almonds\\auremont-backend\\src\\auth\\auth.controller.ts": {"path":"C:\\Users\\adts-\\Desktop\\almonds\\auremont-backend\\src\\auth\\auth.controller.ts","statementMap":{"0":{"start":{"line":1,"column":0},"end":{"line":1,"column":127}},"1":{"start":{"line":2,"column":0},"end":{"line":2,"column":59}},"2":{"start":{"line":3,"column":0},"end":{"line":3,"column":45}},"3":{"start":{"line":4,"column":0},"end":{"line":4,"column":48}},"4":{"start":{"line":5,"column":0},"end":{"line":5,"column":47}},"5":{"start":{"line":6,"column":0},"end":{"line":6,"column":62}},"6":{"start":{"line":7,"column":0},"end":{"line":7,"column":60}},"7":{"start":{"line":11,"column":7},"end":{"line":107,"column":null}},"8":{"start":{"line":12,"column":22},"end":{"line":12,"column":35}},"9":{"start":{"line":18,"column":17},"end":{"line":18,"column":79}},"10":{"start":{"line":19,"column":4},"end":{"line":21,"column":5}},"11":{"start":{"line":20,"column":6},"end":{"line":20,"column":61}},"12":{"start":{"line":23,"column":19},"end":{"line":23,"column":53}},"13":{"start":{"line":25,"column":4},"end":{"line":30,"column":7}},"14":{"start":{"line":32,"column":4},"end":{"line":36,"column":6}},"15":{"start":{"line":41,"column":25},"end":{"line":41,"column":75}},"16":{"start":{"line":42,"column":4},"end":{"line":44,"column":5}},"17":{"start":{"line":43,"column":6},"end":{"line":43,"column":67}},"18":{"start":{"line":46,"column":19},"end":{"line":46,"column":63}},"19":{"start":{"line":48,"column":4},"end":{"line":53,"column":7}},"20":{"start":{"line":55,"column":4},"end":{"line":58,"column":6}},"21":{"start":{"line":64,"column":4},"end":{"line":64,"column":43}},"22":{"start":{"line":65,"column":4},"end":{"line":69,"column":7}},"23":{"start":{"line":70,"column":4},"end":{"line":70,"column":50}},"24":{"start":{"line":76,"column":19},"end":{"line":76,"column":56}},"25":{"start":{"line":78,"column":4},"end":{"line":83,"column":7}},"26":{"start":{"line":85,"column":4},"end":{"line":89,"column":6}},"27":{"start":{"line":95,"column":4},"end":{"line":95,"column":16}},"28":{"start":{"line":100,"column":4},"end":{"line":100,"column":54}},"29":{"start":{"line":105,"column":4},"end":{"line":105,"column":47}},"30":{"start":{"line":11,"column":13},"end":{"line":11,"column":27}},"31":{"start":{"line":17,"column":8},"end":{"line":37,"column":null}},"32":{"start":{"line":40,"column":8},"end":{"line":59,"column":null}},"33":{"start":{"line":63,"column":8},"end":{"line":71,"column":null}},"34":{"start":{"line":75,"column":8},"end":{"line":90,"column":null}},"35":{"start":{"line":94,"column":8},"end":{"line":96,"column":null}},"36":{"start":{"line":99,"column":8},"end":{"line":101,"column":null}},"37":{"start":{"line":104,"column":8},"end":{"line":106,"column":null}},"38":{"start":{"line":11,"column":13},"end":{"line":107,"column":null}}},"fnMap":{"0":{"name":"(anonymous_4)","decl":{"start":{"line":12,"column":2},"end":{"line":12,"column":22}},"loc":{"start":{"line":12,"column":46},"end":{"line":12,"column":50}}},"1":{"name":"(anonymous_5)","decl":{"start":{"line":17,"column":2},"end":{"line":17,"column":7}},"loc":{"start":{"line":17,"column":74},"end":{"line":37,"column":3}}},"2":{"name":"(anonymous_6)","decl":{"start":{"line":40,"column":2},"end":{"line":40,"column":7}},"loc":{"start":{"line":40,"column":97},"end":{"line":59,"column":3}}},"3":{"name":"(anonymous_7)","decl":{"start":{"line":63,"column":2},"end":{"line":63,"column":7}},"loc":{"start":{"line":63,"column":78},"end":{"line":71,"column":3}}},"4":{"name":"(anonymous_8)","decl":{"start":{"line":75,"column":2},"end":{"line":75,"column":7}},"loc":{"start":{"line":75,"column":77},"end":{"line":90,"column":3}}},"5":{"name":"(anonymous_9)","decl":{"start":{"line":94,"column":2},"end":{"line":94,"column":7}},"loc":{"start":{"line":94,"column":39},"end":{"line":96,"column":3}}},"6":{"name":"(anonymous_10)","decl":{"start":{"line":99,"column":2},"end":{"line":99,"column":7}},"loc":{"start":{"line":99,"column":53},"end":{"line":101,"column":3}}},"7":{"name":"(anonymous_11)","decl":{"start":{"line":104,"column":2},"end":{"line":104,"column":7}},"loc":{"start":{"line":104,"column":51},"end":{"line":106,"column":3}}}},"branchMap":{"0":{"loc":{"start":{"line":19,"column":4},"end":{"line":21,"column":5}},"type":"if","locations":[{"start":{"line":19,"column":4},"end":{"line":21,"column":5}}]},"1":{"loc":{"start":{"line":28,"column":16},"end":{"line":28,"column":70}},"type":"cond-expr","locations":[{"start":{"line":28,"column":56},"end":{"line":28,"column":62}},{"start":{"line":28,"column":65},"end":{"line":28,"column":70}}]},"2":{"loc":{"start":{"line":41,"column":25},"end":{"line":41,"column":75}},"type":"binary-expr","locations":[{"start":{"line":41,"column":25},"end":{"line":41,"column":53}},{"start":{"line":41,"column":57},"end":{"line":41,"column":75}}]},"3":{"loc":{"start":{"line":42,"column":4},"end":{"line":44,"column":5}},"type":"if","locations":[{"start":{"line":42,"column":4},"end":{"line":44,"column":5}}]},"4":{"loc":{"start":{"line":51,"column":16},"end":{"line":51,"column":70}},"type":"cond-expr","locations":[{"start":{"line":51,"column":56},"end":{"line":51,"column":62}},{"start":{"line":51,"column":65},"end":{"line":51,"column":70}}]},"5":{"loc":{"start":{"line":68,"column":16},"end":{"line":68,"column":70}},"type":"cond-expr","locations":[{"start":{"line":68,"column":56},"end":{"line":68,"column":62}},{"start":{"line":68,"column":65},"end":{"line":68,"column":70}}]},"6":{"loc":{"start":{"line":81,"column":16},"end":{"line":81,"column":70}},"type":"cond-expr","locations":[{"start":{"line":81,"column":56},"end":{"line":81,"column":62}},{"start":{"line":81,"column":65},"end":{"line":81,"column":70}}]}},"s":{"0":0,"1":0,"2":0,"3":0,"4":0,"5":0,"6":0,"7":0,"8":0,"9":0,"10":0,"11":0,"12":0,"13":0,"14":0,"15":0,"16":0,"17":0,"18":0,"19":0,"20":0,"21":0,"22":0,"23":0,"24":0,"25":0,"26":0,"27":0,"28":0,"29":0,"30":0,"31":0,"32":0,"33":0,"34":0,"35":0,"36":0,"37":0,"38":0},"f":{"0":0,"1":0,"2":0,"3":0,"4":0,"5":0,"6":0,"7":0},"b":{"0":[0],"1":[0,0],"2":[0,0],"3":[0],"4":[0,0],"5":[0,0],"6":[0,0]}}
,"C:\\Users\\adts-\\Desktop\\almonds\\auremont-backend\\src\\auth\\auth.module.ts": {"path":"C:\\Users\\adts-\\Desktop\\almonds\\auremont-backend\\src\\auth\\auth.module.ts","statementMap":{"0":{"start":{"line":1,"column":0},"end":{"line":1,"column":40}},"1":{"start":{"line":2,"column":0},"end":{"line":2,"column":45}},"2":{"start":{"line":3,"column":0},"end":{"line":3,"column":52}},"3":{"start":{"line":4,"column":0},"end":{"line":4,"column":40}},"4":{"start":{"line":5,"column":0},"end":{"line":5,"column":51}},"5":{"start":{"line":6,"column":0},"end":{"line":6,"column":45}},"6":{"start":{"line":7,"column":0},"end":{"line":7,"column":43}},"7":{"start":{"line":21,"column":7},"end":{"line":21,"column":null}},"8":{"start":{"line":21,"column":13},"end":{"line":21,"column":23}},"9":{"start":{"line":21,"column":13},"end":{"line":21,"column":null}}},"fnMap":{},"branchMap":{"0":{"loc":{"start":{"line":13,"column":14},"end":{"line":13,"column":68}},"type":"binary-expr","locations":[{"start":{"line":13,"column":14},"end":{"line":13,"column":36}},{"start":{"line":13,"column":40},"end":{"line":13,"column":68}}]}},"s":{"0":0,"1":0,"2":0,"3":0,"4":0,"5":0,"6":0,"7":0,"8":0,"9":0},"f":{},"b":{"0":[0,0]}}
,"C:\\Users\\adts-\\Desktop\\almonds\\auremont-backend\\src\\auth\\auth.service.ts": {"path":"C:\\Users\\adts-\\Desktop\\almonds\\auremont-backend\\src\\auth\\auth.service.ts","statementMap":{"0":{"start":{"line":1,"column":0},"end":{"line":1,"column":148}},"1":{"start":{"line":2,"column":0},"end":{"line":2,"column":54}},"2":{"start":{"line":3,"column":0},"end":{"line":3,"column":57}},"3":{"start":{"line":4,"column":0},"end":{"line":4,"column":33}},"4":{"start":{"line":5,"column":0},"end":{"line":5,"column":41}},"5":{"start":{"line":6,"column":0},"end":{"line":6,"column":33}},"6":{"start":{"line":9,"column":7},"end":{"line":207,"column":null}},"7":{"start":{"line":11,"column":12},"end":{"line":11,"column":26}},"8":{"start":{"line":12,"column":12},"end":{"line":12,"column":20}},"9":{"start":{"line":13,"column":12},"end":{"line":13,"column":24}},"10":{"start":{"line":17,"column":4},"end":{"line":61,"column":5}},"11":{"start":{"line":18,"column":28},"end":{"line":18,"column":64}},"12":{"start":{"line":19,"column":27},"end":{"line":19,"column":63}},"13":{"start":{"line":21,"column":6},"end":{"line":32,"column":9}},"14":{"start":{"line":34,"column":6},"end":{"line":45,"column":9}},"15":{"start":{"line":47,"column":6},"end":{"line":58,"column":9}},"16":{"start":{"line":65,"column":17},"end":{"line":65,"column":59}},"17":{"start":{"line":66,"column":4},"end":{"line":69,"column":5}},"18":{"start":{"line":67,"column":86},"end":{"line":67,"column":97}},"19":{"start":{"line":68,"column":6},"end":{"line":68,"column":20}},"20":{"start":{"line":70,"column":4},"end":{"line":70,"column":16}},"21":{"start":{"line":74,"column":20},"end":{"line":74,"column":72}},"22":{"start":{"line":75,"column":25},"end":{"line":75,"column":76}},"23":{"start":{"line":78,"column":26},"end":{"line":78,"column":76}},"24":{"start":{"line":79,"column":31},"end":{"line":79,"column":67}},"25":{"start":{"line":82,"column":4},"end":{"line":85,"column":7}},"26":{"start":{"line":87,"column":4},"end":{"line":91,"column":6}},"27":{"start":{"line":95,"column":4},"end":{"line":123,"column":5}},"28":{"start":{"line":96,"column":22},"end":{"line":96,"column":58}},"29":{"start":{"line":97,"column":19},"end":{"line":97,"column":84}},"30":{"start":{"line":99,"column":6},"end":{"line":101,"column":7}},"31":{"start":{"line":100,"column":8},"end":{"line":100,"column":65}},"32":{"start":{"line":103,"column":22},"end":{"line":103,"column":75}},"33":{"start":{"line":104,"column":6},"end":{"line":106,"column":7}},"34":{"start":{"line":105,"column":8},"end":{"line":105,"column":65}},"35":{"start":{"line":108,"column":25},"end":{"line":108,"column":77}},"36":{"start":{"line":109,"column":27},"end":{"line":109,"column":81}},"37":{"start":{"line":112,"column":32},"end":{"line":112,"column":85}},"38":{"start":{"line":113,"column":33},"end":{"line":113,"column":73}},"39":{"start":{"line":115,"column":6},"end":{"line":118,"column":9}},"40":{"start":{"line":120,"column":6},"end":{"line":120,"column":64}},"41":{"start":{"line":122,"column":6},"end":{"line":122,"column":63}},"42":{"start":{"line":127,"column":4},"end":{"line":130,"column":7}},"43":{"start":{"line":134,"column":25},"end":{"line":134,"column":72}},"44":{"start":{"line":135,"column":4},"end":{"line":137,"column":5}},"45":{"start":{"line":136,"column":6},"end":{"line":136,"column":73}},"46":{"start":{"line":138,"column":27},"end":{"line":138,"column":63}},"47":{"start":{"line":139,"column":20},"end":{"line":144,"column":6}},"48":{"start":{"line":145,"column":82},"end":{"line":145,"column":96}},"49":{"start":{"line":148,"column":19},"end":{"line":148,"column":41}},"50":{"start":{"line":150,"column":4},"end":{"line":153,"column":6}},"51":{"start":{"line":157,"column":17},"end":{"line":157,"column":59}},"52":{"start":{"line":158,"column":4},"end":{"line":161,"column":5}},"53":{"start":{"line":160,"column":6},"end":{"line":160,"column":78}},"54":{"start":{"line":163,"column":23},"end":{"line":163,"column":61}},"55":{"start":{"line":164,"column":29},"end":{"line":164,"column":62}},"56":{"start":{"line":165,"column":19},"end":{"line":165,"column":56}},"57":{"start":{"line":167,"column":4},"end":{"line":170,"column":7}},"58":{"start":{"line":173,"column":19},"end":{"line":173,"column":45}},"59":{"start":{"line":174,"column":4},"end":{"line":174,"column":66}},"60":{"start":{"line":175,"column":4},"end":{"line":175,"column":44}},"61":{"start":{"line":176,"column":4},"end":{"line":176,"column":63}},"62":{"start":{"line":177,"column":21},"end":{"line":177,"column":127}},"63":{"start":{"line":178,"column":4},"end":{"line":178,"column":95}},"64":{"start":{"line":179,"column":4},"end":{"line":179,"column":66}},"65":{"start":{"line":181,"column":4},"end":{"line":181,"column":76}},"66":{"start":{"line":185,"column":17},"end":{"line":185,"column":64}},"67":{"start":{"line":186,"column":4},"end":{"line":188,"column":5}},"68":{"start":{"line":187,"column":6},"end":{"line":187,"column":70}},"69":{"start":{"line":190,"column":4},"end":{"line":192,"column":5}},"70":{"start":{"line":191,"column":6},"end":{"line":191,"column":63}},"71":{"start":{"line":194,"column":20},"end":{"line":194,"column":69}},"72":{"start":{"line":195,"column":4},"end":{"line":197,"column":5}},"73":{"start":{"line":196,"column":6},"end":{"line":196,"column":70}},"74":{"start":{"line":199,"column":27},"end":{"line":199,"column":66}},"75":{"start":{"line":200,"column":4},"end":{"line":203,"column":7}},"76":{"start":{"line":205,"column":4},"end":{"line":205,"column":54}},"77":{"start":{"line":9,"column":13},"end":{"line":9,"column":24}},"78":{"start":{"line":9,"column":13},"end":{"line":207,"column":null}}},"fnMap":{"0":{"name":"(anonymous_2)","decl":{"start":{"line":10,"column":2},"end":{"line":10,"column":null}},"loc":{"start":{"line":13,"column":34},"end":{"line":14,"column":6}}},"1":{"name":"(anonymous_3)","decl":{"start":{"line":16,"column":2},"end":{"line":16,"column":7}},"loc":{"start":{"line":16,"column":20},"end":{"line":62,"column":3}}},"2":{"name":"(anonymous_4)","decl":{"start":{"line":64,"column":2},"end":{"line":64,"column":7}},"loc":{"start":{"line":64,"column":48},"end":{"line":71,"column":3}}},"3":{"name":"(anonymous_5)","decl":{"start":{"line":73,"column":2},"end":{"line":73,"column":7}},"loc":{"start":{"line":73,"column":23},"end":{"line":92,"column":3}}},"4":{"name":"(anonymous_6)","decl":{"start":{"line":94,"column":2},"end":{"line":94,"column":7}},"loc":{"start":{"line":94,"column":36},"end":{"line":124,"column":3}}},"5":{"name":"(anonymous_7)","decl":{"start":{"line":126,"column":2},"end":{"line":126,"column":7}},"loc":{"start":{"line":126,"column":29},"end":{"line":131,"column":3}}},"6":{"name":"(anonymous_8)","decl":{"start":{"line":133,"column":2},"end":{"line":133,"column":7}},"loc":{"start":{"line":133,"column":26},"end":{"line":154,"column":3}}},"7":{"name":"(anonymous_9)","decl":{"start":{"line":156,"column":2},"end":{"line":156,"column":7}},"loc":{"start":{"line":156,"column":36},"end":{"line":182,"column":3}}},"8":{"name":"(anonymous_10)","decl":{"start":{"line":184,"column":2},"end":{"line":184,"column":7}},"loc":{"start":{"line":184,"column":31},"end":{"line":206,"column":3}}}},"b
[...]
,"C:\\Users\\adts-\\Desktop\\almonds\\auremont-backend\\src\\users\\users.module.ts": {"path":"C:\\Users\\adts-\\Desktop\\almonds\\auremont-backend\\src\\users\\users.module.ts","statementMap":{"0":{"start":{"line":1,"column":0},"end":{"line":1,"column":40}},"1":{"start":{"line":2,"column":0},"end":{"line":2,"column":47}},"2":{"start":{"line":3,"column":0},"end":{"line":3,"column":53}},"3":{"start":{"line":4,"column":0},"end":{"line":4,"column":55}},"4":{"start":{"line":12,"column":7},"end":{"line":12,"column":null}},"5":{"start":{"line":12,"column":13},"end":{"line":12,"column":24}},"6":{"start":{"line":12,"column":13},"end":{"line":12,"column":null}}},"fnMap":{},"branchMap":{},"s":{"0":0,"1":0,"2":0,"3":0,"4":0,"5":0,"6":0},"f":{},"b":{}}
,"C:\\Users\\adts-\\Desktop\\almonds\\auremont-backend\\src\\users\\users.service.ts": {"path":"C:\\Users\\adts-\\Desktop\\almonds\\auremont-backend\\src\\users\\users.service.ts","statementMap":{"0":{"start":{"line":1,"column":0},"end":{"line":1,"column":84}},"1":{"start":{"line":2,"column":0},"end":{"line":2,"column":57}},"2":{"start":{"line":3,"column":0},"end":{"line":3,"column":33}},"3":{"start":{"line":7,"column":7},"end":{"line":210,"column":null}},"4":{"start":{"line":8,"column":22},"end":{"line":8,"column":30}},"5":{"start":{"line":11,"column":4},"end":{"line":11,"column":28}},"6":{"start":{"line":11,"column":16},"end":{"line":11,"column":28}},"7":{"start":{"line":12,"column":4},"end":{"line":19,"column":7}},"8":{"start":{"line":23,"column":4},"end":{"line":28,"column":7}},"9":{"start":{"line":32,"column":17},"end":{"line":43,"column":6}},"10":{"start":{"line":44,"column":4},"end":{"line":44,"column":61}},"11":{"start":{"line":44,"column":15},"end":{"line":44,"column":61}},"12":{"start":{"line":45,"column":4},"end":{"line":45,"column":16}},"13":{"start":{"line":49,"column":4},"end":{"line":61,"column":7}},"14":{"start":{"line":65,"column":17},"end":{"line":65,"column":77}},"15":{"start":{"line":66,"column":4},"end":{"line":66,"column":61}},"16":{"start":{"line":66,"column":15},"end":{"line":66,"column":61}},"17":{"start":{"line":68,"column":20},"end":{"line":68,"column":87}},"18":{"start":{"line":69,"column":4},"end":{"line":69,"column":76}},"19":{"start":{"line":69,"column":18},"end":{"line":69,"column":76}},"20":{"start":{"line":71,"column":27},"end":{"line":71,"column":66}},"21":{"start":{"line":72,"column":4},"end":{"line":75,"column":7}},"22":{"start":{"line":77,"column":4},"end":{"line":77,"column":56}},"23":{"start":{"line":81,"column":4},"end":{"line":84,"column":7}},"24":{"start":{"line":88,"column":18},"end":{"line":88,"column":94}},"25":{"start":{"line":89,"column":22},"end":{"line":89,"column":51}},"26":{"start":{"line":91,"column":4},"end":{"line":96,"column":5}},"27":{"start":{"line":92,"column":6},"end":{"line":95,"column":9}},"28":{"start":{"line":98,"column":4},"end":{"line":104,"column":7}},"29":{"start":{"line":108,"column":20},"end":{"line":108,"column":115}},"30":{"start":{"line":109,"column":4},"end":{"line":109,"column":67}},"31":{"start":{"line":109,"column":18},"end":{"line":109,"column":67}},"32":{"start":{"line":111,"column":4},"end":{"line":116,"column":5}},"33":{"start":{"line":112,"column":6},"end":{"line":115,"column":9}},"34":{"start":{"line":118,"column":4},"end":{"line":121,"column":7}},"35":{"start":{"line":125,"column":20},"end":{"line":125,"column":115}},"36":{"start":{"line":126,"column":4},"end":{"line":126,"column":67}},"37":{"start":{"line":126,"column":18},"end":{"line":126,"column":67}},"38":{"start":{"line":128,"column":4},"end":{"line":131,"column":7}},"39":{"start":{"line":133,"column":4},"end":{"line":136,"column":7}},"40":{"start":{"line":140,"column":20},"end":{"line":140,"column":115}},"41":{"start":{"line":141,"column":4},"end":{"line":141,"column":67}},"42":{"start":{"line":141,"column":18},"end":{"line":141,"column":67}},"43":{"start":{"line":143,"column":4},"end":{"line":143,"column":67}},"44":{"start":{"line":145,"column":4},"end":{"line":153,"column":5}},"45":{"start":{"line":146,"column":26},"end":{"line":146,"column":106}},"46":{"start":{"line":147,"column":6},"end":{"line":152,"column":7}},"47":{"start":{"line":148,"column":8},"end":{"line":151,"column":11}},"48":{"start":{"line":155,"column":4},"end":{"line":155,"column":42}},"49":{"start":{"line":159,"column":4},"end":{"line":172,"column":7}},"50":{"start":{"line":176,"column":17},"end":{"line":190,"column":6}},"51":{"start":{"line":192,"column":4},"end":{"line":192,"column":61}},"52":{"start":{"line":192,"column":15},"end":{"line":192,"column":61}},"53":{"start":{"line":194,"column":24},"end":{"line":194,"column":42}},"54":{"start":{"line":195,"column":26},"end":{"line":197,"column":59}},"55":{"start":{"line":196,"column":19},"end":{"line":196,"column":45}},"56":{"start":{"line":197,"column":30},"end":{"line":197,"column":55}},"57":{"start":{"line":198,"column":30},"end":{"line":198,"column":79}},"58":{"start":{"line":200,"column":4},"end":{"line":208,"column":6}},"59":{"start":{"line":7,"column":13},"end":{"line":7,"column":25}},"60":{"start":{"line":7,"column":13},"end":{"line":210,"column":null}}},"fnMap":{"0":{"name":"(anonymous_2)","decl":{"start":{"line":8,"column":2},"end":{"line":8,"column":22}},"loc":{"start":{"line":8,"column":43},"end":{"line":8,"column":47}}},"1":{"name":"(anonymous_3)","decl":{"start":{"line":10,"column":2},"end":{"line":10,"column":7}},"loc":{"start":{"line":10,"column":33},"end":{"line":20,"column":3}}},"2":{"name":"(anonymous_4)","decl":{"start":{"line":22,"column":2},"end":{"line":22,"column":7}},"loc":{"start":{"line":22,"column":24},"end":{"line":29,"column":3}}},"3":{"name":"(anonymous_5)","decl":{"start":{"line":31,"column":2},"end":{"line":31,"column":7}},"loc":{"start":{"line":31,"column":33},"end":{"line":46,"column":3}}},"4":{"name":"(anonymous_6)","decl":{"start":{"line":48,"column":2},"end":{"line":48,"column":7}},"loc":{"start":{"line":48,"column":101},"end":{"line":62,"column":3}}},"5":{"name":"(anonymous_7)","decl":{"start":{"line":64,"column":2},"end":{"line":64,"column":7}},"loc":{"start":{"line":64,"column":48},"end":{"line":78,"column":3}}},"6":{"name":"(anonymous_8)","decl":{"start":{"line":80,"column":2},"end":{"line":80,"column":7}},"loc":{"start":{"line":80,"column":35},"end":{"line":85,"column":3}}},"7":{"name":"(anonymous_9)","decl":{"start":{"line":87,"column":2},"end":{"line":87,"column":7}},"loc":{"start":{"line":87,"column":44},"end":{"line":105,"column":3}}},"8":{"name":"(anonymous_10)","decl":{"start":{"line":107,"column":2},"end":{"line":107,"column":7}},"loc":{"start":{"line":107,"column":66},"end":{"line":122,"column":3}}},"9":{"name":"(anonymous_11)","decl":{"start":{"line":124,"column":2},"end":{"line":124,"column":7}},"loc":{"start":{"line":124,"column":59},"end":{"line":137,"column":3}}},"10":{"name":"(anonymous_12)","decl":{"start":{"line":139,"column":2},"end":{"line":139,"column":7}},"loc":{"start":{"line":139,"column":55},"end":{"line":156,"column":3}}},"11":{"name":"(anonymous_13)","decl":{"start":{"line":158,"column":2},"end":{"line":158,"column":7}},"loc":{"start":{"line":158,"column":19},"end":{"line":173,"column":3}}},"12":{"name":"(anonymous_14)","decl":{"start":{"line":175,"column":2},"end":{"line":175,"column":7}},"loc":{"start":{"line":175,"column":37},"end":{"line":209,"column":3}}},"13":{"name":"(anonymous_15)","decl":{"start":{"line":196,"column":14},"end":{"line":196,"column":15}},"loc":{"start":{"line":196,"column":19},"end":{"line":196,"column":45}}},"14":{"name":"(anonymous_16)","decl":{"start":{"line":197,"column":14},"end":{"line":197,"column":15}},"loc":{"start":{"line":197,"column":30},"end":{"line":197,"column":55}}}},"branchMap":{"0":{"loc":{"start":{"line":11,"column":4},"end":{"line":11,"column":28}},"type":"if","locations":[{"start":{"line":11,"column":4},"end":{"line":11,"column":28}}]},"1":{"loc":{"start":{"line":26,"column":15},"end":{"line":26,"column":72}},"type":"cond-expr","locations":[{"start":{"line":26,"column":28},"end":{"line":26,"column":59}},{"start":{"line":26,"column":62},"end":{"line":26,"column":72}}]},"2":{"loc":{"start":{"line":44,"column":4},"end":{"line":44,"column":61}},"type":"if","locations":[{"start":{"line":44,"column":4},"end":{"line":44,"column":61}}]},"3":{"loc":{"start":{"line":66,"column":4},"end":{"line":66,"column":61}},"type":"if","locations":[{"start":{"line":66,"column":4},"end":{"line":66,"column":61}}]},"4":{"loc":{"start":{"line":68,"column":63},"end":{"line":68,"column":86}},"type":"binary-expr","locations":[{"start":{"line":68,"column":63},"end":{"line":68,"column":80}},{"start":{"line":68,"column":84},"end":{"line":68,"column":86}}]},"5":{"loc":{"start":{"line":69,"column":4},"end":{"line":69,"column":76}},"type":"if","locations":[{"start":{"line":69,"column":4},"end":{"line":69,"column":76}}]},"6":{"loc":{"start":{"line":89,"column":22},"end":{"line":89,"column":51}},"type":"binary-expr","locations":[{"start":{"line":89,"column":22},"end":{"line":89,"column":33}},{"start":{"line":89,"column":37},"end":{"line":89,"column":51}}]},"7":{"loc":{"start":{"line":91,"column":4},"end":{"line":96,"column":5}},"type":"if","locations":[{"start":{"line":91,"column":4},"end":{"line":96,"column":5}}]},"8":{"loc":{"start":{"line":109,"column":4},"end":{"line":109,"column":67}},"type":"if","locations":[{"start":{"line":109,"column":4},"end":{"line":109,"column":67}}]},"9":{"loc":{"start":{"line":111,"column":4},"end":{"line":116,"column":5}},"type":"if","locations":[{"start":{"line":111,"column":4},"end":{"line":116,"column":5}}]},"10":{"loc":{"start":{"line":126,"column":4},"end":{"line":126,"column":67}},"type":"if","locations":[{"start":{"line":126,"column":4},"end":{"line":126,"column":67}}]},"11":{"loc":{"start":{"line":141,"column":4},"end":{"line":141,"column":67}},"type":"if","locations":[{"start":{"line":141,"column":4},"end":{"line":141,"column":67}}]},"12":{"loc":{"start":{"line":145,"column":4},"end":{"line":153,"column":5}},"type":"if","locations":[{"start":{"line":145,"column":4},"end":{"line":153,"column":5}}]},"13":{"loc":{"start":{"line":147,"column":6},"end":{"line":152,"column":7}},"type":"if","locations":[{"start":{"line":147,"column":6},"end":{"line":152,"column":7}}]},"14":{"loc":{"start":{"line":192,"column":4},"end":{"line":192,"column":61}},"type":"if","locations":[{"start":{"line":192,"column":4},"end":{"line":192,"column":61}}]},"15":{"loc":{"start":{"line":198,"column":30},"end":{"line":198,"column":79}},"type":"cond-expr","locations":[{"start":{"line":198,"column":48},"end":{"line":198,"column":75}},{"start":{"line":198,"column":78},"end":{"line":198,"column":79}}]}},"s":{"0":1,"1":1,"2":1,"3":1,"4":0,"5":0,"6":0,"7":0,"8":0,"9":0,"10":0,"11":0,"12":0,"13":0,"14":0,"15":0,"16":0,"17":0,"18":0,"19":0,"20":0,"21":0,"22":0,"23":0,"24":0,"25":0,"26":0,"27":0,"28":0,"29":0,"30":0,"31":0,"32":0,"33":0,"34":0,"35":0,"36":0,"37":0,"38":0,"39":0,"40":0,"41":0,"42":0,"43":0,"44":0,"45":0,"46":0,"47":0,"48":0,"49":0,"50":0,"51":0,"52":0,"53":0,"54":0,"55":0,"56":0,"57":0,"58":0,"59":1,"60":1},"f":{"0":0,"1":0,"2":0,"3":0,"4":0,"5":0,"6":0,"7":0,"8":0,"9":0,"10":0,"11":0,"12":0,"13":0,"14":0},"b":{"0":[0],"1":[0,0],"2":[0],"3":[0],"4":[0,0],"5":[0],"6":[0,0],"7":[0],"8":[0],"9":[0],"10":[0],"11":[0],"12":[0],"13":[0],"14":[0],"15":[0,0]}}
,"C:\\Users\\adts-\\Desktop\\almonds\\auremont-backend\\src\\users\\dto\\address.dto.ts": {"path":"C:\\Users\\adts-\\Desktop\\almonds\\auremont-backend\\src\\users\\dto\\address.dto.ts","statementMap":{"0":{"start":{"line":1,"column":0},"end":{"line":1,"column":66}},"1":{"start":{"line":3,"column":0},"end":{"line":3,"column":13}},"2":{"start":{"line":5,"column":2},"end":{"line":5,"column":null}},"3":{"start":{"line":8,"column":2},"end":{"line":8,"column":null}},"4":{"start":{"line":11,"column":2},"end":{"line":11,"column":null}},"5":{"start":{"line":15,"column":2},"end":{"line":15,"column":null}},"6":{"start":{"line":18,"column":2},"end":{"line":18,"column":null}},"7":{"start":{"line":21,"column":2},"end":{"line":21,"column":null}},"8":{"start":{"line":24,"column":2},"end":{"line":24,"column":null}},"9":{"start":{"line":27,"column":2},"end":{"line":27,"column":null}},"10":{"start":{"line":31,"column":2},"end":{"line":31,"column":null}}},"fnMap":{},"branchMap":{},"s":{"0":0,"1":0,"2":0,"3":0,"4":0,"5":0,"6":0,"7":0,"8":0,"9":0,"10":0},"f":{},"b":{}}
,"C:\\Users\\adts-\\Desktop\\almonds\\auremont-backend\\src\\users\\dto\\change-password.dto.ts": {"path":"C:\\Users\\adts-\\Desktop\\almonds\\auremont-backend\\src\\users\\dto\\change-password.dto.ts","statementMap":{"0":{"start":{"line":1,"column":0},"end":{"line":1,"column":54}},"1":{"start":{"line":3,"column":0},"end":{"line":3,"column":13}},"2":{"start":{"line":6,"column":2},"end":{"line":6,"column":null}},"3":{"start":{"line":10,"column":2},"end":{"line":10,"column":null}}},"fnMap":{},"branchMap":{},"s":{"0":0,"1":0,"2":0,"3":0},"f":{},"b":{}}
,"C:\\Users\\adts-\\Desktop\\almonds\\auremont-backend\\src\\users\\dto\\update-profile.dto.ts": {"path":"C:\\Users\\adts-\\Desktop\\almonds\\auremont-backend\\src\\users\\dto\\update-profile.dto.ts","statementMap":{"0":{"start":{"line":1,"column":0},"end":{"line":1,"column":70}},"1":{"start":{"line":3,"column":0},"end":{"line":3,"column":13}},"2":{"start":{"line":6,"column":2},"end":{"line":6,"column":null}},"3":{"start":{"line":10,"column":2},"end":{"line":10,"column":null}},"4":{"start":{"line":14,"column":2},"end":{"line":14,"column":null}}},"fnMap":{},"branchMap":{},"s":{"0":0,"1":0,"2":0,"3":0,"4":0},"f":{},"b":{}}
,"C:\\Users\\adts-\\Desktop\\almonds\\auremont-backend\\src\\wishlist\\wishlist.controller.ts": {"path":"C:\\Users\\adts-\\Desktop\\almonds\\auremont-backend\\src\\wishlist\\wishlist.controller.ts","statementMap":{"0":{"start":{"line":1,"column":0},"end":{"line":1,"column":87}},"1":{"start":{"line":2,"column":0},"end":{"line":2,"column":53}},"2":{"start":{"line":3,"column":0},"end":{"line":3,"column":54}},"3":{"start":{"line":4,"column":0},"end":{"line":4,"column":53}},"4":{"start":{"line":8,"column":7},"end":{"line":29,"column":null}},"5":{"start":{"line":9,"column":31},"end":{"line":9,"column":48}},"6":{"start":{"line":13,"column":4},"end":{"line":13,"column":53}},"7":{"start":{"line":18,"column":4},"end":{"line":18,"column":68}},"8":{"start":{"line":26,"column":4},"end":{"line":26,"column":65}},"9":{"start":{"line":27,"column":4},"end":{"line":27,"column":29}},"10":{"start":{"line":8,"column":13},"end":{"line":8,"column":31}},"11":{"start":{"line":12,"column":8},"end":{"line":14,"column":null}},"12":{"start":{"line":17,"column":8},"end":{"line":19,"column":null}},"13":{"start":{"line":22,"column":8},"end":{"line":28,"column":null}},"14":{"start":{"line":8,"column":13},"end":{"line":29,"column":null}}},"fnMap":{"0":{"name":"(anonymous_4)","decl":{"start":{"line":9,"column":2},"end":{"line":9,"column":31}},"loc":{"start":{"line":9,"column":63},"end":{"line":9,"column":67}}},"1":{"name":"(anonymous_5)","decl":{"start":{"line":12,"column":2},"end":{"line":12,"column":7}},"loc":{"start":{"line":12,"column":42},"end":{"line":14,"column":3}}},"2":{"name":"(anonymous_6)","decl":{"start":{"line":17,"column":2},"end":{"line":17,"column":7}},"loc":{"start":{"line":17,"column":76},"end":{"line":19,"column":3}}},"3":{"name":"(anonymous_7)","decl":{"start":{"line":22,"column":2},"end":{"line":22,"column":7}},"loc":{"start":{"line":24,"column":24},"end":{"line":28,"column":3}}}},"branchMap":{},"s":{"0":0,"1":0,"2":0,"3":0,"4":0,"5":0,"6":0,"7":0,"8":0,"9":0,"10":0,"11":0,"12":0,"13":0,"14":0},"f":{"0":0,"1":0,"2":0,"3":0},"b":{}}
,"C:\\Users\\adts-\\Desktop\\almonds\\auremont-backend\\src\\wishlist\\wishlist.module.ts": {"path":"C:\\Users\\adts-\\Desktop\\almonds\\auremont-backend\\src\\wishlist\\wishlist.module.ts","statementMap":{"0":{"start":{"line":1,"column":0},"end":{"line":1,"column":40}},"1":{"start":{"line":2,"column":0},"end":{"line":2,"column":59}},"2":{"start":{"line":3,"column":0},"end":{"line":3,"column":53}},"3":{"start":{"line":10,"column":7},"end":{"line":10,"column":null}},"4":{"start":{"line":10,"column":13},"end":{"line":10,"column":27}},"5":{"start":{"line":10,"column":13},"end":{"line":10,"column":null}}},"fnMap":{},"branchMap":{},"s":{"0":0,"1":0,"2":0,"3":0,"4":0,"5":0},"f":{},"b":{}}
,"C:\\Users\\adts-\\Desktop\\almonds\\auremont-backend\\src\\wishlist\\wishlist.service.ts": {"path":"C:\\Users\\adts-\\Desktop\\almonds\\auremont-backend\\src\\wishlist\\wishlist.service.ts","statementMap":{"0":{"start":{"line":1,"column":0},"end":{"line":1,"column":84}},"1":{"start":{"line":3,"column":0},"end":{"line":3,"column":57}},"2":{"start":{"line":6,"column":7},"end":{"line":48,"column":null}},"3":{"start":{"line":7,"column":22},"end":{"line":7,"column":30}},"4":{"start":{"line":10,"column":4},"end":{"line":14,"column":7}},"5":{"start":{"line":18,"column":21},"end":{"line":20,"column":6}},"6":{"start":{"line":22,"column":4},"end":{"line":24,"column":5}},"7":{"start":{"line":23,"column":6},"end":{"line":23,"column":67}},"8":{"start":{"line":26,"column":4},"end":{"line":32,"column":7}},"9":{"start":{"line":36,"column":21},"end":{"line":38,"column":6}},"10":{"start":{"line":40,"column":4},"end":{"line":42,"column":5}},"11":{"start":{"line":41,"column":6},"end":{"line":41,"column":61}},"12":{"start":{"line":44,"column":4},"end":{"line":46,"column":7}},"13":{"start":{"line":6,"column":13},"end":{"line":6,"column":28}},"14":{"start":{"line":6,"column":13},"end":{"line":48,"column":null}}},"fnMap":{"0":{"name":"(anonymous_2)","decl":{"start":{"line":7,"column":2},"end":{"line":7,"column":22}},"loc":{"start":{"line":7,"column":43},"end":{"line":7,"column":47}}},"1":{"name":"(anonymous_3)","decl":{"start":{"line":9,"column":2},"end":{"line":9,"column":7}},"loc":{"start":{"line":9,"column":34},"end":{"line":15,"column":3}}},"2":{"name":"(anonymous_4)","decl":{"start":{"line":17,"column":2},"end":{"line":17,"column":7}},"loc":{"start":{"line":17,"column":52},"end":{"line":33,"column":3}}},"3":{"name":"(anonymous_5)","decl":{"start":{"line":35,"column":2},"end":{"line":35,"column":7}},"loc":{"start":{"line":35,"column":55},"end":{"line":47,"column":3}}}},"branchMap":{"0":{"loc":{"start":{"line":22,"column":4},"end":{"line":24,"column":5}},"type":"if","locations":[{"start":{"line":22,"column":4},"end":{"line":24,"column":5}}]},"1":{"loc":{"start":{"line":40,"column":4},"end":{"line":42,"column":5}},"type":"if","locations":[{"start":{"line":40,"column":4},"end":{"line":42,"column":5}}]}},"s":{"0":0,"1":0,"2":0,"3":0,"4":0,"5":0,"6":0,"7":0,"8":0,"9":0,"10":0,"11":0,"12":0,"13":0,"14":0},"f":{"0":0,"1":0,"2":0,"3":0},"b":{"0":[0],"1":[0]}}
}
