TN:
SF:src\all-exceptions.filter.ts
FN:6,(anonymous_1)
FNF:1
FNH:0
FNDA:0,(anonymous_1)
DA:1,0
DA:5,0
DA:7,0
DA:8,0
DA:9,0
DA:12,0
DA:13,0
DA:14,0
DA:15,0
DA:16,0
DA:17,0
DA:18,0
DA:20,0
DA:21,0
DA:23,0
DA:25,0
DA:26,0
DA:28,0
DA:34,0
DA:35,0
DA:36,0
DA:37,0
DA:39,0
DA:42,0
DA:46,0
DA:47,0
LF:26
LH:0
BRDA:16,0,0,0
BRDA:23,1,0,0
BRDA:34,2,0,0
BRDA:34,2,1,0
BRDA:36,3,0,0
BRDA:36,4,0,0
BRDA:36,4,1,0
BRDA:51,5,0,0
BRDA:51,5,1,0
BRDA:54,6,0,0
BRDA:54,6,1,0
BRF:11
BRH:0
end_of_record
TN:
SF:src\app.module.ts
FNF:0
FNH:0
DA:1,0
DA:2,0
DA:3,0
DA:4,0
DA:5,0
DA:6,0
DA:7,0
DA:8,0
DA:9,0
DA:10,0
DA:11,0
DA:12,0
DA:13,0
DA:14,0
DA:15,0
DA:16,0
DA:17,0
DA:18,0
DA:19,0
DA:20,0
DA:53,0
LF:21
LH:0
BRF:0
BRH:0
end_of_record
TN:
SF:src\health.controller.ts
FN:7,(anonymous_2)
FN:18,(anonymous_3)
FNF:2
FNH:0
FNDA:0,(anonymous_2)
FNDA:0,(anonymous_3)
DA:1,0
DA:4,0
DA:7,0
DA:8,0
DA:18,0
DA:19,0
LF:6
LH:0
BRF:0
BRH:0
end_of_record
TN:
SF:src\jest-globals.d.ts
FNF:0
FNH:0
LF:0
LH:0
BRF:0
BRH:0
end_of_record
TN:
SF:src\main.ts
FN:12,bootstrap
FN:31,(anonymous_1)
FNF:2
FNH:0
FNDA:0,bootstrap
FNDA:0,(anonymous_1)
DA:1,0
DA:2,0
DA:3,0
DA:4,0
DA:5,0
DA:8,0
DA:9,0
DA:10,0
DA:13,0
DA:16,0
DA:19,0
DA:30,0
DA:32,0
DA:33,0
DA:34,0
DA:39,0
DA:41,0
DA:49,0
DA:50,0
DA:52,0
DA:58,0
DA:60,0
DA:61,0
DA:62,0
DA:64,0
LF:25
LH:0
BRDA:32,0,0,0
BRDA:34,1,0,0
BRDA:34,1,1,0
BRDA:35,2,0,0
BRDA:35,2,1,0
BRDA:35,2,2,0
BRDA:35,2,3,0
BRDA:60,3,0,0
BRDA:60,3,1,0
BRF:9
BRH:0
end_of_record
TN:
SF:src\supertest-ambient.d.ts
FNF:0
FNH:0
LF:0
LH:0
BRF:0
BRH:0
end_of_record
TN:
SF:src\admin\admin.module.ts
FNF:0
FNH:0
DA:1,0
DA:2,0
DA:3,0
DA:4,0
DA:5,0
DA:6,0
DA:8,0
DA:9,0
DA:10,0
DA:11,0
DA:12,0
DA:13,0
DA:31,0
LF:13
LH:0
BRDA:24,0,0,0
BRDA:24,0,1,0
BRF:2
BRH:0
end_of_record
TN:
SF:src\admin\auth\admin-auth.guard.ts
FN:6,(anonymous_2)
FN:10,(anonymous_3)
FN:12,(anonymous_4)
FN:52,(anonymous_5)
FNF:4
FNH:0
FNDA:0,(anonymous_2)
FNDA:0,(anonymous_3)
FNDA:0,(anonymous_4)
FNDA:0,(anonymous_5)
DA:1,0
DA:2,0
DA:3,0
DA:5,0
DA:6,0
DA:9,0
DA:10,0
DA:13,0
DA:14,0
DA:16,0
DA:17,0
DA:20,0
DA:21,0
DA:24,0
DA:26,0
DA:30,0
DA:35,0
DA:36,0
DA:39,0
DA:40,0
DA:41,0
DA:42,0
DA:45,0
DA:46,0
DA:49,0
DA:53,0
DA:54,0
LF:27
LH:0
BRDA:16,0,0,0
BRDA:22,1,0,0
BRDA:22,1,1,0
BRDA:35,2,0,0
BRDA:40,3,0,0
BRDA:40,3,1,0
BRDA:41,4,0,0
BRDA:45,5,0,0
BRDA:53,6,0,0
BRDA:53,6,1,0
BRDA:54,7,0,0
BRDA:54,7,1,0
BRF:12
BRH:0
end_of_record
TN:
SF:src\admin\customers\customers.controller.ts
FN:9,(anonymous_4)
FN:13,(anonymous_5)
FN:27,(anonymous_6)
FN:33,(anonymous_7)
FNF:4
FNH:0
FNDA:0,(anonymous_4)
FNDA:0,(anonymous_5)
FNDA:0,(anonymous_6)
FNDA:0,(anonymous_7)
DA:1,0
DA:2,0
DA:3,0
DA:4,0
DA:8,0
DA:9,0
DA:13,0
DA:18,0
DA:27,0
DA:28,0
DA:33,0
DA:38,0
LF:12
LH:0
BRDA:19,0,0,0
BRDA:19,0,1,0
BRDA:20,1,0,0
BRDA:20,1,1,0
BRF:4
BRH:0
end_of_record
TN:
SF:src\admin\customers\customers.module.ts
FNF:0
FNH:0
DA:1,0
DA:2,0
DA:3,0
DA:4,0
DA:5,0
DA:12,0
LF:6
LH:0
BRF:0
BRH:0
end_of_record
TN:
SF:src\admin\customers\customers.service.ts
FN:7,(anonymous_2)
FN:9,(anonymous_3)
FN:38,(anonymous_4)
FN:59,(anonymous_5)
FN:85,(anonymous_6)
FN:98,(anonymous_7)
FNF:6
FNH:0
FNDA:0,(anonymous_2)
FNDA:0,(anonymous_3)
FNDA:0,(anonymous_4)
FNDA:0,(anonymous_5)
FNDA:0,(anonymous_6)
FNDA:0,(anonymous_7)
DA:1,0
DA:2,0
DA:6,0
DA:7,0
DA:10,0
DA:12,0
DA:13,0
DA:14,0
DA:21,0
DA:38,0
DA:48,0
DA:60,0
DA:74,0
DA:75,0
DA:79,0
DA:84,0
DA:85,0
DA:86,0
DA:88,0
DA:99,0
DA:100,0
DA:101,0
DA:104,0
DA:109,0
DA:120,0
LF:25
LH:0
BRDA:9,0,0,0
BRDA:9,1,0,0
BRDA:13,2,0,0
BRDA:74,3,0,0
BRDA:86,4,0,0
BRDA:86,4,1,0
BRDA:100,5,0,0
BRF:7
BRH:0
end_of_record
TN:
SF:src\admin\dashboard\dashboard.controller.ts
FN:7,(anonymous_2)
FN:12,(anonymous_3)
FNF:2
FNH:0
FNDA:0,(anonymous_2)
FNDA:0,(anonymous_3)
DA:1,0
DA:2,0
DA:3,0
DA:6,0
DA:7,0
DA:12,0
DA:13,0
LF:7
LH:0
BRF:0
BRH:0
end_of_record
TN:
SF:src\admin\dashboard\dashboard.service.ts
FN:6,(anonymous_2)
FN:8,(anonymous_3)
FNF:2
FNH:0
FNDA:0,(anonymous_2)
FNDA:0,(anonymous_3)
DA:1,0
DA:2,0
DA:5,0
DA:6,0
DA:9,0
DA:10,0
DA:12,0
DA:20,0
DA:29,0
DA:35,0
DA:40,0
LF:11
LH:0
BRDA:41,0,0,0
BRDA:41,0,1,0
BRDA:42,1,0,0
BRDA:42,1,1,0
BRF:4
BRH:0
end_of_record
TN:
SF:src\admin\inventory\inventory.controller.ts
FN:8,(anonymous_4)
FN:12,(anonymous_5)
FN:26,(anonymous_6)
FN:32,(anonymous_7)
FNF:4
FNH:0
FNDA:0,(anonymous_4)
FNDA:0,(anonymous_5)
FNDA:0,(anonymous_6)
FNDA:0,(anonymous_7)
DA:1,0
DA:2,0
DA:3,0
DA:7,0
DA:8,0
DA:12,0
DA:17,0
DA:26,0
DA:27,0
DA:32,0
DA:38,0
LF:11
LH:0
BRDA:18,0,0,0
BRDA:18,0,1,0
BRDA:19,1,0,0
BRDA:19,1,1,0
BRF:4
BRH:0
end_of_record
TN:
SF:src\admin\inventory\inventory.module.ts
FNF:0
FNH:0
DA:1,0
DA:2,0
DA:3,0
DA:4,0
DA:5,0
DA:12,0
LF:6
LH:0
BRF:0
BRH:0
end_of_record
TN:
SF:src\admin\inventory\inventory.service.ts
FN:6,(anonymous_2)
FN:8,(anonymous_3)
FN:48,(anonymous_4)
FN:60,(anonymous_5)
FN:64,(anonymous_6)
FNF:5
FNH:0
FNDA:0,(anonymous_2)
FNDA:0,(anonymous_3)
FNDA:0,(anonymous_4)
FNDA:0,(anonymous_5)
FNDA:0,(anonymous_6)
DA:1,0
DA:2,0
DA:5,0
DA:6,0
DA:9,0
DA:11,0
DA:12,0
DA:13,0
DA:19,0
DA:37,0
DA:49,0
DA:50,0
DA:52,0
DA:57,0
DA:61,0
DA:62,0
DA:64,0
DA:66,0
DA:76,0
DA:82,0
LF:20
LH:0
BRDA:8,0,0,0
BRDA:8,1,0,0
BRDA:12,2,0,0
BRDA:50,3,0,0
BRDA:62,4,0,0
BRF:5
BRH:0
end_of_record
TN:
SF:src\admin\operations\operations.controller.ts
FN:8,(anonymous_4)
FN:12,(anonymous_5)
FN:18,(anonymous_6)
FN:24,(anonymous_7)
FNF:4
FNH:0
FNDA:0,(anonymous_4)
FNDA:0,(anonymous_5)
FNDA:0,(anonymous_6)
FNDA:0,(anonymous_7)
DA:1,0
DA:2,0
DA:3,0
DA:7,0
DA:8,0
DA:12,0
DA:13,0
DA:18,0
DA:19,0
DA:24,0
DA:28,0
LF:11
LH:0
BRDA:29,0,0,0
BRDA:29,0,1,0
BRDA:30,1,0,0
BRDA:30,1,1,0
BRF:4
BRH:0
end_of_record
TN:
SF:src\admin\operations\operations.module.ts
FNF:0
FNH:0
DA:1,0
DA:2,0
DA:3,0
DA:4,0
DA:5,0
DA:12,0
LF:6
LH:0
BRF:0
BRH:0
end_of_record
TN:
SF:src\admin\operations\operations.service.ts
FN:6,(anonymous_2)
FN:32,(anonymous_3)
FN:36,(anonymous_4)
FN:51,(anonymous_5)
FNF:4
FNH:0
FNDA:0,(anonymous_2)
FNDA:0,(anonymous_3)
FNDA:0,(anonymous_4)
FNDA:0,(anonymous_5)
DA:1,0
DA:2,0
DA:5,0
DA:6,0
DA:9,0
DA:33,0
DA:37,0
DA:47,0
DA:48,0
DA:52,0
DA:54,0
DA:66,0
LF:12
LH:0
BRDA:42,0,0,0
BRDA:42,0,1,0
BRDA:45,1,0,0
BRDA:45,1,1,0
BRDA:51,2,0,0
BRDA:51,3,0,0
BRF:6
BRH:0
end_of_record
TN:
SF:src\admin\orders\orders.controller.ts
FN:9,(anonymous_4)
FN:13,(anonymous_5)
FN:29,(anonymous_6)
FN:35,(anonymous_7)
FN:46,(anonymous_8)
FNF:5
FNH:0
FNDA:0,(anonymous_4)
FNDA:0,(anonymous_5)
FNDA:0,(anonymous_6)
FNDA:0,(anonymous_7)
FNDA:0,(anonymous_8)
DA:1,0
DA:2,0
DA:3,0
DA:4,0
DA:8,0
DA:9,0
DA:13,0
DA:19,0
DA:29,0
DA:30,0
DA:35,0
DA:40,0
DA:41,0
DA:46,0
DA:51,0
DA:52,0
LF:16
LH:0
BRDA:20,0,0,0
BRDA:20,0,1,0
BRDA:21,1,0,0
BRDA:21,1,1,0
BRDA:40,2,0,0
BRDA:40,2,1,0
BRDA:51,3,0,0
BRDA:51,3,1,0
BRF:8
BRH:0
end_of_record
TN:
SF:src\admin\orders\orders.module.ts
FNF:0
FNH:0
DA:1,0
DA:2,0
DA:3,0
DA:4,0
DA:5,0
DA:12,0
LF:6
LH:0
BRF:0
BRH:0
end_of_record
TN:
SF:src\admin\orders\orders.service.ts
FN:7,(anonymous_2)
FN:9,(anonymous_3)
FN:49,(anonymous_4)
FN:68,(anonymous_5)
FN:99,(anonymous_6)
FNF:5
FNH:0
FNDA:0,(anonymous_2)
FNDA:0,(anonymous_3)
FNDA:0,(anonymous_4)
FNDA:0,(anonymous_5)
FNDA:0,(anonymous_6)
DA:1,0
DA:2,0
DA:6,0
DA:7,0
DA:10,0
DA:12,0
DA:13,0
DA:14,0
DA:20,0
DA:21,0
DA:24,0
DA:38,0
DA:50,0
DA:61,0
DA:62,0
DA:65,0
DA:69,0
DA:70,0
DA:71,0
DA:74,0
DA:79,0
DA:80,0
DA:81,0
DA:92,0
DA:96,0
DA:100,0
DA:101,0
DA:102,0
DA:105,0
DA:110,0
DA:111,0
DA:112,0
DA:123,0
DA:127,0
LF:34
LH:0
BRDA:9,0,0,0
BRDA:9,1,0,0
BRDA:13,2,0,0
BRDA:20,3,0,0
BRDA:61,4,0,0
BRDA:70,5,0,0
BRDA:79,6,0,0
BRDA:101,7,0,0
BRDA:110,8,0,0
BRF:9
BRH:0
end_of_record
TN:
SF:src\admin\products\admin-products.controller.ts
FN:8,(anonymous_4)
FN:12,(anonymous_5)
FN:23,(anonymous_6)
FNF:3
FNH:0
FNDA:0,(anonymous_4)
FNDA:0,(anonymous_5)
FNDA:0,(anonymous_6)
DA:1,0
DA:2,0
DA:3,0
DA:7,0
DA:8,0
DA:12,0
DA:17,0
DA:18,0
DA:23,0
DA:26,0
DA:27,0
LF:11
LH:0
BRDA:13,0,0,0
BRDA:14,1,0,0
BRDA:26,2,0,0
BRDA:26,2,1,0
BRF:4
BRH:0
end_of_record
TN:
SF:src\admin\products\admin-products.service.ts
FN:6,(anonymous_2)
FN:8,(anonymous_3)
FN:32,(anonymous_4)
FN:33,(anonymous_5)
FNF:4
FNH:0
FNDA:0,(anonymous_2)
FNDA:0,(anonymous_3)
FNDA:0,(anonymous_4)
FNDA:0,(anonymous_5)
DA:1,0
DA:2,0
DA:5,0
DA:6,0
DA:9,0
DA:18,0
DA:29,0
DA:33,0
DA:34,0
DA:36,0
DA:46,0
LF:11
LH:0
BRDA:9,0,0,0
BRDA:9,0,1,0
BRF:2
BRH:0
end_of_record
TN:
SF:src\admin\reviews\reviews.controller.ts
FN:9,(anonymous_4)
FN:13,(anonymous_5)
FN:27,(anonymous_6)
FNF:3
FNH:0
FNDA:0,(anonymous_4)
FNDA:0,(anonymous_5)
FNDA:0,(anonymous_6)
DA:1,0
DA:2,0
DA:3,0
DA:4,0
DA:8,0
DA:9,0
DA:13,0
DA:18,0
DA:27,0
DA:32,0
LF:10
LH:0
BRDA:19,0,0,0
BRDA:19,0,1,0
BRDA:20,1,0,0
BRDA:20,1,1,0
BRF:4
BRH:0
end_of_record
TN:
SF:src\admin\reviews\reviews.module.ts
FNF:0
FNH:0
DA:1,0
DA:2,0
DA:3,0
DA:4,0
DA:5,0
DA:12,0
LF:6
LH:0
BRF:0
BRH:0
end_of_record
TN:
SF:src\admin\reviews\reviews.service.ts
FN:7,(anonymous_2)
FN:9,(anonymous_3)
FN:42,(anonymous_4)
FNF:3
FNH:0
FNDA:0,(anonymous_2)
FNDA:0,(anonymous_3)
FNDA:0,(anonymous_4)
DA:1,0
DA:2,0
DA:6,0
DA:7,0
DA:10,0
DA:12,0
DA:13,0
DA:14,0
DA:17,0
DA:31,0
DA:43,0
DA:44,0
DA:46,0
DA:51,0
DA:62,0
LF:15
LH:0
BRDA:9,0,0,0
BRDA:9,1,0,0
BRDA:13,2,0,0
BRDA:44,3,0,0
BRF:4
BRH:0
end_of_record
TN:
SF:src\audit\audit.controller.ts
FN:10,(anonymous_2)
FN:14,(anonymous_3)
FNF:2
FNH:0
FNDA:0,(anonymous_2)
FNDA:0,(anonymous_3)
DA:1,0
DA:2,0
DA:3,0
DA:4,0
DA:5,0
DA:9,0
DA:10,0
DA:14,0
DA:15,0
LF:9
LH:0
BRF:0
BRH:0
end_of_record
TN:
SF:src\audit\audit.module.ts
FNF:0
FNH:0
DA:1,0
DA:2,0
DA:3,0
DA:10,0
LF:4
LH:0
BRF:0
BRH:0
end_of_record
TN:
SF:src\audit\audit.service.ts
FN:6,(anonymous_2)
FN:8,(anonymous_3)
FN:18,(anonymous_4)
FNF:3
FNH:0
FNDA:0,(anonymous_2)
FNDA:0,(anonymous_3)
FNDA:0,(anonymous_4)
DA:1,2
DA:2,2
DA:5,2
DA:6,0
DA:15,0
DA:19,0
LF:6
LH:3
BRF:0
BRH:0
end_of_record
TN:
SF:src\auth\auth.controller.ts
FN:12,(anonymous_4)
FN:17,(anonymous_5)
FN:40,(anonymous_6)
FN:63,(anonymous_7)
FN:75,(anonymous_8)
FN:94,(anonymous_9)
FN:99,(anonymous_10)
FN:104,(anonymous_11)
FNF:8
FNH:0
FNDA:0,(anonymous_4)
FNDA:0,(anonymous_5)
FNDA:0,(anonymous_6)
FNDA:0,(anonymous_7)
FNDA:0,(anonymous_8)
FNDA:0,(anonymous_9)
FNDA:0,(anonymous_10)
FNDA:0,(anonymous_11)
DA:1,0
DA:2,0
DA:3,0
DA:4,0
DA:5,0
DA:6,0
DA:7,0
DA:11,0
DA:12,0
DA:17,0
DA:18,0
DA:19,0
DA:20,0
DA:23,0
DA:25,0
DA:32,0
DA:40,0
DA:41,0
DA:42,0
DA:43,0
DA:46,0
DA:48,0
DA:55,0
DA:63,0
DA:64,0
DA:65,0
DA:70,0
DA:75,0
DA:76,0
DA:78,0
DA:85,0
DA:94,0
DA:95,0
DA:99,0
DA:100,0
DA:104,0
DA:105,0
LF:37
LH:0
BRDA:19,0,0,0
BRDA:28,1,0,0
BRDA:28,1,1,0
BRDA:41,2,0,0
BRDA:41,2,1,0
BRDA:42,3,0,0
BRDA:51,4,0,0
BRDA:51,4,1,0
BRDA:68,5,0,0
BRDA:68,5,1,0
BRDA:81,6,0,0
BRDA:81,6,1,0
BRF:12
BRH:0
end_of_record
TN:
SF:src\auth\auth.module.ts
FNF:0
FNH:0
DA:1,0
DA:2,0
DA:3,0
DA:4,0
DA:5,0
DA:6,0
DA:7,0
DA:21,0
LF:8
LH:0
BRDA:13,0,0,0
BRDA:13,0,1,0
BRF:2
BRH:0
end_of_record
TN:
SF:src\auth\auth.service.ts
FN:10,(anonymous_2)
FN:16,(anonymous_3)
FN:64,(anonymous_4)
FN:73,(anonymous_5)
FN:94,(anonymous_6)
FN:126,(anonymous_7)
FN:133,(anonymous_8)
FN:156,(anonymous_9)
FN:184,(anonymous_10)
FNF:9
FNH:4
FNDA:6,(anonymous_2)
FNDA:0,(anonymous_3)
FNDA:3,(anonymous_4)
FNDA:2,(anonymous_5)
FNDA:0,(anonymous_6)
FNDA:0,(anonymous_7)
FNDA:2,(anonymous_8)
FNDA:0,(anonymous_9)
FNDA:0,(anonymous_10)
DA:1,1
DA:2,1
DA:3,1
DA:4,1
DA:5,1
DA:6,1
DA:9,1
DA:11,6
DA:12,6
DA:13,6
DA:17,0
DA:18,0
DA:19,0
DA:21,0
DA:34,0
DA:47,0
DA:65,3
DA:66,3
DA:67,1
DA:68,1
DA:70,2
DA:74,2
DA:75,2
DA:78,2
DA:79,2
DA:82,2
DA:87,2
DA:95,0
DA:96,0
DA:97,0
DA:99,0
DA:100,0
DA:103,0
DA:104,0
DA:105,0
DA:108,0
DA:109,0
DA:112,0
DA:113,0
DA:115,0
DA:120,0
DA:122,0
DA:127,0
DA:134,2
DA:135,2
DA:136,1
DA:138,1
DA:139,1
DA:145,1
DA:148,1
DA:150,1
DA:157,0
DA:158,0
DA:160,0
DA:163,0
DA:164,0
DA:165,0
DA:167,0
DA:173,0
DA:174,0
DA:175,0
DA:176,0
DA:177,0
DA:178,0
DA:179,0
DA:181,0
DA:185,0
DA:186,0
DA:187,0
DA:190,0
DA:191,0
DA:194,0
DA:195,0
DA:196,0
DA:199,0
DA:200,0
DA:205,0
LF:77
LH:29
BRDA:66,0,0,1
BRDA:66,1,0,3
BRDA:66,1,1,2
BRDA:66,1,2,2
BRDA:99,2,0,0
BRDA:99,3,0,0
BRDA:99,3,1,0
BRDA:104,4,0,0
BRDA:135,5,0,1
BRDA:158,6,0,0
BRDA:177,7,0,0
BRDA:177,7,1,0
BRDA:186,8,0,0
BRDA:186,9,0,0
BRDA:186,9,1,0
BRDA:186,9,2,0
BRDA:190,10,0,0
BRDA:195,11,0,0
BRF:18
BRH:5
end_of_record
TN:
SF:src\auth\get-user.decorator.ts
FN:4,(anonymous_0)
FNF:1
FNH:0
FNDA:0,(anonymous_0)
DA:1,0
DA:3,0
DA:5,0
DA:6,0
LF:4
LH:0
BRF:0
BRH:0
end_of_record
TN:
SF:src\auth\jwt-auth.guard.ts
FN:6,(anonymous_1)
FN:10,(anonymous_2)
FNF:2
FNH:0
FNDA:0,(anonymous_1)
FNDA:0,(anonymous_2)
DA:1,3
DA:2,3
DA:5,3
DA:7,0
DA:11,0
DA:12,0
DA:14,0
LF:7
LH:3
BRDA:11,0,0,0
BRDA:11,1,0,0
BRDA:11,1,1,0
BRDA:12,2,0,0
BRDA:12,2,1,0
BRF:5
BRH:0
end_of_record
TN:
SF:src\auth\jwt.strategy.ts
FN:7,(anonymous_2)
FN:15,(anonymous_3)
FNF:2
FNH:0
FNDA:0,(anonymous_2)
FNDA:0,(anonymous_3)
DA:1,0
DA:2,0
DA:3,0
DA:6,0
DA:8,0
DA:16,0
DA:17,0
DA:19,0
LF:8
LH:0
BRDA:11,0,0,0
BRDA:11,0,1,0
BRDA:16,1,0,0
BRF:3
BRH:0
end_of_record
TN:
SF:src\auth\optional-jwt-auth.guard.ts
FN:6,(anonymous_1)
FN:10,(anonymous_2)
FNF:2
FNH:0
FNDA:0,(anonymous_1)
FNDA:0,(anonymous_2)
DA:1,0
DA:2,0
DA:5,0
DA:7,0
DA:11,0
DA:12,0
DA:16,0
LF:7
LH:0
BRDA:7,0,0,0
BRDA:7,0,1,0
BRF:2
BRH:0
end_of_record
TN:
SF:src\auth\roles.decorator.ts
FN:5,(anonymous_0)
FNF:1
FNH:1
FNDA:5,(anonymous_0)
DA:1,2
DA:4,2
DA:5,5
LF:3
LH:3
BRF:0
BRH:0
end_of_record
TN:
SF:src\auth\roles.guard.ts
FN:8,(anonymous_2)
FN:10,(anonymous_3)
FN:26,(anonymous_4)
FNF:3
FNH:1
FNDA:2,(anonymous_2)
FNDA:0,(anonymous_3)
FNDA:0,(anonymous_4)
DA:1,2
DA:2,2
DA:4,2
DA:7,2
DA:8,2
DA:11,0
DA:16,0
DA:17,0
DA:20,0
DA:22,0
DA:23,0
DA:26,0
DA:27,0
DA:28,0
DA:31,0
LF:15
LH:5
BRDA:16,0,0,0
BRDA:22,1,0,0
BRDA:27,2,0,0
BRF:3
BRH:0
end_of_record
TN:
SF:src\auth\dto\forgot-password.dto.ts
FNF:0
FNH:0
DA:1,0
DA:3,0
DA:5,0
LF:3
LH:0
BRF:0
BRH:0
end_of_record
TN:
SF:src\auth\dto\reset-password.dto.ts
FNF:0
FNH:0
DA:1,0
DA:3,0
DA:5,0
DA:8,0
DA:12,0
LF:5
LH:0
BRF:0
BRH:0
end_of_record
TN:
SF:src\blogs\blogs.controller.ts
FN:9,(anonymous_4)
FN:12,(anonymous_5)
FN:19,(anonymous_6)
FN:24,(anonymous_7)
FN:31,(anonymous_8)
FN:38,(anonymous_9)
FNF:6
FNH:1
FNDA:1,(anonymous_4)
FNDA:0,(anonymous_5)
FNDA:0,(anonymous_6)
FNDA:0,(anonymous_7)
FNDA:0,(anonymous_8)
FNDA:0,(anonymous_9)
DA:1,1
DA:2,1
DA:3,1
DA:4,1
DA:5,1
DA:8,1
DA:9,1
DA:12,1
DA:13,0
DA:19,1
DA:20,0
DA:24,1
DA:25,0
DA:31,1
DA:32,0
DA:38,1
DA:39,0
LF:17
LH:12
BRF:0
BRH:0
end_of_record
TN:
SF:src\blogs\blogs.module.ts
FNF:0
FNH:0
DA:1,0
DA:2,0
DA:3,0
DA:4,0
DA:11,0
LF:5
LH:0
BRF:0
BRH:0
end_of_record
TN:
SF:src\blogs\blogs.service.ts
FN:6,(anonymous_2)
FN:8,(anonymous_3)
FN:15,(anonymous_4)
FN:22,(anonymous_5)
FN:30,(anonymous_6)
FN:43,(anonymous_7)
FNF:6
FNH:4
FNDA:5,(anonymous_2)
FNDA:1,(anonymous_3)
FNDA:0,(anonymous_4)
FNDA:1,(anonymous_5)
FNDA:1,(anonymous_6)
FNDA:0,(anonymous_7)
DA:1,2
DA:2,2
DA:5,2
DA:6,5
DA:9,1
DA:17,0
DA:23,1
DA:26,1
DA:27,0
DA:32,1
DA:34,1
DA:44,0
DA:45,0
DA:47,0
DA:48,0
DA:51,0
LF:16
LH:9
BRDA:26,0,0,1
BRDA:32,1,0,1
BRDA:32,1,1,1
BRDA:38,2,0,0
BRDA:38,2,1,1
BRDA:45,3,0,0
BRDA:47,4,0,0
BRDA:47,5,0,0
BRDA:47,5,1,0
BRF:9
BRH:4
end_of_record
TN:
SF:src\cart\cart.controller.ts
FN:13,(anonymous_4)
FN:16,(anonymous_5)
FN:23,(anonymous_6)
FN:29,(anonymous_7)
FN:34,(anonymous_8)
FN:39,(anonymous_9)
FNF:6
FNH:0
FNDA:0,(anonymous_4)
FNDA:0,(anonymous_5)
FNDA:0,(anonymous_6)
FNDA:0,(anonymous_7)
FNDA:0,(anonymous_8)
FNDA:0,(anonymous_9)
DA:1,0
DA:2,0
DA:3,0
DA:4,0
DA:5,0
DA:6,0
DA:7,0
DA:8,0
DA:12,0
DA:13,0
DA:16,0
DA:18,0
DA:19,0
DA:23,0
DA:24,0
DA:29,0
DA:30,0
DA:34,0
DA:35,0
DA:39,0
DA:40,0
LF:21
LH:0
BRF:0
BRH:0
end_of_record
TN:
SF:src\cart\cart.module.ts
FNF:0
FNH:0
DA:1,0
DA:2,0
DA:3,0
DA:10,0
LF:4
LH:0
BRF:0
BRH:0
end_of_record
TN:
SF:src\cart\cart.service.ts
FN:7,(anonymous_2)
FN:9,(anonymous_3)
FN:51,(anonymous_4)
FN:60,(anonymous_5)
FN:112,(anonymous_6)
FN:132,(anonymous_7)
FN:147,(anonymous_8)
FNF:7
FNH:6
FNDA:9,(anonymous_2)
FNDA:7,(anonymous_3)
FNDA:1,(anonymous_4)
FNDA:2,(anonymous_5)
FNDA:2,(anonymous_6)
FNDA:2,(anonymous_7)
FNDA:0,(anonymous_8)
DA:1,1
DA:3,1
DA:6,1
DA:7,9
DA:10,7
DA:12,7
DA:13,5
DA:24,7
DA:25,1
DA:36,7
DA:37,2
DA:40,5
DA:41,1
DA:44,4
DA:45,0
DA:48,4
DA:52,1
DA:61,2
DA:63,2
DA:64,1
DA:67,2
DA:68,2
DA:72,2
DA:73,0
DA:76,2
DA:79,2
DA:80,0
DA:83,2
DA:84,2
DA:86,2
DA:90,2
DA:91,1
DA:92,1
DA:93,1
DA:98,1
DA:109,2
DA:113,2
DA:114,2
DA:115,1
DA:118,1
DA:119,1
DA:122,0
DA:124,0
DA:129,0
DA:133,2
DA:134,2
DA:135,1
DA:138,1
DA:139,1
DA:142,0
DA:144,0
DA:148,0
DA:153,0
DA:154,0
DA:155,0
DA:156,0
DA:158,0
DA:161,0
DA:162,0
DA:163,0
DA:167,0
DA:170,0
DA:171,0
DA:175,0
DA:176,0
DA:177,0
DA:178,0
DA:183,0
DA:195,0
DA:196,0
DA:198,0
LF:71
LH:43
BRDA:12,0,0,5
BRDA:24,1,0,1
BRDA:24,2,0,7
BRDA:24,2,1,2
BRDA:36,3,0,2
BRDA:40,4,0,1
BRDA:40,5,0,5
BRDA:40,5,1,5
BRDA:40,5,2,5
BRDA:44,6,0,0
BRDA:44,7,0,4
BRDA:44,7,1,4
BRDA:54,8,0,1
BRDA:54,8,1,0
BRDA:63,9,0,1
BRDA:72,10,0,0
BRDA:79,11,0,0
BRDA:83,12,0,2
BRDA:83,12,1,2
BRDA:90,13,0,1
BRDA:90,13,1,1
BRDA:114,14,0,1
BRDA:118,15,0,1
BRDA:118,16,0,1
BRDA:118,16,1,1
BRDA:134,17,0,1
BRDA:138,18,0,1
BRDA:138,19,0,1
BRDA:138,19,1,1
BRDA:153,20,0,0
BRDA:153,21,0,0
BRDA:153,21,1,0
BRDA:155,22,0,0
BRDA:162,23,0,0
BRDA:175,24,0,0
BRDA:175,24,1,0
BRF:36
BRH:25
end_of_record
TN:
SF:src\cart\dto\add-cart-item.dto.ts
FNF:0
FNH:0
DA:1,0
DA:3,0
DA:6,0
DA:9,0
DA:14,0
LF:5
LH:0
BRF:0
BRH:0
end_of_record
TN:
SF:src\cart\dto\merge-cart.dto.ts
FNF:0
FNH:0
DA:1,0
DA:3,0
DA:6,0
LF:3
LH:0
BRF:0
BRH:0
end_of_record
TN:
SF:src\cart\dto\update-cart-item.dto.ts
FNF:0
FNH:0
DA:1,0
DA:3,0
DA:7,0
LF:3
LH:0
BRF:0
BRH:0
end_of_record
TN:
SF:src\categories\categories.controller.ts
FN:11,(anonymous_4)
FN:16,(anonymous_5)
FN:19,(anonymous_6)
FN:22,(anonymous_7)
FN:25,(anonymous_8)
FN:32,(anonymous_9)
FN:39,(anonymous_10)
FN:46,(anonymous_11)
FN:55,(anonymous_12)
FN:62,(anonymous_13)
FN:69,(anonymous_14)
FNF:11
FNH:0
FNDA:0,(anonymous_4)
FNDA:0,(anonymous_5)
FNDA:0,(anonymous_6)
FNDA:0,(anonymous_7)
FNDA:0,(anonymous_8)
FNDA:0,(anonymous_9)
FNDA:0,(anonymous_10)
FNDA:0,(anonymous_11)
FNDA:0,(anonymous_12)
FNDA:0,(anonymous_13)
FNDA:0,(anonymous_14)
DA:1,0
DA:2,0
DA:3,0
DA:4,0
DA:5,0
DA:6,0
DA:7,0
DA:10,0
DA:11,0
DA:16,0
DA:19,0
DA:22,0
DA:25,0
DA:32,0
DA:33,0
DA:39,0
DA:40,0
DA:46,0
DA:47,0
DA:55,0
DA:56,0
DA:62,0
DA:63,0
DA:69,0
DA:70,0
LF:25
LH:0
BRF:0
BRH:0
end_of_record
TN:
SF:src\categories\categories.module.ts
FNF:0
FNH:0
DA:1,0
DA:2,0
DA:3,0
DA:4,0
DA:11,0
LF:5
LH:0
BRF:0
BRH:0
end_of_record
TN:
SF:src\categories\categories.service.ts
FN:9,(anonymous_2)
FN:14,(anonymous_3)
FN:18,(anonymous_4)
FN:27,(anonymous_5)
FN:31,(anonymous_6)
FN:42,(anonymous_7)
FN:48,(anonymous_8)
FN:54,(anonymous_9)
FN:60,(anonymous_10)
FN:66,(anonymous_11)
FN:72,(anonymous_12)
FNF:11
FNH:0
FNDA:0,(anonymous_2)
FNDA:0,(anonymous_3)
FNDA:0,(anonymous_4)
FNDA:0,(anonymous_5)
FNDA:0,(anonymous_6)
FNDA:0,(anonymous_7)
FNDA:0,(anonymous_8)
FNDA:0,(anonymous_9)
FNDA:0,(anonymous_10)
FNDA:0,(anonymous_11)
FNDA:0,(anonymous_12)
DA:1,0
DA:2,0
DA:3,0
DA:8,0
DA:10,0
DA:11,0
DA:15,0
DA:19,0
DA:23,0
DA:24,0
DA:28,0
DA:32,0
DA:36,0
DA:37,0
DA:43,0
DA:44,0
DA:45,0
DA:49,0
DA:50,0
DA:51,0
DA:55,0
DA:56,0
DA:57,0
DA:61,0
DA:62,0
DA:63,0
DA:67,0
DA:68,0
DA:69,0
DA:73,0
DA:74,0
DA:75,0
LF:32
LH:0
BRDA:23,0,0,0
BRDA:23,1,0,0
BRDA:23,1,1,0
BRDA:36,2,0,0
BRDA:36,3,0,0
BRDA:36,3,1,0
BRF:6
BRH:0
end_of_record
TN:
SF:src\categories\dto\categories.dto.ts
FNF:0
FNH:0
DA:1,0
DA:3,0
DA:4,0
DA:5,0
DA:6,0
DA:7,0
DA:8,0
DA:9,0
DA:10,0
DA:11,0
DA:12,0
DA:13,0
DA:16,0
DA:17,0
DA:18,0
DA:19,0
DA:20,0
DA:21,0
DA:22,0
DA:23,0
DA:24,0
DA:25,0
DA:26,0
DA:29,0
DA:30,0
DA:31,0
DA:32,0
DA:33,0
DA:34,0
DA:35,0
DA:36,0
DA:37,0
DA:38,0
DA:39,0
DA:42,0
DA:43,0
DA:44,0
DA:45,0
DA:46,0
DA:47,0
DA:48,0
DA:49,0
DA:50,0
DA:51,0
DA:52,0
LF:45
LH:0
BRF:0
BRH:0
end_of_record
TN:
SF:src\contact\contact.controller.ts
FN:9,(anonymous_4)
FN:12,(anonymous_5)
FN:19,(anonymous_6)
FN:26,(anonymous_7)
FNF:4
FNH:1
FNDA:1,(anonymous_4)
FNDA:0,(anonymous_5)
FNDA:0,(anonymous_6)
FNDA:0,(anonymous_7)
DA:1,1
DA:2,1
DA:3,1
DA:4,1
DA:5,1
DA:8,1
DA:9,1
DA:12,1
DA:13,0
DA:19,1
DA:20,0
DA:26,1
DA:27,0
LF:13
LH:10
BRF:0
BRH:0
end_of_record
TN:
SF:src\contact\contact.module.ts
FNF:0
FNH:0
DA:1,0
DA:2,0
DA:3,0
DA:4,0
DA:11,0
LF:5
LH:0
BRF:0
BRH:0
end_of_record
TN:
SF:src\contact\contact.service.ts
FN:6,(anonymous_2)
FN:8,(anonymous_3)
FN:14,(anonymous_4)
FN:20,(anonymous_5)
FNF:4
FNH:4
FNDA:5,(anonymous_2)
FNDA:1,(anonymous_3)
FNDA:1,(anonymous_4)
FNDA:1,(anonymous_5)
DA:1,2
DA:2,2
DA:5,2
DA:6,5
DA:9,1
DA:15,1
DA:21,1
DA:22,1
DA:24,0
LF:9
LH:8
BRDA:22,0,0,1
BRF:1
BRH:1
end_of_record
TN:
SF:src\coupons\coupons.controller.ts
FN:11,(anonymous_4)
FN:16,(anonymous_5)
FN:35,(anonymous_6)
FN:42,(anonymous_7)
FN:49,(anonymous_8)
FN:56,(anonymous_9)
FN:63,(anonymous_10)
FNF:7
FNH:0
FNDA:0,(anonymous_4)
FNDA:0,(anonymous_5)
FNDA:0,(anonymous_6)
FNDA:0,(anonymous_7)
FNDA:0,(anonymous_8)
FNDA:0,(anonymous_9)
FNDA:0,(anonymous_10)
DA:1,0
DA:2,0
DA:3,0
DA:4,0
DA:5,0
DA:6,0
DA:7,0
DA:10,0
DA:11,0
DA:16,0
DA:17,0
DA:18,0
DA:35,0
DA:36,0
DA:42,0
DA:43,0
DA:49,0
DA:50,0
DA:56,0
DA:57,0
DA:63,0
DA:64,0
LF:22
LH:0
BRF:0
BRH:0
end_of_record
TN:
SF:src\coupons\coupons.module.ts
FNF:0
FNH:0
DA:1,0
DA:2,0
DA:3,0
DA:4,0
DA:11,0
LF:5
LH:0
BRF:0
BRH:0
end_of_record
TN:
SF:src\coupons\coupons.service.ts
FN:9,(anonymous_2)
FN:14,(anonymous_3)
FN:37,(anonymous_4)
FN:41,(anonymous_5)
FN:45,(anonymous_6)
FN:57,(anonymous_7)
FN:67,(anonymous_8)
FN:74,(anonymous_9)
FNF:8
FNH:3
FNDA:6,(anonymous_2)
FNDA:5,(anonymous_3)
FNDA:0,(anonymous_4)
FNDA:0,(anonymous_5)
FNDA:1,(anonymous_6)
FNDA:0,(anonymous_7)
FNDA:0,(anonymous_8)
FNDA:0,(anonymous_9)
DA:1,1
DA:2,1
DA:3,1
DA:8,1
DA:10,6
DA:11,6
DA:15,5
DA:16,5
DA:17,4
DA:19,3
DA:20,3
DA:21,1
DA:23,2
DA:24,1
DA:26,1
DA:27,0
DA:28,0
DA:29,0
DA:32,1
DA:38,0
DA:42,0
DA:46,1
DA:53,1
DA:54,1
DA:58,0
DA:59,0
DA:60,0
DA:61,0
DA:62,0
DA:63,0
DA:64,0
DA:68,0
DA:69,0
DA:70,0
DA:71,0
DA:75,0
DA:76,0
DA:77,0
LF:38
LH:19
BRDA:16,0,0,1
BRDA:17,1,0,1
BRDA:20,2,0,1
BRDA:20,3,0,3
BRDA:20,3,1,3
BRDA:23,4,0,1
BRDA:23,5,0,2
BRDA:23,5,1,2
BRDA:26,6,0,0
BRDA:28,7,0,0
BRDA:60,8,0,0
BRDA:61,9,0,0
BRDA:76,10,0,0
BRF:13
BRH:8
end_of_record
TN:
SF:src\coupons\dto\coupons.dto.ts
FN:4,(anonymous_2)
FN:14,(anonymous_3)
FN:16,(anonymous_4)
FN:18,(anonymous_5)
FN:24,(anonymous_6)
FN:32,(anonymous_7)
FN:33,(anonymous_8)
FN:34,(anonymous_9)
FN:37,(anonymous_10)
FNF:9
FNH:0
FNDA:0,(anonymous_2)
FNDA:0,(anonymous_3)
FNDA:0,(anonymous_4)
FNDA:0,(anonymous_5)
FNDA:0,(anonymous_6)
FNDA:0,(anonymous_7)
FNDA:0,(anonymous_8)
FNDA:0,(anonymous_9)
FNDA:0,(anonymous_10)
DA:1,0
DA:2,0
DA:4,0
DA:5,0
DA:6,0
DA:9,0
DA:10,0
DA:12,0
DA:14,0
DA:16,0
DA:18,0
DA:20,0
DA:22,0
DA:24,0
DA:26,0
DA:29,0
DA:30,0
DA:31,0
DA:32,0
DA:33,0
DA:34,0
DA:35,0
DA:36,0
DA:37,0
DA:38,0
LF:25
LH:0
BRDA:4,0,0,0
BRDA:4,0,1,0
BRF:2
BRH:0
end_of_record
TN:
SF:src\notifications\notifications.controller.ts
FN:8,(anonymous_4)
FN:11,(anonymous_5)
FN:16,(anonymous_6)
FNF:3
FNH:1
FNDA:1,(anonymous_4)
FNDA:0,(anonymous_5)
FNDA:0,(anonymous_6)
DA:1,1
DA:2,1
DA:3,1
DA:7,1
DA:8,1
DA:11,1
DA:12,0
DA:16,1
DA:17,0
LF:9
LH:7
BRF:0
BRH:0
end_of_record
TN:
SF:src\notifications\notifications.module.ts
FNF:0
FNH:0
DA:1,0
DA:2,0
DA:3,0
DA:4,0
DA:12,0
LF:5
LH:0
BRF:0
BRH:0
end_of_record
TN:
SF:src\notifications\notifications.service.ts
FN:6,(anonymous_2)
FN:8,(anonymous_3)
FN:14,(anonymous_4)
FN:22,(anonymous_5)
FNF:4
FNH:3
FNDA:4,(anonymous_2)
FNDA:1,(anonymous_3)
FNDA:1,(anonymous_4)
FNDA:0,(anonymous_5)
DA:1,3
DA:2,3
DA:5,3
DA:6,4
DA:9,1
DA:15,1
DA:23,0
LF:7
LH:6
BRF:0
BRH:0
end_of_record
TN:
SF:src\orders\orders.controller.ts
FN:15,(anonymous_4)
FN:22,(anonymous_5)
FN:41,(anonymous_6)
FN:47,(anonymous_7)
FN:53,(anonymous_8)
FN:62,(anonymous_9)
FN:69,(anonymous_10)
FN:76,(anonymous_11)
FN:89,(anonymous_12)
FN:92,(anonymous_13)
FN:97,(anonymous_14)
FN:102,(anonymous_15)
FNF:12
FNH:0
FNDA:0,(anonymous_4)
FNDA:0,(anonymous_5)
FNDA:0,(anonymous_6)
FNDA:0,(anonymous_7)
FNDA:0,(anonymous_8)
FNDA:0,(anonymous_9)
FNDA:0,(anonymous_10)
FNDA:0,(anonymous_11)
FNDA:0,(anonymous_12)
FNDA:0,(anonymous_13)
FNDA:0,(anonymous_14)
FNDA:0,(anonymous_15)
DA:1,0
DA:2,0
DA:3,0
DA:4,0
DA:5,0
DA:6,0
DA:7,0
DA:8,0
DA:10,0
DA:11,0
DA:14,0
DA:15,0
DA:22,0
DA:23,0
DA:28,0
DA:33,0
DA:41,0
DA:42,0
DA:47,0
DA:48,0
DA:53,0
DA:54,0
DA:62,0
DA:63,0
DA:69,0
DA:70,0
DA:76,0
DA:81,0
DA:88,0
DA:89,0
DA:92,0
DA:93,0
DA:97,0
DA:98,0
DA:102,0
DA:107,0
LF:36
LH:0
BRF:0
BRH:0
end_of_record
TN:
SF:src\orders\orders.module.ts
FNF:0
FNH:0
DA:1,0
DA:2,0
DA:3,0
DA:4,0
DA:5,0
DA:6,0
DA:14,0
LF:7
LH:0
BRF:0
BRH:0
end_of_record
TN:
SF:src\orders\orders.service.ts
FN:18,(anonymous_2)
FN:25,(anonymous_3)
FN:99,(anonymous_4)
FN:232,(anonymous_5)
FN:239,(anonymous_6)
FN:249,(anonymous_7)
FN:257,(anonymous_8)
FN:267,(anonymous_9)
FN:276,(anonymous_10)
FN:284,(anonymous_11)
FN:321,(anonymous_12)
FN:343,(anonymous_13)
FNF:12
FNH:6
FNDA:5,(anonymous_2)
FNDA:3,(anonymous_3)
FNDA:2,(anonymous_4)
FNDA:1,(anonymous_5)
FNDA:0,(anonymous_6)
FNDA:0,(anonymous_7)
FNDA:0,(anonymous_8)
FNDA:0,(anonymous_9)
FNDA:2,(anonymous_10)
FNDA:1,(anonymous_11)
FNDA:0,(anonymous_12)
FNDA:0,(anonymous_13)
DA:1,1
DA:8,1
DA:9,1
DA:10,1
DA:11,1
DA:14,1
DA:17,1
DA:19,5
DA:20,5
DA:21,5
DA:22,5
DA:42,3
DA:45,3
DA:46,1
DA:50,1
DA:51,1
DA:56,2
DA:57,2
DA:58,0
DA:59,0
DA:60,0
DA:61,0
DA:62,0
DA:63,0
DA:64,0
DA:73,0
DA:77,2
DA:82,2
DA:83,0
DA:86,2
DA:87,0
DA:90,2
DA:91,0
DA:94,2
DA:95,0
DA:99,2
DA:100,2
DA:101,2
DA:102,2
DA:104,2
DA:106,2
DA:110,2
DA:111,2
DA:112,0
DA:115,2
DA:116,2
DA:117,1
DA:123,1
DA:124,1
DA:125,1
DA:127,1
DA:128,0
DA:131,1
DA:132,1
DA:133,1
DA:135,1
DA:145,1
DA:150,1
DA:158,1
DA:159,1
DA:160,0
DA:161,0
DA:162,0
DA:163,0
DA:164,0
DA:166,0
DA:167,0
DA:169,0
DA:170,0
DA:171,0
DA:172,0
DA:175,0
DA:176,0
DA:177,0
DA:178,0
DA:181,0
DA:186,1
DA:187,1
DA:188,1
DA:189,1
DA:192,1
DA:207,1
DA:208,1
DA:228,1
DA:231,1
DA:232,1
DA:235,1
DA:240,0
DA:241,0
DA:244,0
DA:245,0
DA:250,0
DA:258,0
DA:262,0
DA:263,0
DA:264,0
DA:268,0
DA:272,0
DA:273,0
DA:277,2
DA:278,2
DA:279,2
DA:280,1
DA:281,0
DA:284,1
DA:285,1
DA:290,1
DA:291,1
DA:295,1
DA:305,1
DA:309,1
DA:316,1
DA:322,0
DA:323,0
DA:324,0
DA:325,0
DA:327,0
DA:329,0
DA:340,0
DA:344,0
DA:345,0
DA:347,0
DA:353,0
DA:354,0
DA:355,0
DA:356,0
DA:363,0
DA:367,0
DA:368,0
DA:369,0
DA:371,0
DA:375,0
LF:132
LH:69
BRDA:45,0,0,1
BRDA:50,1,0,1
BRDA:57,2,0,0
BRDA:58,3,0,0
BRDA:58,3,1,0
BRDA:60,4,0,0
BRDA:61,5,0,0
BRDA:61,5,1,0
BRDA:62,6,0,0
BRDA:62,6,1,0
BRDA:63,7,0,0
BRDA:63,7,1,0
BRDA:82,8,0,0
BRDA:86,9,0,0
BRDA:86,10,0,2
BRDA:86,10,1,2
BRDA:86,10,2,2
BRDA:90,11,0,0
BRDA:94,12,0,0
BRDA:94,13,0,2
BRDA:94,13,1,2
BRDA:111,14,0,0
BRDA:115,15,0,2
BRDA:115,15,1,0
BRDA:116,16,0,1
BRDA:123,17,0,1
BRDA:123,17,1,1
BRDA:125,18,0,0
BRDA:125,18,1,1
BRDA:125,19,0,1
BRDA:125,19,1,0
BRDA:127,20,0,0
BRDA:127,21,0,1
BRDA:127,21,1,1
BRDA:127,21,2,1
BRDA:139,22,0,1
BRDA:139,22,1,1
BRDA:159,23,0,0
BRDA:161,24,0,0
BRDA:161,25,0,0
BRDA:161,25,1,0
BRDA:163,26,0,0
BRDA:163,27,0,0
BRDA:163,27,1,0
BRDA:166,28,0,0
BRDA:166,29,0,0
BRDA:166,29,1,0
BRDA:169,30,0,0
BRDA:171,31,0,0
BRDA:175,32,0,0
BRDA:175,32,1,0
BRDA:177,33,0,0
BRDA:177,34,0,0
BRDA:177,34,1,0
BRDA:189,35,0,0
BRDA:213,36,0,1
BRDA:213,36,1,1
BRDA:214,37,0,1
BRDA:214,37,1,1
BRDA:216,38,0,0
BRDA:216,38,1,1
BRDA:262,39,0,0
BRDA:263,40,0,0
BRDA:272,41,0,0
BRDA:278,42,0,0
BRDA:279,43,0,1
BRDA:280,44,0,0
BRDA:322,45,0,0
BRDA:322,46,0,0
BRDA:324,47,0,0
BRDA:325,48,0,0
BRDA:345,49,0,0
BRDA:353,50,0,0
BRDA:367,51,0,0
BRF:74
BRH:24
end_of_record
TN:
SF:src\orders\dto\create-order.dto.ts
FN:60,(anonymous_2)
FNF:1
FNH:0
FNDA:0,(anonymous_2)
DA:1,0
DA:2,0
DA:7,0
DA:11,0
DA:15,0
DA:19,0
DA:23,0
DA:27,0
DA:31,0
DA:35,0
DA:39,0
DA:42,0
DA:45,0
DA:49,0
DA:53,0
DA:57,0
DA:60,0
DA:62,0
LF:18
LH:0
BRF:0
BRH:0
end_of_record
TN:
SF:src\orders\dto\update-order-status.dto.ts
FNF:0
FNH:0
DA:1,0
DA:2,0
DA:4,0
DA:6,0
LF:4
LH:0
BRF:0
BRH:0
end_of_record
TN:
SF:src\payments\payments.controller.ts
FN:7,(anonymous_4)
FN:11,(anonymous_5)
FN:21,(anonymous_6)
FNF:3
FNH:0
FNDA:0,(anonymous_4)
FNDA:0,(anonymous_5)
FNDA:0,(anonymous_6)
DA:1,0
DA:2,0
DA:3,0
DA:6,0
DA:7,0
DA:11,0
DA:15,0
DA:21,0
DA:26,0
LF:9
LH:0
BRF:0
BRH:0
end_of_record
TN:
SF:src\payments\payments.module.ts
FNF:0
FNH:0
DA:1,0
DA:2,0
DA:3,0
DA:4,0
DA:12,0
LF:5
LH:0
BRF:0
BRH:0
end_of_record
TN:
SF:src\payments\payments.service.ts
FN:12,(anonymous_2)
FN:28,(anonymous_3)
FN:71,(anonymous_4)
FN:115,(anonymous_5)
FN:152,(anonymous_6)
FN:181,(anonymous_7)
FNF:6
FNH:4
FNDA:2,(anonymous_2)
FNDA:1,(anonymous_3)
FNDA:0,(anonymous_4)
FNDA:0,(anonymous_5)
FNDA:1,(anonymous_6)
FNDA:1,(anonymous_7)
DA:1,2
DA:2,2
DA:3,2
DA:6,2
DA:9,2
DA:12,2
DA:15,2
DA:16,2
DA:18,2
DA:29,1
DA:35,1
DA:39,1
DA:40,1
DA:46,0
DA:50,1
DA:55,1
DA:62,0
DA:63,0
DA:72,0
DA:75,0
DA:80,0
DA:81,0
DA:85,0
DA:88,0
DA:89,0
DA:90,0
DA:91,0
DA:92,0
DA:95,0
DA:99,0
DA:100,0
DA:104,0
DA:105,0
DA:109,0
DA:110,0
DA:111,0
DA:115,0
DA:117,0
DA:136,0
DA:146,0
DA:153,1
DA:156,1
DA:157,1
DA:158,0
DA:163,0
DA:164,0
DA:168,1
DA:172,1
DA:173,0
DA:177,1
DA:178,0
DA:181,1
DA:182,1
DA:200,1
DA:209,1
LF:55
LH:25
BRDA:15,0,0,2
BRDA:15,0,1,2
BRDA:16,1,0,2
BRDA:16,1,1,2
BRDA:28,2,0,1
BRDA:39,3,0,1
BRDA:39,3,1,0
BRDA:39,4,0,1
BRDA:39,4,1,0
BRDA:72,5,0,0
BRDA:72,5,1,0
BRDA:80,6,0,0
BRDA:88,7,0,0
BRDA:88,8,0,0
BRDA:88,8,1,0
BRDA:99,9,0,0
BRDA:104,10,0,0
BRDA:110,11,0,0
BRDA:129,12,0,0
BRDA:129,12,1,0
BRDA:153,13,0,1
BRDA:153,13,1,1
BRDA:156,14,0,1
BRDA:156,14,1,0
BRDA:157,15,0,0
BRDA:163,16,0,0
BRDA:172,17,0,0
BRDA:177,18,0,0
BRF:28
BRH:10
end_of_record
TN:
SF:src\prisma\prisma.module.ts
FNF:0
FNH:0
DA:1,0
DA:2,0
DA:9,0
LF:3
LH:0
BRF:0
BRH:0
end_of_record
TN:
SF:src\prisma\prisma.service.mock.ts
FN:1,(anonymous_0)
FN:24,(anonymous_1)
FN:25,(anonymous_2)
FN:27,(anonymous_3)
FN:28,(anonymous_4)
FN:32,(anonymous_5)
FN:35,(anonymous_6)
FN:37,(anonymous_7)
FN:38,(anonymous_8)
FN:41,(anonymous_9)
FN:45,(anonymous_10)
FN:48,(anonymous_11)
FN:50,(anonymous_12)
FN:51,(anonymous_13)
FN:54,(anonymous_14)
FN:62,(anonymous_15)
FN:74,(anonymous_16)
FN:76,(anonymous_17)
FN:76,(anonymous_18)
FN:79,(anonymous_19)
FN:92,(anonymous_20)
FN:94,(anonymous_21)
FN:94,(anonymous_22)
FN:96,(anonymous_23)
FN:114,(anonymous_24)
FN:116,(anonymous_25)
FN:116,(anonymous_26)
FN:124,(anonymous_27)
FN:128,(anonymous_28)
FN:128,(anonymous_29)
FN:133,(anonymous_30)
FN:136,(anonymous_31)
FN:136,(anonymous_32)
FN:141,(anonymous_33)
FN:143,(anonymous_34)
FN:152,(anonymous_35)
FN:155,(anonymous_36)
FN:156,(anonymous_37)
FN:188,(anonymous_38)
FN:189,(anonymous_39)
FN:197,(anonymous_40)
FN:209,(anonymous_41)
FN:212,(anonymous_42)
FNF:43
FNH:23
FNDA:42,(anonymous_0)
FNDA:840,(anonymous_1)
FNDA:16,(anonymous_2)
FNDA:13,(anonymous_3)
FNDA:13,(anonymous_4)
FNDA:1,(anonymous_5)
FNDA:1,(anonymous_6)
FNDA:0,(anonymous_7)
FNDA:0,(anonymous_8)
FNDA:1,(anonymous_9)
FNDA:3,(anonymous_10)
FNDA:4,(anonymous_11)
FNDA:0,(anonymous_12)
FNDA:0,(anonymous_13)
FNDA:4,(anonymous_14)
FNDA:9,(anonymous_15)
FNDA:8,(anonymous_16)
FNDA:8,(anonymous_17)
FNDA:8,(anonymous_18)
FNDA:9,(anonymous_19)
FNDA:1,(anonymous_20)
FNDA:0,(anonymous_21)
FNDA:0,(anonymous_22)
FNDA:0,(anonymous_23)
FNDA:0,(anonymous_24)
FNDA:0,(anonymous_25)
FNDA:0,(anonymous_26)
FNDA:0,(anonymous_27)
FNDA:0,(anonymous_28)
FNDA:0,(anonymous_29)
FNDA:0,(anonymous_30)
FNDA:0,(anonymous_31)
FNDA:0,(anonymous_32)
FNDA:1,(anonymous_33)
FNDA:1,(anonymous_34)
FNDA:0,(anonymous_35)
FNDA:0,(anonymous_36)
FNDA:0,(anonymous_37)
FNDA:2,(anonymous_38)
FNDA:2,(anonymous_39)
FNDA:4,(anonymous_40)
FNDA:21,(anonymous_41)
FNDA:0,(anonymous_42)
DA:1,11
DA:2,42
DA:24,840
DA:26,16
DA:27,16
DA:28,13
DA:33,1
DA:34,1
DA:35,1
DA:36,1
DA:37,0
DA:38,0
DA:41,1
DA:46,3
DA:47,3
DA:48,2
DA:49,4
DA:50,0
DA:51,0
DA:54,4
DA:57,3
DA:58,3
DA:59,3
DA:63,9
DA:69,9
DA:70,9
DA:71,9
DA:75,8
DA:76,8
DA:77,8
DA:79,8
DA:80,9
DA:81,1
DA:82,8
DA:83,1
DA:85,7
DA:88,8
DA:89,8
DA:93,1
DA:94,1
DA:95,1
DA:96,0
DA:97,0
DA:99,0
DA:100,0
DA:102,1
DA:108,1
DA:109,1
DA:110,1
DA:115,0
DA:116,0
DA:117,0
DA:118,0
DA:119,0
DA:121,0
DA:125,0
DA:126,0
DA:127,0
DA:128,0
DA:130,0
DA:134,0
DA:135,0
DA:136,0
DA:138,0
DA:142,1
DA:143,1
DA:144,1
DA:149,1
DA:153,0
DA:154,0
DA:155,0
DA:156,0
DA:157,0
DA:158,0
DA:159,0
DA:162,0
DA:166,42
DA:189,2
DA:198,4
DA:200,4
DA:203,0
DA:210,21
DA:212,0
DA:215,42
LF:84
LH:51
BRDA:26,0,0,16
BRDA:26,0,1,0
BRDA:27,1,0,16
BRDA:27,1,1,3
BRDA:32,2,0,0
BRDA:33,3,0,1
BRDA:33,3,1,0
BRDA:34,4,0,0
BRDA:34,5,0,0
BRDA:34,5,1,0
BRDA:35,6,0,1
BRDA:35,6,1,0
BRDA:36,7,0,0
BRDA:36,8,0,1
BRDA:36,8,1,0
BRDA:45,9,0,0
BRDA:46,10,0,3
BRDA:46,10,1,0
BRDA:47,11,0,2
BRDA:49,12,0,0
BRDA:49,13,0,4
BRDA:49,13,1,0
BRDA:57,14,0,0
BRDA:58,15,0,1
BRDA:64,16,0,9
BRDA:64,16,1,9
BRDA:69,17,0,0
BRDA:75,18,0,8
BRDA:75,18,1,0
BRDA:77,19,0,0
BRDA:80,20,0,1
BRDA:80,20,1,8
BRDA:80,21,0,9
BRDA:80,21,1,9
BRDA:80,21,2,2
BRDA:81,22,0,1
BRDA:81,22,1,0
BRDA:82,23,0,1
BRDA:82,23,1,7
BRDA:82,24,0,8
BRDA:82,24,1,8
BRDA:82,24,2,1
BRDA:83,25,0,1
BRDA:83,25,1,0
BRDA:93,26,0,1
BRDA:93,26,1,0
BRDA:95,27,0,0
BRDA:95,27,1,1
BRDA:103,28,0,1
BRDA:103,28,1,1
BRDA:108,29,0,0
BRDA:115,30,0,0
BRDA:115,30,1,0
BRDA:117,31,0,0
BRDA:124,32,0,0
BRDA:125,33,0,0
BRDA:125,33,1,0
BRDA:133,34,0,0
BRDA:134,35,0,0
BRDA:134,35,1,0
BRDA:135,36,0,0
BRDA:142,37,0,0
BRDA:145,38,0,1
BRDA:145,38,1,1
BRDA:153,39,0,0
BRDA:153,39,1,0
BRDA:157,40,0,0
BRDA:198,41,0,4
BRF:68
BRH:32
end_of_record
TN:
SF:src\prisma\prisma.service.ts
FN:6,(anonymous_1)
FN:15,(anonymous_2)
FNF:2
FNH:0
FNDA:0,(anonymous_1)
FNDA:0,(anonymous_2)
DA:1,11
DA:2,11
DA:5,11
DA:7,0
DA:8,0
DA:9,0
DA:11,0
DA:16,0
LF:8
LH:3
BRDA:11,0,0,0
BRDA:11,0,1,0
BRF:2
BRH:0
end_of_record
TN:
SF:src\products\products.controller.ts
FN:15,(anonymous_4)
FN:20,(anonymous_5)
FN:25,(anonymous_6)
FN:36,(anonymous_7)
FN:43,(anonymous_8)
FN:50,(anonymous_9)
FN:57,(anonymous_10)
FN:64,(anonymous_11)
FN:71,(anonymous_12)
FN:78,(anonymous_13)
FN:85,(anonymous_14)
FNF:11
FNH:0
FNDA:0,(anonymous_4)
FNDA:0,(anonymous_5)
FNDA:0,(anonymous_6)
FNDA:0,(anonymous_7)
FNDA:0,(anonymous_8)
FNDA:0,(anonymous_9)
FNDA:0,(anonymous_10)
FNDA:0,(anonymous_11)
FNDA:0,(anonymous_12)
FNDA:0,(anonymous_13)
FNDA:0,(anonymous_14)
DA:1,0
DA:2,0
DA:3,0
DA:4,0
DA:5,0
DA:6,0
DA:7,0
DA:8,0
DA:9,0
DA:10,0
DA:11,0
DA:14,0
DA:15,0
DA:20,0
DA:21,0
DA:25,0
DA:26,0
DA:27,0
DA:28,0
DA:36,0
DA:37,0
DA:43,0
DA:44,0
DA:50,0
DA:51,0
DA:57,0
DA:58,0
DA:64,0
DA:65,0
DA:71,0
DA:72,0
DA:78,0
DA:79,0
DA:85,0
DA:86,0
LF:35
LH:0
BRDA:27,0,0,0
BRF:1
BRH:0
end_of_record
TN:
SF:src\products\products.module.ts
FNF:0
FNH:0
DA:1,0
DA:2,0
DA:3,0
DA:4,0
DA:12,0
LF:5
LH:0
BRF:0
BRH:0
end_of_record
TN:
SF:src\products\products.service.ts
FN:13,(anonymous_2)
FN:18,(anonymous_3)
FN:66,(anonymous_4)
FN:67,(anonymous_5)
FN:86,(anonymous_6)
FN:104,(anonymous_7)
FN:112,(anonymous_8)
FN:121,(anonymous_9)
FN:130,(anonymous_10)
FN:139,(anonymous_11)
FN:149,(anonymous_12)
FN:158,(anonymous_13)
FN:168,(anonymous_14)
FN:170,(anonymous_15)
FN:186,(anonymous_16)
FNF:15
FNH:0
FNDA:0,(anonymous_2)
FNDA:0,(anonymous_3)
FNDA:0,(anonymous_4)
FNDA:0,(anonymous_5)
FNDA:0,(anonymous_6)
FNDA:0,(anonymous_7)
FNDA:0,(anonymous_8)
FNDA:0,(anonymous_9)
FNDA:0,(anonymous_10)
FNDA:0,(anonymous_11)
FNDA:0,(anonymous_12)
FNDA:0,(anonymous_13)
FNDA:0,(anonymous_14)
FNDA:0,(anonymous_15)
FNDA:0,(anonymous_16)
DA:1,0
DA:2,0
DA:3,0
DA:12,0
DA:14,0
DA:15,0
DA:19,0
DA:20,0
DA:22,0
DA:23,0
DA:24,0
DA:25,0
DA:26,0
DA:27,0
DA:30,0
DA:31,0
DA:32,0
DA:34,0
DA:35,0
DA:36,0
DA:37,0
DA:38,0
DA:40,0
DA:66,0
DA:67,0
DA:68,0
DA:75,0
DA:87,0
DA:105,0
DA:106,0
DA:107,0
DA:109,0
DA:113,0
DA:114,0
DA:115,0
DA:116,0
DA:118,0
DA:122,0
DA:123,0
DA:124,0
DA:125,0
DA:127,0
DA:131,0
DA:132,0
DA:133,0
DA:134,0
DA:136,0
DA:140,0
DA:141,0
DA:142,0
DA:143,0
DA:144,0
DA:146,0
DA:150,0
DA:151,0
DA:152,0
DA:153,0
DA:155,0
DA:159,0
DA:160,0
DA:161,0
DA:162,0
DA:163,0
DA:165,0
DA:169,0
DA:170,0
DA:171,0
DA:175,0
DA:178,0
DA:180,0
DA:181,0
DA:183,0
DA:187,0
DA:188,0
DA:189,0
LF:75
LH:0
BRDA:19,0,0,0
BRDA:19,1,0,0
BRDA:22,2,0,0
BRDA:23,3,0,0
BRDA:24,4,0,0
BRDA:24,5,0,0
BRDA:24,5,1,0
BRDA:26,6,0,0
BRDA:27,7,0,0
BRDA:35,8,0,0
BRDA:35,8,1,0
BRDA:36,9,0,0
BRDA:36,9,1,0
BRDA:37,10,0,0
BRDA:37,10,1,0
BRDA:38,11,0,0
BRDA:67,12,0,0
BRDA:67,12,1,0
BRDA:70,13,0,0
BRDA:70,13,1,0
BRDA:70,13,2,0
BRDA:71,14,0,0
BRDA:71,14,1,0
BRDA:71,14,2,0
BRDA:106,15,0,0
BRDA:115,16,0,0
BRDA:124,17,0,0
BRDA:133,18,0,0
BRDA:141,19,0,0
BRDA:141,20,0,0
BRDA:141,20,1,0
BRDA:143,21,0,0
BRDA:152,22,0,0
BRDA:160,23,0,0
BRDA:160,24,0,0
BRDA:160,24,1,0
BRDA:162,25,0,0
BRDA:180,26,0,0
BRDA:188,27,0,0
BRF:39
BRH:0
end_of_record
TN:
SF:src\products\dto\add-product-attribute.dto.ts
FNF:0
FNH:0
DA:1,0
DA:3,0
DA:6,0
DA:10,0
LF:4
LH:0
BRF:0
BRH:0
end_of_record
TN:
SF:src\products\dto\add-product-image.dto.ts
FN:11,(anonymous_2)
FNF:1
FNH:0
FNDA:0,(anonymous_2)
DA:1,0
DA:2,0
DA:4,0
DA:7,0
DA:11,0
DA:12,0
DA:16,0
LF:7
LH:0
BRF:0
BRH:0
end_of_record
TN:
SF:src\products\dto\adjust-inventory.dto.ts
FN:6,(anonymous_2)
FNF:1
FNH:0
FNDA:0,(anonymous_2)
DA:1,0
DA:2,0
DA:4,0
DA:6,0
DA:7,0
DA:11,0
LF:6
LH:0
BRF:0
BRH:0
end_of_record
TN:
SF:src\products\dto\create-product.dto.ts
FN:34,(anonymous_2)
FN:39,(anonymous_3)
FN:45,(anonymous_4)
FN:50,(anonymous_5)
FNF:4
FNH:0
FNDA:0,(anonymous_2)
FNDA:0,(anonymous_3)
FNDA:0,(anonymous_4)
FNDA:0,(anonymous_5)
DA:1,0
DA:2,0
DA:4,0
DA:6,0
DA:10,0
DA:14,0
DA:18,0
DA:22,0
DA:26,0
DA:30,0
DA:34,0
DA:35,0
DA:39,0
DA:40,0
DA:45,0
DA:46,0
DA:50,0
DA:51,0
DA:55,0
DA:59,0
DA:63,0
DA:67,0
DA:71,0
DA:75,0
DA:79,0
DA:83,0
LF:26
LH:0
BRF:0
BRH:0
end_of_record
TN:
SF:src\products\dto\update-product.dto.ts
FN:36,(anonymous_2)
FN:42,(anonymous_3)
FN:48,(anonymous_4)
FN:54,(anonymous_5)
FNF:4
FNH:0
FNDA:0,(anonymous_2)
FNDA:0,(anonymous_3)
FNDA:0,(anonymous_4)
FNDA:0,(anonymous_5)
DA:1,0
DA:2,0
DA:4,0
DA:7,0
DA:11,0
DA:15,0
DA:19,0
DA:23,0
DA:27,0
DA:31,0
DA:36,0
DA:37,0
DA:42,0
DA:43,0
DA:48,0
DA:49,0
DA:54,0
DA:55,0
DA:59,0
DA:63,0
DA:67,0
DA:71,0
DA:75,0
DA:79,0
DA:83,0
DA:87,0
LF:26
LH:0
BRF:0
BRH:0
end_of_record
TN:
SF:src\reviews\reviews.controller.ts
FN:12,(anonymous_4)
FN:18,(anonymous_5)
FN:23,(anonymous_6)
FN:28,(anonymous_7)
FN:37,(anonymous_8)
FN:44,(anonymous_9)
FNF:6
FNH:0
FNDA:0,(anonymous_4)
FNDA:0,(anonymous_5)
FNDA:0,(anonymous_6)
FNDA:0,(anonymous_7)
FNDA:0,(anonymous_8)
FNDA:0,(anonymous_9)
DA:1,0
DA:2,0
DA:3,0
DA:4,0
DA:5,0
DA:6,0
DA:7,0
DA:8,0
DA:11,0
DA:12,0
DA:18,0
DA:19,0
DA:23,0
DA:24,0
DA:28,0
DA:29,0
DA:37,0
DA:38,0
DA:44,0
DA:45,0
LF:20
LH:0
BRF:0
BRH:0
end_of_record
TN:
SF:src\reviews\reviews.module.ts
FNF:0
FNH:0
DA:1,0
DA:2,0
DA:3,0
DA:4,0
DA:12,0
LF:5
LH:0
BRF:0
BRH:0
end_of_record
TN:
SF:src\reviews\reviews.service.ts
FN:9,(anonymous_2)
FN:14,(anonymous_3)
FN:33,(anonymous_4)
FN:46,(anonymous_5)
FN:58,(anonymous_6)
FN:70,(anonymous_7)
FNF:6
FNH:0
FNDA:0,(anonymous_2)
FNDA:0,(anonymous_3)
FNDA:0,(anonymous_4)
FNDA:0,(anonymous_5)
FNDA:0,(anonymous_6)
FNDA:0,(anonymous_7)
DA:1,0
DA:2,0
DA:3,0
DA:8,0
DA:10,0
DA:11,0
DA:21,0
DA:34,0
DA:47,0
DA:59,0
DA:60,0
DA:71,0
DA:72,0
DA:74,0
DA:79,0
DA:80,0
LF:16
LH:0
BRDA:59,0,0,0
BRDA:59,0,1,0
BRDA:72,1,0,0
BRF:3
BRH:0
end_of_record
TN:
SF:src\reviews\dto\create-review.dto.ts
FNF:0
FNH:0
DA:1,0
DA:3,0
DA:5,0
DA:10,0
DA:14,0
DA:18,0
LF:6
LH:0
BRF:0
BRH:0
end_of_record
TN:
SF:src\reviews\dto\moderate-review.dto.ts
FN:3,(anonymous_2)
FNF:1
FNH:0
FNDA:0,(anonymous_2)
DA:1,0
DA:3,0
DA:4,0
DA:5,0
DA:8,0
DA:10,0
LF:6
LH:0
BRDA:3,0,0,0
BRDA:3,0,1,0
BRF:2
BRH:0
end_of_record
TN:
SF:src\users\users.controller.ts
FN:13,(anonymous_4)
FN:17,(anonymous_5)
FN:23,(anonymous_6)
FN:29,(anonymous_7)
FN:37,(anonymous_8)
FN:43,(anonymous_9)
FN:49,(anonymous_10)
FN:55,(anonymous_11)
FN:61,(anonymous_12)
FN:70,(anonymous_13)
FN:77,(anonymous_14)
FNF:11
FNH:0
FNDA:0,(anonymous_4)
FNDA:0,(anonymous_5)
FNDA:0,(anonymous_6)
FNDA:0,(anonymous_7)
FNDA:0,(anonymous_8)
FNDA:0,(anonymous_9)
FNDA:0,(anonymous_10)
FNDA:0,(anonymous_11)
FNDA:0,(anonymous_12)
FNDA:0,(anonymous_13)
FNDA:0,(anonymous_14)
DA:1,0
DA:2,0
DA:3,0
DA:4,0
DA:5,0
DA:6,0
DA:7,0
DA:8,0
DA:9,0
DA:12,0
DA:13,0
DA:17,0
DA:18,0
DA:23,0
DA:24,0
DA:29,0
DA:30,0
DA:37,0
DA:38,0
DA:43,0
DA:44,0
DA:49,0
DA:50,0
DA:55,0
DA:56,0
DA:61,0
DA:62,0
DA:70,0
DA:71,0
DA:77,0
DA:78,0
LF:31
LH:0
BRF:0
BRH:0
end_of_record
TN:
SF:src\users\users.module.ts
FNF:0
FNH:0
DA:1,0
DA:2,0
DA:3,0
DA:4,0
DA:12,0
LF:5
LH:0
BRF:0
BRH:0
end_of_record
TN:
SF:src\users\users.service.ts
FN:8,(anonymous_2)
FN:10,(anonymous_3)
FN:22,(anonymous_4)
FN:31,(anonymous_5)
FN:48,(anonymous_6)
FN:64,(anonymous_7)
FN:80,(anonymous_8)
FN:87,(anonymous_9)
FN:107,(anonymous_10)
FN:124,(anonymous_11)
FN:139,(anonymous_12)
FN:158,(anonymous_13)
FN:175,(anonymous_14)
FN:196,(anonymous_15)
FN:197,(anonymous_16)
FNF:15
FNH:0
FNDA:0,(anonymous_2)
FNDA:0,(anonymous_3)
FNDA:0,(anonymous_4)
FNDA:0,(anonymous_5)
FNDA:0,(anonymous_6)
FNDA:0,(anonymous_7)
FNDA:0,(anonymous_8)
FNDA:0,(anonymous_9)
FNDA:0,(anonymous_10)
FNDA:0,(anonymous_11)
FNDA:0,(anonymous_12)
FNDA:0,(anonymous_13)
FNDA:0,(anonymous_14)
FNDA:0,(anonymous_15)
FNDA:0,(anonymous_16)
DA:1,1
DA:2,1
DA:3,1
DA:7,1
DA:8,0
DA:11,0
DA:12,0
DA:23,0
DA:32,0
DA:44,0
DA:45,0
DA:49,0
DA:65,0
DA:66,0
DA:68,0
DA:69,0
DA:71,0
DA:72,0
DA:77,0
DA:81,0
DA:88,0
DA:89,0
DA:91,0
DA:92,0
DA:98,0
DA:108,0
DA:109,0
DA:111,0
DA:112,0
DA:118,0
DA:125,0
DA:126,0
DA:128,0
DA:133,0
DA:140,0
DA:141,0
DA:143,0
DA:145,0
DA:146,0
DA:147,0
DA:148,0
DA:155,0
DA:159,0
DA:176,0
DA:192,0
DA:194,0
DA:195,0
DA:196,0
DA:197,0
DA:198,0
DA:200,0
LF:51
LH:4
BRDA:11,0,0,0
BRDA:26,1,0,0
BRDA:26,1,1,0
BRDA:44,2,0,0
BRDA:66,3,0,0
BRDA:68,4,0,0
BRDA:68,4,1,0
BRDA:69,5,0,0
BRDA:89,6,0,0
BRDA:89,6,1,0
BRDA:91,7,0,0
BRDA:109,8,0,0
BRDA:111,9,0,0
BRDA:126,10,0,0
BRDA:141,11,0,0
BRDA:145,12,0,0
BRDA:147,13,0,0
BRDA:192,14,0,0
BRDA:198,15,0,0
BRDA:198,15,1,0
BRF:20
BRH:0
end_of_record
TN:
SF:src\users\dto\address.dto.ts
FNF:0
FNH:0
DA:1,0
DA:3,0
DA:5,0
DA:8,0
DA:11,0
DA:15,0
DA:18,0
DA:21,0
DA:24,0
DA:27,0
DA:31,0
LF:11
LH:0
BRF:0
BRH:0
end_of_record
TN:
SF:src\users\dto\change-password.dto.ts
FNF:0
FNH:0
DA:1,0
DA:3,0
DA:6,0
DA:10,0
LF:4
LH:0
BRF:0
BRH:0
end_of_record
TN:
SF:src\users\dto\update-profile.dto.ts
FNF:0
FNH:0
DA:1,0
DA:3,0
DA:6,0
DA:10,0
DA:14,0
LF:5
LH:0
BRF:0
BRH:0
end_of_record
TN:
SF:src\wishlist\wishlist.controller.ts
FN:9,(anonymous_4)
FN:12,(anonymous_5)
FN:17,(anonymous_6)
FN:22,(anonymous_7)
FNF:4
FNH:0
FNDA:0,(anonymous_4)
FNDA:0,(anonymous_5)
FNDA:0,(anonymous_6)
FNDA:0,(anonymous_7)
DA:1,0
DA:2,0
DA:3,0
DA:4,0
DA:8,0
DA:9,0
DA:12,0
DA:13,0
DA:17,0
DA:18,0
DA:22,0
DA:26,0
DA:27,0
LF:13
LH:0
BRF:0
BRH:0
end_of_record
TN:
SF:src\wishlist\wishlist.module.ts
FNF:0
FNH:0
DA:1,0
DA:2,0
DA:3,0
DA:10,0
LF:4
LH:0
BRF:0
BRH:0
end_of_record
TN:
SF:src\wishlist\wishlist.service.ts
FN:7,(anonymous_2)
FN:9,(anonymous_3)
FN:17,(anonymous_4)
FN:35,(anonymous_5)
FNF:4
FNH:0
FNDA:0,(anonymous_2)
FNDA:0,(anonymous_3)
FNDA:0,(anonymous_4)
FNDA:0,(anonymous_5)
DA:1,0
DA:3,0
DA:6,0
DA:7,0
DA:10,0
DA:18,0
DA:22,0
DA:23,0
DA:26,0
DA:36,0
DA:40,0
DA:41,0
DA:44,0
LF:13
LH:0
BRDA:22,0,0,0
BRDA:40,1,0,0
BRF:2
BRH:0
end_of_record
